# JRE version: Java(TM) SE Runtime Environment (8.0_11-b12) (build 1.8.0_11-b12)
# Java VM: Java HotSpot(TM) 64-Bit Server VM (25.11-b03 mixed mode windows-amd64 compressed oops)
Heap:
 PSYoungGen      total 181248K, used 179589K [0x00000000f0000000, 0x0000000100000000, 0x0000000100000000)
  eden space 119808K, 98% used [0x00000000f0000000,0x00000000f73c20d8,0x00000000f7500000)
  from space 61440K, 99% used [0x00000000f7500000,0x00000000fb09f5d0,0x00000000fb100000)
  to   space 76288K, 0% used [0x00000000fb580000,0x00000000fb580000,0x0000000100000000)
 ParOldGen       total 123392K, used 112359K [0x00000000d0000000, 0x00000000d7880000, 0x00000000f0000000)
  object space 123392K, 91% used [0x00000000d0000000,0x00000000d6db9c88,0x00000000d7880000)
 Metaspace       used 74404K, capacity 76906K, committed 77056K, reserved 1118208K
  class space    used 7317K, capacity 8096K, committed 8192K, reserved 1048576K
GC Heap History (10 events):
Event: 25.211 GC heap before
{Heap before GC invocations=79 (full 8):
 PSYoungGen      total 180224K, used 46021K [0x00000000f0000000, 0x0000000100000000, 0x0000000100000000)
  eden space 134144K, 0% used [0x00000000f0000000,0x00000000f0000000,0x00000000f8300000)
  from space 46080K, 99% used [0x00000000f8300000,0x00000000faff17c0,0x00000000fb000000)
  to   space 65536K, 0% used [0x00000000fc000000,0x00000000fc000000,0x0000000100000000)
 ParOldGen       total 105984K, used 99738K [0x00000000d0000000, 0x00000000d6780000, 0x00000000f0000000)
  object space 105984K, 94% used [0x00000000d0000000,0x00000000d6166b10,0x00000000d6780000)
 Metaspace       used 67088K, capacity 68566K, committed 68864K, reserved 1112064K
  class space    used 6610K, capacity 7114K, committed 7168K, reserved 1048576K
Event: 25.695 GC heap after
Heap after GC invocations=79 (full 8):
 PSYoungGen      total 180224K, used 39283K [0x00000000f0000000, 0x0000000100000000, 0x0000000100000000)
  eden space 134144K, 0% used [0x00000000f0000000,0x00000000f0000000,0x00000000f8300000)
  from space 46080K, 85% used [0x00000000f8300000,0x00000000fa95cfd0,0x00000000fb000000)
  to   space 65536K, 0% used [0x00000000fc000000,0x00000000fc000000,0x0000000100000000)
 ParOldGen       total 123392K, used 105658K [0x00000000d0000000, 0x00000000d7880000, 0x00000000f0000000)
  object space 123392K, 85% used [0x00000000d0000000,0x00000000d672e8d8,0x00000000d7880000)
 Metaspace       used 67088K, capacity 68566K, committed 68864K, reserved 1112064K
  class space    used 6610K, capacity 7114K, committed 7168K, reserved 1048576K
}
Event: 26.396 GC heap before
{Heap before GC invocations=80 (full 8):
 PSYoungGen      total 180224K, used 173427K [0x00000000f0000000, 0x0000000100000000, 0x0000000100000000)
  eden space 134144K, 100% used [0x00000000f0000000,0x00000000f8300000,0x00000000f8300000)
  from space 46080K, 85% used [0x00000000f8300000,0x00000000fa95cfd0,0x00000000fb000000)
  to   space 65536K, 0% used [0x00000000fc000000,0x00000000fc000000,0x0000000100000000)
 ParOldGen       total 123392K, used 105658K [0x00000000d0000000, 0x00000000d7880000, 0x00000000f0000000)
  object space 123392K, 85% used [0x00000000d0000000,0x00000000d672e8d8,0x00000000d7880000)
 Metaspace       used 68214K, capacity 69698K, committed 70016K, reserved 1112064K
  class space    used 6733K, capacity 7212K, committed 7296K, reserved 1048576K
Event: 26.430 GC heap after
Heap after GC invocations=80 (full 8):
 PSYoungGen      total 196608K, used 42032K [0x00000000f0000000, 0x0000000100000000, 0x0000000100000000)
  eden space 131072K, 0% used [0x00000000f0000000,0x00000000f0000000,0x00000000f8000000)
  from space 65536K, 64% used [0x00000000fc000000,0x00000000fe90c100,0x0000000100000000)
  to   space 65536K, 0% used [0x00000000f8000000,0x00000000f8000000,0x00000000fc000000)
 ParOldGen       total 123392K, used 109888K [0x00000000d0000000, 0x00000000d7880000, 0x00000000f0000000)
  object space 123392K, 89% used [0x00000000d0000000,0x00000000d6b502c8,0x00000000d7880000)
 Metaspace       used 68214K, capacity 69698K, committed 70016K, reserved 1112064K
  class space    used 6733K, capacity 7212K, committed 7296K, reserved 1048576K
}
Event: 27.238 GC heap before
{Heap before GC invocations=81 (full 8):
 PSYoungGen      total 196608K, used 173104K [0x00000000f0000000, 0x0000000100000000, 0x0000000100000000)
  eden space 131072K, 100% used [0x00000000f0000000,0x00000000f8000000,0x00000000f8000000)
  from space 65536K, 64% used [0x00000000fc000000,0x00000000fe90c100,0x0000000100000000)
  to   space 65536K, 0% used [0x00000000f8000000,0x00000000f8000000,0x00000000fc000000)
 ParOldGen       total 123392K, used 109888K [0x00000000d0000000, 0x00000000d7880000, 0x00000000f0000000)
  object space 123392K, 89% used [0x00000000d0000000,0x00000000d6b502c8,0x00000000d7880000)
 Metaspace       used 69739K, capacity 71326K, committed 71680K, reserved 1114112K
  class space    used 6836K, capacity 7315K, committed 7424K, reserved 1048576K
Event: 27.259 GC heap after
Heap after GC invocations=81 (full 8):
 PSYoungGen      total 178688K, used 47509K [0x00000000f0000000, 0x0000000100000000, 0x0000000100000000)
  eden space 131072K, 0% used [0x00000000f0000000,0x00000000f0000000,0x00000000f8000000)
  from space 47616K, 99% used [0x00000000f8000000,0x00000000fae65478,0x00000000fae80000)
  to   space 67072K, 0% used [0x00000000fbe80000,0x00000000fbe80000,0x0000000100000000)
 ParOldGen       total 123392K, used 111283K [0x00000000d0000000, 0x00000000d7880000, 0x00000000f0000000)
  object space 123392K, 90% used [0x00000000d0000000,0x00000000d6cacd50,0x00000000d7880000)
 Metaspace       used 69739K, capacity 71326K, committed 71680K, reserved 1114112K
  class space    used 6836K, capacity 7315K, committed 7424K, reserved 1048576K
}
Event: 27.800 GC heap before
{Heap before GC invocations=82 (full 8):
 PSYoungGen      total 178688K, used 178581K [0x00000000f0000000, 0x0000000100000000, 0x0000000100000000)
  eden space 131072K, 100% used [0x00000000f0000000,0x00000000f8000000,0x00000000f8000000)
  from space 47616K, 99% used [0x00000000f8000000,0x00000000fae65478,0x00000000fae80000)
  to   space 67072K, 0% used [0x00000000fbe80000,0x00000000fbe80000,0x0000000100000000)
 ParOldGen       total 123392K, used 111283K [0x00000000d0000000, 0x00000000d7880000, 0x00000000f0000000)
  object space 123392K, 90% used [0x00000000d0000000,0x00000000d6cacd50,0x00000000d7880000)
 Metaspace       used 71790K, capacity 73508K, committed 73600K, reserved 1116160K
  class space    used 6979K, capacity 7530K, committed 7552K, reserved 1048576K
Event: 27.825 GC heap after
Heap after GC invocations=82 (full 8):
 PSYoungGen      total 186880K, used 54674K [0x00000000f0000000, 0x0000000100000000, 0x0000000100000000)
  eden space 119808K, 0% used [0x00000000f0000000,0x00000000f0000000,0x00000000f7500000)
  from space 67072K, 81% used [0x00000000fbe80000,0x00000000ff3e4ae8,0x0000000100000000)
  to   space 71168K, 0% used [0x00000000f7500000,0x00000000f7500000,0x00000000fba80000)
 ParOldGen       total 123392K, used 111959K [0x00000000d0000000, 0x00000000d7880000, 0x00000000f0000000)
  object space 123392K, 90% used [0x00000000d0000000,0x00000000d6d55c88,0x00000000d7880000)
 Metaspace       used 71790K, capacity 73508K, committed 73600K, reserved 1116160K
  class space    used 6979K, capacity 7530K, committed 7552K, reserved 1048576K
}
Event: 28.651 GC heap before
{Heap before GC invocations=83 (full 8):
 PSYoungGen      total 186880K, used 174482K [0x00000000f0000000, 0x0000000100000000, 0x0000000100000000)
  eden space 119808K, 100% used [0x00000000f0000000,0x00000000f7500000,0x00000000f7500000)
  from space 67072K, 81% used [0x00000000fbe80000,0x00000000ff3e4ae8,0x0000000100000000)
  to   space 71168K, 0% used [0x00000000f7500000,0x00000000f7500000,0x00000000fba80000)
 ParOldGen       total 123392K, used 111959K [0x00000000d0000000, 0x00000000d7880000, 0x00000000f0000000)
  object space 123392K, 90% used [0x00000000d0000000,0x00000000d6d55c88,0x00000000d7880000)
 Metaspace       used 73824K, capacity 76116K, committed 76416K, reserved 1118208K
  class space    used 7239K, capacity 7994K, committed 8064K, reserved 1048576K
Event: 28.673 GC heap after
Heap after GC invocations=83 (full 8):
 PSYoungGen      total 181248K, used 61053K [0x00000000f0000000, 0x0000000100000000, 0x0000000100000000)
  eden space 119808K, 0% used [0x00000000f0000000,0x00000000f0000000,0x00000000f7500000)
  from space 61440K, 99% used [0x00000000f7500000,0x00000000fb09f5d0,0x00000000fb100000)
  to   space 76288K, 0% used [0x00000000fb580000,0x00000000fb580000,0x0000000100000000)
 ParOldGen       total 123392K, used 112359K [0x00000000d0000000, 0x00000000d7880000, 0x00000000f0000000)
  object space 123392K, 91% used [0x00000000d0000000,0x00000000d6db9c88,0x00000000d7880000)
 Metaspace       used 73824K, capacity 76116K, committed 76416K, reserved 1118208K
  class space    used 7239K, capacity 7994K, committed 8064K, reserved 1048576K
}

