# JRE version: Java(TM) SE Runtime Environment (8.0_11-b12) (build 1.8.0_11-b12)
# Java VM: Java HotSpot(TM) 64-Bit Server VM (25.11-b03 mixed mode windows-amd64 compressed oops)
Heap:
 PSYoungGen      total 195584K, used 173327K [0x00000000f0000000, 0x0000000100000000, 0x0000000100000000)
  eden space 134144K, 83% used [0x00000000f0000000,0x00000000f6dafb28,0x00000000f8300000)
  from space 61440K, 99% used [0x00000000f8300000,0x00000000fbe94310,0x00000000fbf00000)
  to   space 66560K, 0% used [0x00000000fbf00000,0x00000000fbf00000,0x0000000100000000)
 ParOldGen       total 129024K, used 111404K [0x00000000d0000000, 0x00000000d7e00000, 0x00000000f0000000)
  object space 129024K, 86% used [0x00000000d0000000,0x00000000d6ccb0b8,0x00000000d7e00000)
 Metaspace       used 74111K, capacity 76644K, committed 76800K, reserved 1118208K
  class space    used 7306K, capacity 8095K, committed 8192K, reserved 1048576K
GC Heap History (10 events):
Event: 15.480 GC heap before
{Heap before GC invocations=85 (full 7):
 PSYoungGen      total 216576K, used 216472K [0x00000000f0000000, 0x0000000100000000, 0x0000000100000000)
  eden space 175104K, 100% used [0x00000000f0000000,0x00000000fab00000,0x00000000fab00000)
  from space 41472K, 99% used [0x00000000fab00000,0x00000000fd366298,0x00000000fd380000)
  to   space 45568K, 0% used [0x00000000fd380000,0x00000000fd380000,0x0000000100000000)
 ParOldGen       total 110592K, used 98862K [0x00000000d0000000, 0x00000000d6c00000, 0x00000000f0000000)
  object space 110592K, 89% used [0x00000000d0000000,0x00000000d608b9b0,0x00000000d6c00000)
 Metaspace       used 67438K, capacity 68886K, committed 69248K, reserved 1112064K
  class space    used 6684K, capacity 7177K, committed 7296K, reserved 1048576K
Event: 15.500 GC heap after
Heap after GC invocations=85 (full 7):
 PSYoungGen      total 201216K, used 45563K [0x00000000f0000000, 0x0000000100000000, 0x0000000100000000)
  eden space 155648K, 0% used [0x00000000f0000000,0x00000000f0000000,0x00000000f9800000)
  from space 45568K, 99% used [0x00000000fd380000,0x00000000ffffef60,0x0000000100000000)
  to   space 53248K, 0% used [0x00000000f9800000,0x00000000f9800000,0x00000000fcc00000)
 ParOldGen       total 110592K, used 102841K [0x00000000d0000000, 0x00000000d6c00000, 0x00000000f0000000)
  object space 110592K, 92% used [0x00000000d0000000,0x00000000d646e7b0,0x00000000d6c00000)
 Metaspace       used 67438K, capacity 68886K, committed 69248K, reserved 1112064K
  class space    used 6684K, capacity 7177K, committed 7296K, reserved 1048576K
}
Event: 16.148 GC heap before
{Heap before GC invocations=86 (full 7):
 PSYoungGen      total 201216K, used 201112K [0x00000000f0000000, 0x0000000100000000, 0x0000000100000000)
  eden space 155648K, 99% used [0x00000000f0000000,0x00000000f97e7438,0x00000000f9800000)
  from space 45568K, 99% used [0x00000000fd380000,0x00000000ffffef60,0x0000000100000000)
  to   space 53248K, 0% used [0x00000000f9800000,0x00000000f9800000,0x00000000fcc00000)
 ParOldGen       total 110592K, used 102841K [0x00000000d0000000, 0x00000000d6c00000, 0x00000000f0000000)
  object space 110592K, 92% used [0x00000000d0000000,0x00000000d646e7b0,0x00000000d6c00000)
 Metaspace       used 69319K, capacity 70896K, committed 71168K, reserved 1114112K
  class space    used 6810K, capacity 7307K, committed 7424K, reserved 1048576K
Event: 16.177 GC heap after
Heap after GC invocations=86 (full 7):
 PSYoungGen      total 208384K, used 52535K [0x00000000f0000000, 0x0000000100000000, 0x0000000100000000)
  eden space 155648K, 0% used [0x00000000f0000000,0x00000000f0000000,0x00000000f9800000)
  from space 52736K, 99% used [0x00000000f9800000,0x00000000fcb4de88,0x00000000fcb80000)
  to   space 53760K, 0% used [0x00000000fcb80000,0x00000000fcb80000,0x0000000100000000)
 ParOldGen       total 110592K, used 104818K [0x00000000d0000000, 0x00000000d6c00000, 0x00000000f0000000)
  object space 110592K, 94% used [0x00000000d0000000,0x00000000d665ca90,0x00000000d6c00000)
 Metaspace       used 69319K, capacity 70896K, committed 71168K, reserved 1114112K
  class space    used 6810K, capacity 7307K, committed 7424K, reserved 1048576K
}
Event: 16.177 GC heap before
{Heap before GC invocations=87 (full 8):
 PSYoungGen      total 208384K, used 52535K [0x00000000f0000000, 0x0000000100000000, 0x0000000100000000)
  eden space 155648K, 0% used [0x00000000f0000000,0x00000000f0000000,0x00000000f9800000)
  from space 52736K, 99% used [0x00000000f9800000,0x00000000fcb4de88,0x00000000fcb80000)
  to   space 53760K, 0% used [0x00000000fcb80000,0x00000000fcb80000,0x0000000100000000)
 ParOldGen       total 110592K, used 104818K [0x00000000d0000000, 0x00000000d6c00000, 0x00000000f0000000)
  object space 110592K, 94% used [0x00000000d0000000,0x00000000d665ca90,0x00000000d6c00000)
 Metaspace       used 69319K, capacity 70896K, committed 71168K, reserved 1114112K
  class space    used 6810K, capacity 7307K, committed 7424K, reserved 1048576K
Event: 16.808 GC heap after
Heap after GC invocations=87 (full 8):
 PSYoungGen      total 208384K, used 45286K [0x00000000f0000000, 0x0000000100000000, 0x0000000100000000)
  eden space 155648K, 0% used [0x00000000f0000000,0x00000000f0000000,0x00000000f9800000)
  from space 52736K, 85% used [0x00000000f9800000,0x00000000fc4399d8,0x00000000fcb80000)
  to   space 53760K, 0% used [0x00000000fcb80000,0x00000000fcb80000,0x0000000100000000)
 ParOldGen       total 129024K, used 110396K [0x00000000d0000000, 0x00000000d7e00000, 0x00000000f0000000)
  object space 129024K, 85% used [0x00000000d0000000,0x00000000d6bcf170,0x00000000d7e00000)
 Metaspace       used 69319K, capacity 70896K, committed 71168K, reserved 1114112K
  class space    used 6810K, capacity 7307K, committed 7424K, reserved 1048576K
}
Event: 17.398 GC heap before
{Heap before GC invocations=88 (full 8):
 PSYoungGen      total 208384K, used 200934K [0x00000000f0000000, 0x0000000100000000, 0x0000000100000000)
  eden space 155648K, 100% used [0x00000000f0000000,0x00000000f9800000,0x00000000f9800000)
  from space 52736K, 85% used [0x00000000f9800000,0x00000000fc4399d8,0x00000000fcb80000)
  to   space 53760K, 0% used [0x00000000fcb80000,0x00000000fcb80000,0x0000000100000000)
 ParOldGen       total 129024K, used 110396K [0x00000000d0000000, 0x00000000d7e00000, 0x00000000f0000000)
  object space 129024K, 85% used [0x00000000d0000000,0x00000000d6bcf170,0x00000000d7e00000)
 Metaspace       used 71288K, capacity 72944K, committed 73088K, reserved 1114112K
  class space    used 6954K, capacity 7491K, committed 7552K, reserved 1048576K
Event: 17.431 GC heap after
Heap after GC invocations=88 (full 8):
 PSYoungGen      total 187904K, used 53735K [0x00000000f0000000, 0x0000000100000000, 0x0000000100000000)
  eden space 134144K, 0% used [0x00000000f0000000,0x00000000f0000000,0x00000000f8300000)
  from space 53760K, 99% used [0x00000000fcb80000,0x00000000ffff9fd0,0x0000000100000000)
  to   space 64000K, 0% used [0x00000000f8300000,0x00000000f8300000,0x00000000fc180000)
 ParOldGen       total 129024K, used 110780K [0x00000000d0000000, 0x00000000d7e00000, 0x00000000f0000000)
  object space 129024K, 85% used [0x00000000d0000000,0x00000000d6c2f170,0x00000000d7e00000)
 Metaspace       used 71288K, capacity 72944K, committed 73088K, reserved 1114112K
  class space    used 6954K, capacity 7491K, committed 7552K, reserved 1048576K
}
Event: 18.056 GC heap before
{Heap before GC invocations=89 (full 8):
 PSYoungGen      total 187904K, used 187879K [0x00000000f0000000, 0x0000000100000000, 0x0000000100000000)
  eden space 134144K, 100% used [0x00000000f0000000,0x00000000f8300000,0x00000000f8300000)
  from space 53760K, 99% used [0x00000000fcb80000,0x00000000ffff9fd0,0x0000000100000000)
  to   space 64000K, 0% used [0x00000000f8300000,0x00000000f8300000,0x00000000fc180000)
 ParOldGen       total 129024K, used 110780K [0x00000000d0000000, 0x00000000d7e00000, 0x00000000f0000000)
  object space 129024K, 85% used [0x00000000d0000000,0x00000000d6c2f170,0x00000000d7e00000)
 Metaspace       used 73554K, capacity 75878K, committed 76160K, reserved 1118208K
  class space    used 7235K, capacity 7998K, committed 8064K, reserved 1048576K
Event: 18.082 GC heap after
Heap after GC invocations=89 (full 8):
 PSYoungGen      total 195584K, used 61008K [0x00000000f0000000, 0x0000000100000000, 0x0000000100000000)
  eden space 134144K, 0% used [0x00000000f0000000,0x00000000f0000000,0x00000000f8300000)
  from space 61440K, 99% used [0x00000000f8300000,0x00000000fbe94310,0x00000000fbf00000)
  to   space 66560K, 0% used [0x00000000fbf00000,0x00000000fbf00000,0x0000000100000000)
 ParOldGen       total 129024K, used 111404K [0x00000000d0000000, 0x00000000d7e00000, 0x00000000f0000000)
  object space 129024K, 86% used [0x00000000d0000000,0x00000000d6ccb0b8,0x00000000d7e00000)
 Metaspace       used 73554K, capacity 75878K, committed 76160K, reserved 1118208K
  class space    used 7235K, capacity 7998K, committed 8064K, reserved 1048576K
}

