# JRE version: Java(TM) SE Runtime Environment (8.0_11-b12) (build 1.8.0_11-b12)
# Java VM: Java HotSpot(TM) 64-Bit Server VM (25.11-b03 mixed mode windows-amd64 compressed oops)
Heap:
 PSYoungGen      total 177152K, used 141711K [0x00000000f0000000, 0x0000000100000000, 0x0000000100000000)
  eden space 113664K, 70% used [0x00000000f0000000,0x00000000f4ec8ce8,0x00000000f6f00000)
  from space 63488K, 96% used [0x00000000fc200000,0x00000000ffd9b2a8,0x0000000100000000)
  to   space 74240K, 0% used [0x00000000f6f00000,0x00000000f6f00000,0x00000000fb780000)
 ParOldGen       total 110080K, used 101387K [0x00000000d0000000, 0x00000000d6b80000, 0x00000000f0000000)
  object space 110080K, 92% used [0x00000000d0000000,0x00000000d6302c50,0x00000000d6b80000)
 Metaspace       used 71883K, capacity 74358K, committed 74624K, reserved 1116160K
  class space    used 7201K, capacity 7985K, committed 8064K, reserved 1048576K
GC Heap History (10 events):
Event: 15.632 GC heap before
{Heap before GC invocations=81 (full 9):
 PSYoungGen      total 205312K, used 205291K [0x00000000f0000000, 0x0000000100000000, 0x0000000100000000)
  eden space 171008K, 100% used [0x00000000f0000000,0x00000000fa700000,0x00000000fa700000)
  from space 34304K, 99% used [0x00000000fa700000,0x00000000fc87ac10,0x00000000fc880000)
  to   space 40960K, 0% used [0x00000000fd800000,0x00000000fd800000,0x0000000100000000)
 ParOldGen       total 110080K, used 92996K [0x00000000d0000000, 0x00000000d6b80000, 0x00000000f0000000)
  object space 110080K, 84% used [0x00000000d0000000,0x00000000d5ad11c0,0x00000000d6b80000)
 Metaspace       used 63811K, capacity 65274K, committed 65536K, reserved 1107968K
  class space    used 6357K, capacity 6860K, committed 6912K, reserved 1048576K
Event: 15.657 GC heap after
Heap after GC invocations=81 (full 9):
 PSYoungGen      total 212992K, used 35200K [0x00000000f0000000, 0x0000000100000000, 0x0000000100000000)
  eden space 172032K, 0% used [0x00000000f0000000,0x00000000f0000000,0x00000000fa800000)
  from space 40960K, 85% used [0x00000000fd800000,0x00000000ffa601a0,0x0000000100000000)
  to   space 45056K, 0% used [0x00000000fa800000,0x00000000fa800000,0x00000000fd400000)
 ParOldGen       total 110080K, used 95624K [0x00000000d0000000, 0x00000000d6b80000, 0x00000000f0000000)
  object space 110080K, 86% used [0x00000000d0000000,0x00000000d5d62000,0x00000000d6b80000)
 Metaspace       used 63811K, capacity 65274K, committed 65536K, reserved 1107968K
  class space    used 6357K, capacity 6860K, committed 6912K, reserved 1048576K
}
Event: 16.357 GC heap before
{Heap before GC invocations=82 (full 9):
 PSYoungGen      total 212992K, used 200830K [0x00000000f0000000, 0x0000000100000000, 0x0000000100000000)
  eden space 172032K, 96% used [0x00000000f0000000,0x00000000fa1bf698,0x00000000fa800000)
  from space 40960K, 85% used [0x00000000fd800000,0x00000000ffa601a0,0x0000000100000000)
  to   space 45056K, 0% used [0x00000000fa800000,0x00000000fa800000,0x00000000fd400000)
 ParOldGen       total 110080K, used 95624K [0x00000000d0000000, 0x00000000d6b80000, 0x00000000f0000000)
  object space 110080K, 86% used [0x00000000d0000000,0x00000000d5d62000,0x00000000d6b80000)
 Metaspace       used 65400K, capacity 66854K, committed 67328K, reserved 1110016K
  class space    used 6588K, capacity 7065K, committed 7168K, reserved 1048576K
Event: 16.377 GC heap after
Heap after GC invocations=82 (full 9):
 PSYoungGen      total 215552K, used 43434K [0x00000000f0000000, 0x0000000100000000, 0x0000000100000000)
  eden space 172032K, 0% used [0x00000000f0000000,0x00000000f0000000,0x00000000fa800000)
  from space 43520K, 99% used [0x00000000fa800000,0x00000000fd26a908,0x00000000fd280000)
  to   space 46592K, 0% used [0x00000000fd280000,0x00000000fd280000,0x0000000100000000)
 ParOldGen       total 110080K, used 95632K [0x00000000d0000000, 0x00000000d6b80000, 0x00000000f0000000)
  object space 110080K, 86% used [0x00000000d0000000,0x00000000d5d64000,0x00000000d6b80000)
 Metaspace       used 65400K, capacity 66854K, committed 67328K, reserved 1110016K
  class space    used 6588K, capacity 7065K, committed 7168K, reserved 1048576K
}
Event: 17.182 GC heap before
{Heap before GC invocations=83 (full 9):
 PSYoungGen      total 215552K, used 215466K [0x00000000f0000000, 0x0000000100000000, 0x0000000100000000)
  eden space 172032K, 100% used [0x00000000f0000000,0x00000000fa800000,0x00000000fa800000)
  from space 43520K, 99% used [0x00000000fa800000,0x00000000fd26a908,0x00000000fd280000)
  to   space 46592K, 0% used [0x00000000fd280000,0x00000000fd280000,0x0000000100000000)
 ParOldGen       total 110080K, used 95632K [0x00000000d0000000, 0x00000000d6b80000, 0x00000000f0000000)
  object space 110080K, 86% used [0x00000000d0000000,0x00000000d5d64000,0x00000000d6b80000)
 Metaspace       used 67216K, capacity 68742K, committed 68992K, reserved 1112064K
  class space    used 6721K, capacity 7197K, committed 7296K, reserved 1048576K
Event: 17.210 GC heap after
Heap after GC invocations=83 (full 9):
 PSYoungGen      total 190976K, used 46582K [0x00000000f0000000, 0x0000000100000000, 0x0000000100000000)
  eden space 144384K, 0% used [0x00000000f0000000,0x00000000f0000000,0x00000000f8d00000)
  from space 46592K, 99% used [0x00000000fd280000,0x00000000ffffd898,0x0000000100000000)
  to   space 58880K, 0% used [0x00000000f8d00000,0x00000000f8d00000,0x00000000fc680000)
 ParOldGen       total 110080K, used 100127K [0x00000000d0000000, 0x00000000d6b80000, 0x00000000f0000000)
  object space 110080K, 90% used [0x00000000d0000000,0x00000000d61c7d18,0x00000000d6b80000)
 Metaspace       used 67216K, capacity 68742K, committed 68992K, reserved 1112064K
  class space    used 6721K, capacity 7197K, committed 7296K, reserved 1048576K
}
Event: 17.966 GC heap before
{Heap before GC invocations=84 (full 9):
 PSYoungGen      total 190976K, used 190966K [0x00000000f0000000, 0x0000000100000000, 0x0000000100000000)
  eden space 144384K, 100% used [0x00000000f0000000,0x00000000f8d00000,0x00000000f8d00000)
  from space 46592K, 99% used [0x00000000fd280000,0x00000000ffffd898,0x0000000100000000)
  to   space 58880K, 0% used [0x00000000f8d00000,0x00000000f8d00000,0x00000000fc680000)
 ParOldGen       total 110080K, used 100127K [0x00000000d0000000, 0x00000000d6b80000, 0x00000000f0000000)
  object space 110080K, 90% used [0x00000000d0000000,0x00000000d61c7d18,0x00000000d6b80000)
 Metaspace       used 69303K, capacity 70966K, committed 71168K, reserved 1114112K
  class space    used 6870K, capacity 7420K, committed 7424K, reserved 1048576K
Event: 17.998 GC heap after
Heap after GC invocations=84 (full 9):
 PSYoungGen      total 198656K, used 53927K [0x00000000f0000000, 0x0000000100000000, 0x0000000100000000)
  eden space 144384K, 0% used [0x00000000f0000000,0x00000000f0000000,0x00000000f8d00000)
  from space 54272K, 99% used [0x00000000f8d00000,0x00000000fc1a9e78,0x00000000fc200000)
  to   space 63488K, 0% used [0x00000000fc200000,0x00000000fc200000,0x0000000100000000)
 ParOldGen       total 110080K, used 101379K [0x00000000d0000000, 0x00000000d6b80000, 0x00000000f0000000)
  object space 110080K, 92% used [0x00000000d0000000,0x00000000d6300c50,0x00000000d6b80000)
 Metaspace       used 69303K, capacity 70966K, committed 71168K, reserved 1114112K
  class space    used 6870K, capacity 7420K, committed 7424K, reserved 1048576K
}
Event: 18.983 GC heap before
{Heap before GC invocations=85 (full 9):
 PSYoungGen      total 198656K, used 198311K [0x00000000f0000000, 0x0000000100000000, 0x0000000100000000)
  eden space 144384K, 100% used [0x00000000f0000000,0x00000000f8d00000,0x00000000f8d00000)
  from space 54272K, 99% used [0x00000000f8d00000,0x00000000fc1a9e78,0x00000000fc200000)
  to   space 63488K, 0% used [0x00000000fc200000,0x00000000fc200000,0x0000000100000000)
 ParOldGen       total 110080K, used 101379K [0x00000000d0000000, 0x00000000d6b80000, 0x00000000f0000000)
  object space 110080K, 92% used [0x00000000d0000000,0x00000000d6300c50,0x00000000d6b80000)
 Metaspace       used 71459K, capacity 73798K, committed 73984K, reserved 1116160K
  class space    used 7143K, capacity 7902K, committed 7936K, reserved 1048576K
Event: 19.014 GC heap after
Heap after GC invocations=85 (full 9):
 PSYoungGen      total 177152K, used 61036K [0x00000000f0000000, 0x0000000100000000, 0x0000000100000000)
  eden space 113664K, 0% used [0x00000000f0000000,0x00000000f0000000,0x00000000f6f00000)
  from space 63488K, 96% used [0x00000000fc200000,0x00000000ffd9b2a8,0x0000000100000000)
  to   space 74240K, 0% used [0x00000000f6f00000,0x00000000f6f00000,0x00000000fb780000)
 ParOldGen       total 110080K, used 101387K [0x00000000d0000000, 0x00000000d6b80000, 0x00000000f0000000)
  object space 110080K, 92% used [0x00000000d0000000,0x00000000d6302c50,0x00000000d6b80000)
 Metaspace       used 71459K, capacity 73798K, committed 73984K, reserved 1116160K
  class space    used 7143K, capacity 7902K, committed 7936K, reserved 1048576K
}

