# JRE version: Java(TM) SE Runtime Environment (8.0_11-b12) (build 1.8.0_11-b12)
# Java VM: Java HotSpot(TM) 64-Bit Server VM (25.11-b03 mixed mode windows-amd64 compressed oops)
Heap:
 PSYoungGen      total 175104K, used 90994K [0x00000000f0000000, 0x0000000100000000, 0x0000000100000000)
  eden space 88064K, 27% used [0x00000000f0000000,0x00000000f179de48,0x00000000f5600000)
  from space 87040K, 76% used [0x00000000f5600000,0x00000000f973eb70,0x00000000fab00000)
  to   space 87040K, 0% used [0x00000000fab00000,0x00000000fab00000,0x0000000100000000)
 ParOldGen       total 125440K, used 109712K [0x00000000d0000000, 0x00000000d7a80000, 0x00000000f0000000)
  object space 125440K, 87% used [0x00000000d0000000,0x00000000d6b24390,0x00000000d7a80000)
 Metaspace       used 74820K, capacity 77368K, committed 77696K, reserved 1118208K
  class space    used 7408K, capacity 8202K, committed 8320K, reserved 1048576K
GC Heap History (10 events):
Event: 20.923 GC heap before
{Heap before GC invocations=81 (full 7):
 PSYoungGen      total 197120K, used 196944K [0x00000000f0000000, 0x0000000100000000, 0x0000000100000000)
  eden space 141312K, 100% used [0x00000000f0000000,0x00000000f8a00000,0x00000000f8a00000)
  from space 55808K, 99% used [0x00000000f8a00000,0x00000000fc054308,0x00000000fc080000)
  to   space 65024K, 0% used [0x00000000fc080000,0x00000000fc080000,0x0000000100000000)
 ParOldGen       total 108544K, used 101720K [0x00000000d0000000, 0x00000000d6a00000, 0x00000000f0000000)
  object space 108544K, 93% used [0x00000000d0000000,0x00000000d63560e8,0x00000000d6a00000)
 Metaspace       used 71533K, capacity 73212K, committed 73344K, reserved 1116160K
  class space    used 6964K, capacity 7493K, committed 7552K, reserved 1048576K
Event: 20.954 GC heap after
Heap after GC invocations=81 (full 7):
 PSYoungGen      total 176640K, used 62931K [0x00000000f0000000, 0x0000000100000000, 0x0000000100000000)
  eden space 111616K, 0% used [0x00000000f0000000,0x00000000f0000000,0x00000000f6d00000)
  from space 65024K, 96% used [0x00000000fc080000,0x00000000ffdf4ce0,0x0000000100000000)
  to   space 75264K, 0% used [0x00000000f6d00000,0x00000000f6d00000,0x00000000fb680000)
 ParOldGen       total 108544K, used 102557K [0x00000000d0000000, 0x00000000d6a00000, 0x00000000f0000000)
  object space 108544K, 94% used [0x00000000d0000000,0x00000000d6427710,0x00000000d6a00000)
 Metaspace       used 71533K, capacity 73212K, committed 73344K, reserved 1116160K
  class space    used 6964K, capacity 7493K, committed 7552K, reserved 1048576K
}
Event: 20.954 GC heap before
{Heap before GC invocations=82 (full 8):
 PSYoungGen      total 176640K, used 62931K [0x00000000f0000000, 0x0000000100000000, 0x0000000100000000)
  eden space 111616K, 0% used [0x00000000f0000000,0x00000000f0000000,0x00000000f6d00000)
  from space 65024K, 96% used [0x00000000fc080000,0x00000000ffdf4ce0,0x0000000100000000)
  to   space 75264K, 0% used [0x00000000f6d00000,0x00000000f6d00000,0x00000000fb680000)
 ParOldGen       total 108544K, used 102557K [0x00000000d0000000, 0x00000000d6a00000, 0x00000000f0000000)
  object space 108544K, 94% used [0x00000000d0000000,0x00000000d6427710,0x00000000d6a00000)
 Metaspace       used 71533K, capacity 73212K, committed 73344K, reserved 1116160K
  class space    used 6964K, capacity 7493K, committed 7552K, reserved 1048576K
Event: 21.897 GC heap after
Heap after GC invocations=82 (full 8):
 PSYoungGen      total 176640K, used 55866K [0x00000000f0000000, 0x0000000100000000, 0x0000000100000000)
  eden space 111616K, 0% used [0x00000000f0000000,0x00000000f0000000,0x00000000f6d00000)
  from space 65024K, 85% used [0x00000000fc080000,0x00000000ff70e840,0x0000000100000000)
  to   space 75264K, 0% used [0x00000000f6d00000,0x00000000f6d00000,0x00000000fb680000)
 ParOldGen       total 125440K, used 108065K [0x00000000d0000000, 0x00000000d7a80000, 0x00000000f0000000)
  object space 125440K, 86% used [0x00000000d0000000,0x00000000d6988628,0x00000000d7a80000)
 Metaspace       used 71533K, capacity 73212K, committed 73344K, reserved 1116160K
  class space    used 6964K, capacity 7493K, committed 7552K, reserved 1048576K
}
Event: 22.581 GC heap before
{Heap before GC invocations=83 (full 8):
 PSYoungGen      total 176640K, used 167482K [0x00000000f0000000, 0x0000000100000000, 0x0000000100000000)
  eden space 111616K, 100% used [0x00000000f0000000,0x00000000f6d00000,0x00000000f6d00000)
  from space 65024K, 85% used [0x00000000fc080000,0x00000000ff70e840,0x0000000100000000)
  to   space 75264K, 0% used [0x00000000f6d00000,0x00000000f6d00000,0x00000000fb680000)
 ParOldGen       total 125440K, used 108065K [0x00000000d0000000, 0x00000000d7a80000, 0x00000000f0000000)
  object space 125440K, 86% used [0x00000000d0000000,0x00000000d6988628,0x00000000d7a80000)
 Metaspace       used 73407K, capacity 75624K, committed 75776K, reserved 1118208K
  class space    used 7205K, capacity 7901K, committed 7936K, reserved 1048576K
Event: 22.613 GC heap after
Heap after GC invocations=83 (full 8):
 PSYoungGen      total 175104K, used 63205K [0x00000000f0000000, 0x0000000100000000, 0x0000000100000000)
  eden space 111616K, 0% used [0x00000000f0000000,0x00000000f0000000,0x00000000f6d00000)
  from space 63488K, 99% used [0x00000000f6d00000,0x00000000faab9668,0x00000000fab00000)
  to   space 81408K, 0% used [0x00000000fb080000,0x00000000fb080000,0x0000000100000000)
 ParOldGen       total 125440K, used 108265K [0x00000000d0000000, 0x00000000d7a80000, 0x00000000f0000000)
  object space 125440K, 86% used [0x00000000d0000000,0x00000000d69ba628,0x00000000d7a80000)
 Metaspace       used 73407K, capacity 75624K, committed 75776K, reserved 1118208K
  class space    used 7205K, capacity 7901K, committed 7936K, reserved 1048576K
}
Event: 23.718 GC heap before
{Heap before GC invocations=84 (full 8):
 PSYoungGen      total 175104K, used 169798K [0x00000000f0000000, 0x0000000100000000, 0x0000000100000000)
  eden space 111616K, 95% used [0x00000000f0000000,0x00000000f68184d8,0x00000000f6d00000)
  from space 63488K, 99% used [0x00000000f6d00000,0x00000000faab9668,0x00000000fab00000)
  to   space 81408K, 0% used [0x00000000fb080000,0x00000000fb080000,0x0000000100000000)
 ParOldGen       total 125440K, used 108265K [0x00000000d0000000, 0x00000000d7a80000, 0x00000000f0000000)
  object space 125440K, 86% used [0x00000000d0000000,0x00000000d69ba628,0x00000000d7a80000)
 Metaspace       used 74182K, capacity 76714K, committed 77056K, reserved 1118208K
  class space    used 7290K, capacity 8074K, committed 8192K, reserved 1048576K
Event: 23.742 GC heap after
Heap after GC invocations=84 (full 8):
 PSYoungGen      total 169472K, used 65209K [0x00000000f0000000, 0x0000000100000000, 0x0000000100000000)
  eden space 88064K, 0% used [0x00000000f0000000,0x00000000f0000000,0x00000000f5600000)
  from space 81408K, 80% used [0x00000000fb080000,0x00000000ff02e578,0x0000000100000000)
  to   space 87040K, 0% used [0x00000000f5600000,0x00000000f5600000,0x00000000fab00000)
 ParOldGen       total 125440K, used 108465K [0x00000000d0000000, 0x00000000d7a80000, 0x00000000f0000000)
  object space 125440K, 86% used [0x00000000d0000000,0x00000000d69ec628,0x00000000d7a80000)
 Metaspace       used 74182K, capacity 76714K, committed 77056K, reserved 1118208K
  class space    used 7290K, capacity 8074K, committed 8192K, reserved 1048576K
}
Event: 24.125 GC heap before
{Heap before GC invocations=85 (full 8):
 PSYoungGen      total 169472K, used 153273K [0x00000000f0000000, 0x0000000100000000, 0x0000000100000000)
  eden space 88064K, 100% used [0x00000000f0000000,0x00000000f5600000,0x00000000f5600000)
  from space 81408K, 80% used [0x00000000fb080000,0x00000000ff02e578,0x0000000100000000)
  to   space 87040K, 0% used [0x00000000f5600000,0x00000000f5600000,0x00000000fab00000)
 ParOldGen       total 125440K, used 108465K [0x00000000d0000000, 0x00000000d7a80000, 0x00000000f0000000)
  object space 125440K, 86% used [0x00000000d0000000,0x00000000d69ec628,0x00000000d7a80000)
 Metaspace       used 74716K, capacity 77220K, committed 77312K, reserved 1118208K
  class space    used 7388K, capacity 8155K, committed 8192K, reserved 1048576K
Event: 24.157 GC heap after
Heap after GC invocations=85 (full 8):
 PSYoungGen      total 175104K, used 66810K [0x00000000f0000000, 0x0000000100000000, 0x0000000100000000)
  eden space 88064K, 0% used [0x00000000f0000000,0x00000000f0000000,0x00000000f5600000)
  from space 87040K, 76% used [0x00000000f5600000,0x00000000f973eb70,0x00000000fab00000)
  to   space 87040K, 0% used [0x00000000fab00000,0x00000000fab00000,0x0000000100000000)
 ParOldGen       total 125440K, used 109712K [0x00000000d0000000, 0x00000000d7a80000, 0x00000000f0000000)
  object space 125440K, 87% used [0x00000000d0000000,0x00000000d6b24390,0x00000000d7a80000)
 Metaspace       used 74716K, capacity 77220K, committed 77312K, reserved 1118208K
  class space    used 7388K, capacity 8155K, committed 8192K, reserved 1048576K
}

