# JRE version: Java(TM) SE Runtime Environment (8.0_11-b12) (build 1.8.0_11-b12)
# Java VM: Java HotSpot(TM) 64-Bit Server VM (25.11-b03 mixed mode windows-amd64 compressed oops)
Heap:
 PSYoungGen      total 185856K, used 167474K [0x00000000f0000000, 0x0000000100000000, 0x0000000100000000)
  eden space 123904K, 85% used [0x00000000f0000000,0x00000000f6755840,0x00000000f7900000)
  from space 61952K, 99% used [0x00000000f7900000,0x00000000fb537098,0x00000000fb580000)
  to   space 76288K, 0% used [0x00000000fb580000,0x00000000fb580000,0x0000000100000000)
 ParOldGen       total 113664K, used 103519K [0x00000000d0000000, 0x00000000d6f00000, 0x00000000f0000000)
  object space 113664K, 91% used [0x00000000d0000000,0x00000000d6517fb0,0x00000000d6f00000)
 Metaspace       used 73257K, capacity 75454K, committed 75520K, reserved 1116160K
  class space    used 7183K, capacity 7903K, committed 7936K, reserved 1048576K
GC Heap History (10 events):
Event: 15.189 GC heap before
{Heap before GC invocations=65 (full 6):
 PSYoungGen      total 207872K, used 198733K [0x00000000f0000000, 0x0000000100000000, 0x0000000100000000)
  eden space 160768K, 100% used [0x00000000f0000000,0x00000000f9d00000,0x00000000f9d00000)
  from space 47104K, 80% used [0x00000000fcf00000,0x00000000ff413668,0x00000000ffd00000)
  to   space 50688K, 0% used [0x00000000f9d00000,0x00000000f9d00000,0x00000000fce80000)
 ParOldGen       total 113664K, used 96118K [0x00000000d0000000, 0x00000000d6f00000, 0x00000000f0000000)
  object space 113664K, 84% used [0x00000000d0000000,0x00000000d5dddbe0,0x00000000d6f00000)
 Metaspace       used 65512K, capacity 66922K, committed 67072K, reserved 1110016K
  class space    used 6425K, capacity 6908K, committed 6912K, reserved 1048576K
Event: 15.211 GC heap after
Heap after GC invocations=65 (full 6):
 PSYoungGen      total 200192K, used 38991K [0x00000000f0000000, 0x0000000100000000, 0x0000000100000000)
  eden space 160768K, 0% used [0x00000000f0000000,0x00000000f0000000,0x00000000f9d00000)
  from space 39424K, 98% used [0x00000000f9d00000,0x00000000fc313ce0,0x00000000fc380000)
  to   space 53760K, 0% used [0x00000000fcb80000,0x00000000fcb80000,0x0000000100000000)
 ParOldGen       total 113664K, used 98686K [0x00000000d0000000, 0x00000000d6f00000, 0x00000000f0000000)
  object space 113664K, 86% used [0x00000000d0000000,0x00000000d605fbe0,0x00000000d6f00000)
 Metaspace       used 65512K, capacity 66922K, committed 67072K, reserved 1110016K
  class space    used 6425K, capacity 6908K, committed 6912K, reserved 1048576K
}
Event: 15.926 GC heap before
{Heap before GC invocations=66 (full 6):
 PSYoungGen      total 200192K, used 198635K [0x00000000f0000000, 0x0000000100000000, 0x0000000100000000)
  eden space 160768K, 99% used [0x00000000f0000000,0x00000000f9be70b0,0x00000000f9d00000)
  from space 39424K, 98% used [0x00000000f9d00000,0x00000000fc313ce0,0x00000000fc380000)
  to   space 53760K, 0% used [0x00000000fcb80000,0x00000000fcb80000,0x0000000100000000)
 ParOldGen       total 113664K, used 98686K [0x00000000d0000000, 0x00000000d6f00000, 0x00000000f0000000)
  object space 113664K, 86% used [0x00000000d0000000,0x00000000d605fbe0,0x00000000d6f00000)
 Metaspace       used 66397K, capacity 67908K, committed 68224K, reserved 1110016K
  class space    used 6506K, capacity 6982K, committed 7040K, reserved 1048576K
Event: 15.943 GC heap after
Heap after GC invocations=66 (full 6):
 PSYoungGen      total 201216K, used 42051K [0x00000000f0000000, 0x0000000100000000, 0x0000000100000000)
  eden space 147456K, 0% used [0x00000000f0000000,0x00000000f0000000,0x00000000f9000000)
  from space 53760K, 78% used [0x00000000fcb80000,0x00000000ff490fb8,0x0000000100000000)
  to   space 57344K, 0% used [0x00000000f9000000,0x00000000f9000000,0x00000000fc800000)
 ParOldGen       total 113664K, used 101522K [0x00000000d0000000, 0x00000000d6f00000, 0x00000000f0000000)
  object space 113664K, 89% used [0x00000000d0000000,0x00000000d63248c8,0x00000000d6f00000)
 Metaspace       used 66397K, capacity 67908K, committed 68224K, reserved 1110016K
  class space    used 6506K, capacity 6982K, committed 7040K, reserved 1048576K
}
Event: 16.449 GC heap before
{Heap before GC invocations=67 (full 6):
 PSYoungGen      total 201216K, used 189507K [0x00000000f0000000, 0x0000000100000000, 0x0000000100000000)
  eden space 147456K, 100% used [0x00000000f0000000,0x00000000f9000000,0x00000000f9000000)
  from space 53760K, 78% used [0x00000000fcb80000,0x00000000ff490fb8,0x0000000100000000)
  to   space 57344K, 0% used [0x00000000f9000000,0x00000000f9000000,0x00000000fc800000)
 ParOldGen       total 113664K, used 101522K [0x00000000d0000000, 0x00000000d6f00000, 0x00000000f0000000)
  object space 113664K, 89% used [0x00000000d0000000,0x00000000d63248c8,0x00000000d6f00000)
 Metaspace       used 67921K, capacity 69398K, committed 69760K, reserved 1112064K
  class space    used 6711K, capacity 7177K, committed 7296K, reserved 1048576K
Event: 16.468 GC heap after
Heap after GC invocations=67 (full 6):
 PSYoungGen      total 196608K, used 48892K [0x00000000f0000000, 0x0000000100000000, 0x0000000100000000)
  eden space 147456K, 0% used [0x00000000f0000000,0x00000000f0000000,0x00000000f9000000)
  from space 49152K, 99% used [0x00000000f9000000,0x00000000fbfbf1b8,0x00000000fc000000)
  to   space 62464K, 0% used [0x00000000fc300000,0x00000000fc300000,0x0000000100000000)
 ParOldGen       total 113664K, used 102537K [0x00000000d0000000, 0x00000000d6f00000, 0x00000000f0000000)
  object space 113664K, 90% used [0x00000000d0000000,0x00000000d6422740,0x00000000d6f00000)
 Metaspace       used 67921K, capacity 69398K, committed 69760K, reserved 1112064K
  class space    used 6711K, capacity 7177K, committed 7296K, reserved 1048576K
}
Event: 17.268 GC heap before
{Heap before GC invocations=68 (full 6):
 PSYoungGen      total 196608K, used 196348K [0x00000000f0000000, 0x0000000100000000, 0x0000000100000000)
  eden space 147456K, 100% used [0x00000000f0000000,0x00000000f9000000,0x00000000f9000000)
  from space 49152K, 99% used [0x00000000f9000000,0x00000000fbfbf1b8,0x00000000fc000000)
  to   space 62464K, 0% used [0x00000000fc300000,0x00000000fc300000,0x0000000100000000)
 ParOldGen       total 113664K, used 102537K [0x00000000d0000000, 0x00000000d6f00000, 0x00000000f0000000)
  object space 113664K, 90% used [0x00000000d0000000,0x00000000d6422740,0x00000000d6f00000)
 Metaspace       used 69649K, capacity 71256K, committed 71424K, reserved 1114112K
  class space    used 6832K, capacity 7314K, committed 7424K, reserved 1048576K
Event: 17.290 GC heap after
Heap after GC invocations=68 (full 6):
 PSYoungGen      total 186368K, used 55835K [0x00000000f0000000, 0x0000000100000000, 0x0000000100000000)
  eden space 123904K, 0% used [0x00000000f0000000,0x00000000f0000000,0x00000000f7900000)
  from space 62464K, 89% used [0x00000000fc300000,0x00000000ff986c30,0x0000000100000000)
  to   space 69120K, 0% used [0x00000000f7900000,0x00000000f7900000,0x00000000fbc80000)
 ParOldGen       total 113664K, used 103292K [0x00000000d0000000, 0x00000000d6f00000, 0x00000000f0000000)
  object space 113664K, 90% used [0x00000000d0000000,0x00000000d64df078,0x00000000d6f00000)
 Metaspace       used 69649K, capacity 71256K, committed 71424K, reserved 1114112K
  class space    used 6832K, capacity 7314K, committed 7424K, reserved 1048576K
}
Event: 17.667 GC heap before
{Heap before GC invocations=69 (full 6):
 PSYoungGen      total 186368K, used 179739K [0x00000000f0000000, 0x0000000100000000, 0x0000000100000000)
  eden space 123904K, 100% used [0x00000000f0000000,0x00000000f7900000,0x00000000f7900000)
  from space 62464K, 89% used [0x00000000fc300000,0x00000000ff986c30,0x0000000100000000)
  to   space 69120K, 0% used [0x00000000f7900000,0x00000000f7900000,0x00000000fbc80000)
 ParOldGen       total 113664K, used 103292K [0x00000000d0000000, 0x00000000d6f00000, 0x00000000f0000000)
  object space 113664K, 90% used [0x00000000d0000000,0x00000000d64df078,0x00000000d6f00000)
 Metaspace       used 71098K, capacity 72764K, committed 72832K, reserved 1114112K
  class space    used 6956K, capacity 7497K, committed 7552K, reserved 1048576K
Event: 17.703 GC heap after
Heap after GC invocations=69 (full 6):
 PSYoungGen      total 185856K, used 61660K [0x00000000f0000000, 0x0000000100000000, 0x0000000100000000)
  eden space 123904K, 0% used [0x00000000f0000000,0x00000000f0000000,0x00000000f7900000)
  from space 61952K, 99% used [0x00000000f7900000,0x00000000fb537098,0x00000000fb580000)
  to   space 76288K, 0% used [0x00000000fb580000,0x00000000fb580000,0x0000000100000000)
 ParOldGen       total 113664K, used 103519K [0x00000000d0000000, 0x00000000d6f00000, 0x00000000f0000000)
  object space 113664K, 91% used [0x00000000d0000000,0x00000000d6517fb0,0x00000000d6f00000)
 Metaspace       used 71098K, capacity 72764K, committed 72832K, reserved 1114112K
  class space    used 6956K, capacity 7497K, committed 7552K, reserved 1048576K
}

