# JRE version: Java(TM) SE Runtime Environment (8.0_11-b12) (build 1.8.0_11-b12)
# Java VM: Java HotSpot(TM) 64-Bit Server VM (25.11-b03 mixed mode windows-amd64 compressed oops)
Heap:
 PSYoungGen      total 199168K, used 187782K [0x00000000f0000000, 0x0000000100000000, 0x0000000100000000)
  eden space 142336K, 98% used [0x00000000f0000000,0x00000000f89558d0,0x00000000f8b00000)
  from space 56832K, 82% used [0x00000000fc880000,0x00000000ff68c028,0x0000000100000000)
  to   space 59904K, 0% used [0x00000000f8b00000,0x00000000f8b00000,0x00000000fc580000)
 ParOldGen       total 123904K, used 107461K [0x00000000d0000000, 0x00000000d7900000, 0x00000000f0000000)
  object space 123904K, 86% used [0x00000000d0000000,0x00000000d68f1778,0x00000000d7900000)
 Metaspace       used 69888K, capacity 71530K, committed 71680K, reserved 1114112K
  class space    used 6867K, capacity 7408K, committed 7424K, reserved 1048576K
GC Heap History (10 events):
Event: 13.273 GC heap before
{Heap before GC invocations=81 (full 6):
 PSYoungGen      total 215552K, used 203835K [0x00000000f0000000, 0x0000000100000000, 0x0000000100000000)
  eden space 174080K, 95% used [0x00000000f0000000,0x00000000fa2e5540,0x00000000faa00000)
  from space 41472K, 89% used [0x00000000fd780000,0x00000000ffba9850,0x0000000100000000)
  to   space 44032K, 0% used [0x00000000faa00000,0x00000000faa00000,0x00000000fd500000)
 ParOldGen       total 104448K, used 88573K [0x00000000d0000000, 0x00000000d6600000, 0x00000000f0000000)
  object space 104448K, 84% used [0x00000000d0000000,0x00000000d567f458,0x00000000d6600000)
 Metaspace       used 64865K, capacity 66410K, committed 66816K, reserved 1110016K
  class space    used 6339K, capacity 6844K, committed 6912K, reserved 1048576K
Event: 13.294 GC heap after
Heap after GC invocations=81 (full 6):
 PSYoungGen      total 218112K, used 44014K [0x00000000f0000000, 0x0000000100000000, 0x0000000100000000)
  eden space 174080K, 0% used [0x00000000f0000000,0x00000000f0000000,0x00000000faa00000)
  from space 44032K, 99% used [0x00000000faa00000,0x00000000fd4fb820,0x00000000fd500000)
  to   space 44032K, 0% used [0x00000000fd500000,0x00000000fd500000,0x0000000100000000)
 ParOldGen       total 104448K, used 92982K [0x00000000d0000000, 0x00000000d6600000, 0x00000000f0000000)
  object space 104448K, 89% used [0x00000000d0000000,0x00000000d5acdb18,0x00000000d6600000)
 Metaspace       used 64865K, capacity 66410K, committed 66816K, reserved 1110016K
  class space    used 6339K, capacity 6844K, committed 6912K, reserved 1048576K
}
Event: 13.682 GC heap before
{Heap before GC invocations=82 (full 6):
 PSYoungGen      total 218112K, used 218094K [0x00000000f0000000, 0x0000000100000000, 0x0000000100000000)
  eden space 174080K, 100% used [0x00000000f0000000,0x00000000faa00000,0x00000000faa00000)
  from space 44032K, 99% used [0x00000000faa00000,0x00000000fd4fb820,0x00000000fd500000)
  to   space 44032K, 0% used [0x00000000fd500000,0x00000000fd500000,0x0000000100000000)
 ParOldGen       total 104448K, used 92982K [0x00000000d0000000, 0x00000000d6600000, 0x00000000f0000000)
  object space 104448K, 89% used [0x00000000d0000000,0x00000000d5acdb18,0x00000000d6600000)
 Metaspace       used 65793K, capacity 67274K, committed 67712K, reserved 1110016K
  class space    used 6444K, capacity 6940K, committed 7040K, reserved 1048576K
Event: 13.701 GC heap after
Heap after GC invocations=82 (full 6):
 PSYoungGen      total 198656K, used 42394K [0x00000000f0000000, 0x0000000100000000, 0x0000000100000000)
  eden space 154624K, 0% used [0x00000000f0000000,0x00000000f0000000,0x00000000f9700000)
  from space 44032K, 96% used [0x00000000fd500000,0x00000000ffe66970,0x0000000100000000)
  to   space 53760K, 0% used [0x00000000f9700000,0x00000000f9700000,0x00000000fcb80000)
 ParOldGen       total 104448K, used 97340K [0x00000000d0000000, 0x00000000d6600000, 0x00000000f0000000)
  object space 104448K, 93% used [0x00000000d0000000,0x00000000d5f0f370,0x00000000d6600000)
 Metaspace       used 65793K, capacity 67274K, committed 67712K, reserved 1110016K
  class space    used 6444K, capacity 6940K, committed 7040K, reserved 1048576K
}
Event: 13.701 GC heap before
{Heap before GC invocations=83 (full 7):
 PSYoungGen      total 198656K, used 42394K [0x00000000f0000000, 0x0000000100000000, 0x0000000100000000)
  eden space 154624K, 0% used [0x00000000f0000000,0x00000000f0000000,0x00000000f9700000)
  from space 44032K, 96% used [0x00000000fd500000,0x00000000ffe66970,0x0000000100000000)
  to   space 53760K, 0% used [0x00000000f9700000,0x00000000f9700000,0x00000000fcb80000)
 ParOldGen       total 104448K, used 97340K [0x00000000d0000000, 0x00000000d6600000, 0x00000000f0000000)
  object space 104448K, 93% used [0x00000000d0000000,0x00000000d5f0f370,0x00000000d6600000)
 Metaspace       used 65793K, capacity 67274K, committed 67712K, reserved 1110016K
  class space    used 6444K, capacity 6940K, committed 7040K, reserved 1048576K
Event: 14.470 GC heap after
Heap after GC invocations=83 (full 7):
 PSYoungGen      total 198656K, used 34224K [0x00000000f0000000, 0x0000000100000000, 0x0000000100000000)
  eden space 154624K, 0% used [0x00000000f0000000,0x00000000f0000000,0x00000000f9700000)
  from space 44032K, 77% used [0x00000000fd500000,0x00000000ff66c2c8,0x0000000100000000)
  to   space 53760K, 0% used [0x00000000f9700000,0x00000000f9700000,0x00000000fcb80000)
 ParOldGen       total 123904K, used 104333K [0x00000000d0000000, 0x00000000d7900000, 0x00000000f0000000)
  object space 123904K, 84% used [0x00000000d0000000,0x00000000d65e3678,0x00000000d7900000)
 Metaspace       used 65793K, capacity 67274K, committed 67712K, reserved 1110016K
  class space    used 6444K, capacity 6940K, committed 7040K, reserved 1048576K
}
Event: 14.999 GC heap before
{Heap before GC invocations=84 (full 7):
 PSYoungGen      total 198656K, used 188848K [0x00000000f0000000, 0x0000000100000000, 0x0000000100000000)
  eden space 154624K, 100% used [0x00000000f0000000,0x00000000f9700000,0x00000000f9700000)
  from space 44032K, 77% used [0x00000000fd500000,0x00000000ff66c2c8,0x0000000100000000)
  to   space 53760K, 0% used [0x00000000f9700000,0x00000000f9700000,0x00000000fcb80000)
 ParOldGen       total 123904K, used 104333K [0x00000000d0000000, 0x00000000d7900000, 0x00000000f0000000)
  object space 123904K, 84% used [0x00000000d0000000,0x00000000d65e3678,0x00000000d7900000)
 Metaspace       used 67511K, capacity 68970K, committed 69120K, reserved 1112064K
  class space    used 6684K, capacity 7143K, committed 7168K, reserved 1048576K
Event: 15.026 GC heap after
Heap after GC invocations=84 (full 7):
 PSYoungGen      total 198144K, used 43276K [0x00000000f0000000, 0x0000000100000000, 0x0000000100000000)
  eden space 154624K, 0% used [0x00000000f0000000,0x00000000f0000000,0x00000000f9700000)
  from space 43520K, 99% used [0x00000000f9700000,0x00000000fc143068,0x00000000fc180000)
  to   space 56832K, 0% used [0x00000000fc880000,0x00000000fc880000,0x0000000100000000)
 ParOldGen       total 123904K, used 104341K [0x00000000d0000000, 0x00000000d7900000, 0x00000000f0000000)
  object space 123904K, 84% used [0x00000000d0000000,0x00000000d65e5678,0x00000000d7900000)
 Metaspace       used 67511K, capacity 68970K, committed 69120K, reserved 1112064K
  class space    used 6684K, capacity 7143K, committed 7168K, reserved 1048576K
}
Event: 15.518 GC heap before
{Heap before GC invocations=85 (full 7):
 PSYoungGen      total 198144K, used 197900K [0x00000000f0000000, 0x0000000100000000, 0x0000000100000000)
  eden space 154624K, 100% used [0x00000000f0000000,0x00000000f9700000,0x00000000f9700000)
  from space 43520K, 99% used [0x00000000f9700000,0x00000000fc143068,0x00000000fc180000)
  to   space 56832K, 0% used [0x00000000fc880000,0x00000000fc880000,0x0000000100000000)
 ParOldGen       total 123904K, used 104341K [0x00000000d0000000, 0x00000000d7900000, 0x00000000f0000000)
  object space 123904K, 84% used [0x00000000d0000000,0x00000000d65e5678,0x00000000d7900000)
 Metaspace       used 68730K, capacity 70230K, committed 70528K, reserved 1112064K
  class space    used 6772K, capacity 7241K, committed 7296K, reserved 1048576K
Event: 15.537 GC heap after
Heap after GC invocations=85 (full 7):
 PSYoungGen      total 199168K, used 47152K [0x00000000f0000000, 0x0000000100000000, 0x0000000100000000)
  eden space 142336K, 0% used [0x00000000f0000000,0x00000000f0000000,0x00000000f8b00000)
  from space 56832K, 82% used [0x00000000fc880000,0x00000000ff68c028,0x0000000100000000)
  to   space 59904K, 0% used [0x00000000f8b00000,0x00000000f8b00000,0x00000000fc580000)
 ParOldGen       total 123904K, used 107461K [0x00000000d0000000, 0x00000000d7900000, 0x00000000f0000000)
  object space 123904K, 86% used [0x00000000d0000000,0x00000000d68f1778,0x00000000d7900000)
 Metaspace       used 68730K, capacity 70230K, committed 70528K, reserved 1112064K
  class space    used 6772K, capacity 7241K, committed 7296K, reserved 1048576K
}

