# JRE version: Java(TM) SE Runtime Environment (8.0_11-b12) (build 1.8.0_11-b12)
# Java VM: Java HotSpot(TM) 64-Bit Server VM (25.11-b03 mixed mode windows-amd64 compressed oops)
Heap:
 PSYoungGen      total 181760K, used 73912K [0x00000000f0000000, 0x0000000100000000, 0x0000000100000000)
  eden space 112640K, 12% used [0x00000000f0000000,0x00000000f0d89058,0x00000000f6e00000)
  from space 69120K, 86% used [0x00000000fbc80000,0x00000000ff725130,0x0000000100000000)
  to   space 74752K, 0% used [0x00000000f6e00000,0x00000000f6e00000,0x00000000fb700000)
 ParOldGen       total 133632K, used 114986K [0x00000000d0000000, 0x00000000d8280000, 0x00000000f0000000)
  object space 133632K, 86% used [0x00000000d0000000,0x00000000d704aa38,0x00000000d8280000)
 Metaspace       used 74374K, capacity 76912K, committed 77056K, reserved 1118208K
  class space    used 7320K, capacity 8097K, committed 8192K, reserved 1048576K
GC Heap History (10 events):
Event: 18.216 GC heap before
{Heap before GC invocations=81 (full 9):
 PSYoungGen      total 199680K, used 44355K [0x00000000f0000000, 0x0000000100000000, 0x0000000100000000)
  eden space 143360K, 0% used [0x00000000f0000000,0x00000000f0000000,0x00000000f8c00000)
  from space 56320K, 78% used [0x00000000fc900000,0x00000000ff450f40,0x0000000100000000)
  to   space 59392K, 0% used [0x00000000f8c00000,0x00000000f8c00000,0x00000000fc600000)
 ParOldGen       total 113152K, used 105226K [0x00000000d0000000, 0x00000000d6e80000, 0x00000000f0000000)
  object space 113152K, 92% used [0x00000000d0000000,0x00000000d66c2828,0x00000000d6e80000)
 Metaspace       used 67715K, capacity 69218K, committed 69504K, reserved 1112064K
  class space    used 6704K, capacity 7180K, committed 7296K, reserved 1048576K
Event: 18.790 GC heap after
Heap after GC invocations=81 (full 9):
 PSYoungGen      total 199680K, used 35498K [0x00000000f0000000, 0x0000000100000000, 0x0000000100000000)
  eden space 143360K, 0% used [0x00000000f0000000,0x00000000f0000000,0x00000000f8c00000)
  from space 56320K, 63% used [0x00000000fc900000,0x00000000febaaa48,0x0000000100000000)
  to   space 59392K, 0% used [0x00000000f8c00000,0x00000000f8c00000,0x00000000fc600000)
 ParOldGen       total 133632K, used 113071K [0x00000000d0000000, 0x00000000d8280000, 0x00000000f0000000)
  object space 133632K, 84% used [0x00000000d0000000,0x00000000d6e6bd18,0x00000000d8280000)
 Metaspace       used 67715K, capacity 69218K, committed 69504K, reserved 1112064K
  class space    used 6704K, capacity 7180K, committed 7296K, reserved 1048576K
}
Event: 19.264 GC heap before
{Heap before GC invocations=82 (full 9):
 PSYoungGen      total 199680K, used 178858K [0x00000000f0000000, 0x0000000100000000, 0x0000000100000000)
  eden space 143360K, 100% used [0x00000000f0000000,0x00000000f8c00000,0x00000000f8c00000)
  from space 56320K, 63% used [0x00000000fc900000,0x00000000febaaa48,0x0000000100000000)
  to   space 59392K, 0% used [0x00000000f8c00000,0x00000000f8c00000,0x00000000fc600000)
 ParOldGen       total 133632K, used 113071K [0x00000000d0000000, 0x00000000d8280000, 0x00000000f0000000)
  object space 133632K, 84% used [0x00000000d0000000,0x00000000d6e6bd18,0x00000000d8280000)
 Metaspace       used 69282K, capacity 70780K, committed 70912K, reserved 1112064K
  class space    used 6820K, capacity 7300K, committed 7424K, reserved 1048576K
Event: 19.293 GC heap after
Heap after GC invocations=82 (full 9):
 PSYoungGen      total 185856K, used 42285K [0x00000000f0000000, 0x0000000100000000, 0x0000000100000000)
  eden space 143360K, 0% used [0x00000000f0000000,0x00000000f0000000,0x00000000f8c00000)
  from space 42496K, 99% used [0x00000000f8c00000,0x00000000fb54b590,0x00000000fb580000)
  to   space 60416K, 0% used [0x00000000fc500000,0x00000000fc500000,0x0000000100000000)
 ParOldGen       total 133632K, used 113958K [0x00000000d0000000, 0x00000000d8280000, 0x00000000f0000000)
  object space 133632K, 85% used [0x00000000d0000000,0x00000000d6f49b00,0x00000000d8280000)
 Metaspace       used 69282K, capacity 70780K, committed 70912K, reserved 1112064K
  class space    used 6820K, capacity 7300K, committed 7424K, reserved 1048576K
}
Event: 20.020 GC heap before
{Heap before GC invocations=83 (full 9):
 PSYoungGen      total 185856K, used 185645K [0x00000000f0000000, 0x0000000100000000, 0x0000000100000000)
  eden space 143360K, 100% used [0x00000000f0000000,0x00000000f8c00000,0x00000000f8c00000)
  from space 42496K, 99% used [0x00000000f8c00000,0x00000000fb54b590,0x00000000fb580000)
  to   space 60416K, 0% used [0x00000000fc500000,0x00000000fc500000,0x0000000100000000)
 ParOldGen       total 133632K, used 113958K [0x00000000d0000000, 0x00000000d8280000, 0x00000000f0000000)
  object space 133632K, 85% used [0x00000000d0000000,0x00000000d6f49b00,0x00000000d8280000)
 Metaspace       used 70730K, capacity 72376K, committed 72576K, reserved 1114112K
  class space    used 6926K, capacity 7454K, committed 7552K, reserved 1048576K
Event: 20.058 GC heap after
Heap after GC invocations=83 (full 9):
 PSYoungGen      total 195584K, used 48106K [0x00000000f0000000, 0x0000000100000000, 0x0000000100000000)
  eden space 135168K, 0% used [0x00000000f0000000,0x00000000f0000000,0x00000000f8400000)
  from space 60416K, 79% used [0x00000000fc500000,0x00000000ff3fa9d8,0x0000000100000000)
  to   space 63488K, 0% used [0x00000000f8400000,0x00000000f8400000,0x00000000fc200000)
 ParOldGen       total 133632K, used 114538K [0x00000000d0000000, 0x00000000d8280000, 0x00000000f0000000)
  object space 133632K, 85% used [0x00000000d0000000,0x00000000d6fdaa38,0x00000000d8280000)
 Metaspace       used 70730K, capacity 72376K, committed 72576K, reserved 1114112K
  class space    used 6926K, capacity 7454K, committed 7552K, reserved 1048576K
}
Event: 20.690 GC heap before
{Heap before GC invocations=84 (full 9):
 PSYoungGen      total 195584K, used 183274K [0x00000000f0000000, 0x0000000100000000, 0x0000000100000000)
  eden space 135168K, 100% used [0x00000000f0000000,0x00000000f8400000,0x00000000f8400000)
  from space 60416K, 79% used [0x00000000fc500000,0x00000000ff3fa9d8,0x0000000100000000)
  to   space 63488K, 0% used [0x00000000f8400000,0x00000000f8400000,0x00000000fc200000)
 ParOldGen       total 133632K, used 114538K [0x00000000d0000000, 0x00000000d8280000, 0x00000000f0000000)
  object space 133632K, 85% used [0x00000000d0000000,0x00000000d6fdaa38,0x00000000d8280000)
 Metaspace       used 73290K, capacity 75422K, committed 75520K, reserved 1116160K
  class space    used 7183K, capacity 7870K, committed 7936K, reserved 1048576K
Event: 20.718 GC heap after
Heap after GC invocations=84 (full 9):
 PSYoungGen      total 192512K, used 57182K [0x00000000f0000000, 0x0000000100000000, 0x0000000100000000)
  eden space 135168K, 0% used [0x00000000f0000000,0x00000000f0000000,0x00000000f8400000)
  from space 57344K, 99% used [0x00000000f8400000,0x00000000fbbd7878,0x00000000fbc00000)
  to   space 69120K, 0% used [0x00000000fbc80000,0x00000000fbc80000,0x0000000100000000)
 ParOldGen       total 133632K, used 114682K [0x00000000d0000000, 0x00000000d8280000, 0x00000000f0000000)
  object space 133632K, 85% used [0x00000000d0000000,0x00000000d6ffea38,0x00000000d8280000)
 Metaspace       used 73290K, capacity 75422K, committed 75520K, reserved 1116160K
  class space    used 7183K, capacity 7870K, committed 7936K, reserved 1048576K
}
Event: 21.942 GC heap before
{Heap before GC invocations=85 (full 9):
 PSYoungGen      total 192512K, used 192350K [0x00000000f0000000, 0x0000000100000000, 0x0000000100000000)
  eden space 135168K, 100% used [0x00000000f0000000,0x00000000f8400000,0x00000000f8400000)
  from space 57344K, 99% used [0x00000000f8400000,0x00000000fbbd7878,0x00000000fbc00000)
  to   space 69120K, 0% used [0x00000000fbc80000,0x00000000fbc80000,0x0000000100000000)
 ParOldGen       total 133632K, used 114682K [0x00000000d0000000, 0x00000000d8280000, 0x00000000f0000000)
  object space 133632K, 85% used [0x00000000d0000000,0x00000000d6ffea38,0x00000000d8280000)
 Metaspace       used 74298K, capacity 76790K, committed 77056K, reserved 1118208K
  class space    used 7301K, capacity 8079K, committed 8192K, reserved 1048576K
Event: 21.963 GC heap after
Heap after GC invocations=85 (full 9):
 PSYoungGen      total 181760K, used 60052K [0x00000000f0000000, 0x0000000100000000, 0x0000000100000000)
  eden space 112640K, 0% used [0x00000000f0000000,0x00000000f0000000,0x00000000f6e00000)
  from space 69120K, 86% used [0x00000000fbc80000,0x00000000ff725130,0x0000000100000000)
  to   space 74752K, 0% used [0x00000000f6e00000,0x00000000f6e00000,0x00000000fb700000)
 ParOldGen       total 133632K, used 114986K [0x00000000d0000000, 0x00000000d8280000, 0x00000000f0000000)
  object space 133632K, 86% used [0x00000000d0000000,0x00000000d704aa38,0x00000000d8280000)
 Metaspace       used 74298K, capacity 76790K, committed 77056K, reserved 1118208K
  class space    used 7301K, capacity 8079K, committed 8192K, reserved 1048576K
}

