# JRE version: Java(TM) SE Runtime Environment (8.0_11-b12) (build 1.8.0_11-b12)
# Java VM: Java HotSpot(TM) 64-Bit Server VM (25.11-b03 mixed mode windows-amd64 compressed oops)
Heap:
 PSYoungGen      total 187392K, used 70808K [0x00000000f0000000, 0x0000000100000000, 0x0000000100000000)
  eden space 120832K, 15% used [0x00000000f0000000,0x00000000f12adda0,0x00000000f7600000)
  from space 66560K, 77% used [0x00000000fbf00000,0x00000000ff178500,0x0000000100000000)
  to   space 70656K, 0% used [0x00000000f7600000,0x00000000f7600000,0x00000000fbb00000)
 ParOldGen       total 127488K, used 109436K [0x00000000d0000000, 0x00000000d7c80000, 0x00000000f0000000)
  object space 127488K, 85% used [0x00000000d0000000,0x00000000d6adf228,0x00000000d7c80000)
 Metaspace       used 70518K, capacity 72202K, committed 72320K, reserved 1114112K
  class space    used 6927K, capacity 7460K, committed 7552K, reserved 1048576K
GC Heap History (10 events):
Event: 15.860 GC heap before
{Heap before GC invocations=76 (full 7):
 PSYoungGen      total 205312K, used 196434K [0x00000000f0000000, 0x0000000100000000, 0x0000000100000000)
  eden space 155648K, 100% used [0x00000000f0000000,0x00000000f9800000,0x00000000f9800000)
  from space 49664K, 82% used [0x00000000fcf80000,0x00000000ff754890,0x0000000100000000)
  to   space 53248K, 0% used [0x00000000f9800000,0x00000000f9800000,0x00000000fcc00000)
 ParOldGen       total 109568K, used 95773K [0x00000000d0000000, 0x00000000d6b00000, 0x00000000f0000000)
  object space 109568K, 87% used [0x00000000d0000000,0x00000000d5d875c8,0x00000000d6b00000)
 Metaspace       used 66002K, capacity 67486K, committed 67712K, reserved 1110016K
  class space    used 6470K, capacity 6948K, committed 7040K, reserved 1048576K
Event: 15.879 GC heap after
Heap after GC invocations=76 (full 7):
 PSYoungGen      total 197120K, used 41220K [0x00000000f0000000, 0x0000000100000000, 0x0000000100000000)
  eden space 155648K, 0% used [0x00000000f0000000,0x00000000f0000000,0x00000000f9800000)
  from space 41472K, 99% used [0x00000000f9800000,0x00000000fc041068,0x00000000fc080000)
  to   space 56320K, 0% used [0x00000000fc900000,0x00000000fc900000,0x0000000100000000)
 ParOldGen       total 109568K, used 99625K [0x00000000d0000000, 0x00000000d6b00000, 0x00000000f0000000)
  object space 109568K, 90% used [0x00000000d0000000,0x00000000d614a518,0x00000000d6b00000)
 Metaspace       used 66002K, capacity 67486K, committed 67712K, reserved 1110016K
  class space    used 6470K, capacity 6948K, committed 7040K, reserved 1048576K
}
Event: 16.335 GC heap before
{Heap before GC invocations=77 (full 7):
 PSYoungGen      total 197120K, used 196868K [0x00000000f0000000, 0x0000000100000000, 0x0000000100000000)
  eden space 155648K, 100% used [0x00000000f0000000,0x00000000f9800000,0x00000000f9800000)
  from space 41472K, 99% used [0x00000000f9800000,0x00000000fc041068,0x00000000fc080000)
  to   space 56320K, 0% used [0x00000000fc900000,0x00000000fc900000,0x0000000100000000)
 ParOldGen       total 109568K, used 99625K [0x00000000d0000000, 0x00000000d6b00000, 0x00000000f0000000)
  object space 109568K, 90% used [0x00000000d0000000,0x00000000d614a518,0x00000000d6b00000)
 Metaspace       used 67466K, capacity 69014K, committed 69504K, reserved 1112064K
  class space    used 6684K, capacity 7177K, committed 7296K, reserved 1048576K
Event: 16.353 GC heap after
Heap after GC invocations=77 (full 7):
 PSYoungGen      total 196608K, used 47263K [0x00000000f0000000, 0x0000000100000000, 0x0000000100000000)
  eden space 140288K, 0% used [0x00000000f0000000,0x00000000f0000000,0x00000000f8900000)
  from space 56320K, 83% used [0x00000000fc900000,0x00000000ff727ce8,0x0000000100000000)
  to   space 60928K, 0% used [0x00000000f8900000,0x00000000f8900000,0x00000000fc480000)
 ParOldGen       total 109568K, used 101446K [0x00000000d0000000, 0x00000000d6b00000, 0x00000000f0000000)
  object space 109568K, 92% used [0x00000000d0000000,0x00000000d63118c0,0x00000000d6b00000)
 Metaspace       used 67466K, capacity 69014K, committed 69504K, reserved 1112064K
  class space    used 6684K, capacity 7177K, committed 7296K, reserved 1048576K
}
Event: 16.809 GC heap before
{Heap before GC invocations=78 (full 7):
 PSYoungGen      total 196608K, used 187551K [0x00000000f0000000, 0x0000000100000000, 0x0000000100000000)
  eden space 140288K, 100% used [0x00000000f0000000,0x00000000f8900000,0x00000000f8900000)
  from space 56320K, 83% used [0x00000000fc900000,0x00000000ff727ce8,0x0000000100000000)
  to   space 60928K, 0% used [0x00000000f8900000,0x00000000f8900000,0x00000000fc480000)
 ParOldGen       total 109568K, used 101446K [0x00000000d0000000, 0x00000000d6b00000, 0x00000000f0000000)
  object space 109568K, 92% used [0x00000000d0000000,0x00000000d63118c0,0x00000000d6b00000)
 Metaspace       used 69072K, capacity 70610K, committed 70784K, reserved 1112064K
  class space    used 6806K, capacity 7292K, committed 7296K, reserved 1048576K
Event: 16.838 GC heap after
Heap after GC invocations=78 (full 7):
 PSYoungGen      total 193536K, used 52930K [0x00000000f0000000, 0x0000000100000000, 0x0000000100000000)
  eden space 140288K, 0% used [0x00000000f0000000,0x00000000f0000000,0x00000000f8900000)
  from space 53248K, 99% used [0x00000000f8900000,0x00000000fbcb0988,0x00000000fbd00000)
  to   space 66560K, 0% used [0x00000000fbf00000,0x00000000fbf00000,0x0000000100000000)
 ParOldGen       total 109568K, used 103042K [0x00000000d0000000, 0x00000000d6b00000, 0x00000000f0000000)
  object space 109568K, 94% used [0x00000000d0000000,0x00000000d64a0bc0,0x00000000d6b00000)
 Metaspace       used 69072K, capacity 70610K, committed 70784K, reserved 1112064K
  class space    used 6806K, capacity 7292K, committed 7296K, reserved 1048576K
}
Event: 16.838 GC heap before
{Heap before GC invocations=79 (full 8):
 PSYoungGen      total 193536K, used 52930K [0x00000000f0000000, 0x0000000100000000, 0x0000000100000000)
  eden space 140288K, 0% used [0x00000000f0000000,0x00000000f0000000,0x00000000f8900000)
  from space 53248K, 99% used [0x00000000f8900000,0x00000000fbcb0988,0x00000000fbd00000)
  to   space 66560K, 0% used [0x00000000fbf00000,0x00000000fbf00000,0x0000000100000000)
 ParOldGen       total 109568K, used 103042K [0x00000000d0000000, 0x00000000d6b00000, 0x00000000f0000000)
  object space 109568K, 94% used [0x00000000d0000000,0x00000000d64a0bc0,0x00000000d6b00000)
 Metaspace       used 69072K, capacity 70610K, committed 70784K, reserved 1112064K
  class space    used 6806K, capacity 7292K, committed 7296K, reserved 1048576K
Event: 17.766 GC heap after
Heap after GC invocations=79 (full 8):
 PSYoungGen      total 193536K, used 45587K [0x00000000f0000000, 0x0000000100000000, 0x0000000100000000)
  eden space 140288K, 0% used [0x00000000f0000000,0x00000000f0000000,0x00000000f8900000)
  from space 53248K, 85% used [0x00000000f8900000,0x00000000fb584de0,0x00000000fbd00000)
  to   space 66560K, 0% used [0x00000000fbf00000,0x00000000fbf00000,0x0000000100000000)
 ParOldGen       total 127488K, used 109076K [0x00000000d0000000, 0x00000000d7c80000, 0x00000000f0000000)
  object space 127488K, 85% used [0x00000000d0000000,0x00000000d6a85228,0x00000000d7c80000)
 Metaspace       used 69072K, capacity 70610K, committed 70784K, reserved 1112064K
  class space    used 6806K, capacity 7292K, committed 7296K, reserved 1048576K
}
Event: 18.372 GC heap before
{Heap before GC invocations=80 (full 8):
 PSYoungGen      total 193536K, used 185875K [0x00000000f0000000, 0x0000000100000000, 0x0000000100000000)
  eden space 140288K, 100% used [0x00000000f0000000,0x00000000f8900000,0x00000000f8900000)
  from space 53248K, 85% used [0x00000000f8900000,0x00000000fb584de0,0x00000000fbd00000)
  to   space 66560K, 0% used [0x00000000fbf00000,0x00000000fbf00000,0x0000000100000000)
 ParOldGen       total 127488K, used 109076K [0x00000000d0000000, 0x00000000d7c80000, 0x00000000f0000000)
  object space 127488K, 85% used [0x00000000d0000000,0x00000000d6a85228,0x00000000d7c80000)
 Metaspace       used 70188K, capacity 71822K, committed 71936K, reserved 1114112K
  class space    used 6906K, capacity 7423K, committed 7424K, reserved 1048576K
Event: 18.409 GC heap after
Heap after GC invocations=80 (full 8):
 PSYoungGen      total 187392K, used 51681K [0x00000000f0000000, 0x0000000100000000, 0x0000000100000000)
  eden space 120832K, 0% used [0x00000000f0000000,0x00000000f0000000,0x00000000f7600000)
  from space 66560K, 77% used [0x00000000fbf00000,0x00000000ff178500,0x0000000100000000)
  to   space 70656K, 0% used [0x00000000f7600000,0x00000000f7600000,0x00000000fbb00000)
 ParOldGen       total 127488K, used 109436K [0x00000000d0000000, 0x00000000d7c80000, 0x00000000f0000000)
  object space 127488K, 85% used [0x00000000d0000000,0x00000000d6adf228,0x00000000d7c80000)
 Metaspace       used 70188K, capacity 71822K, committed 71936K, reserved 1114112K
  class space    used 6906K, capacity 7423K, committed 7424K, reserved 1048576K
}

