# JRE version: Java(TM) SE Runtime Environment (8.0_11-b12) (build 1.8.0_11-b12)
# Java VM: Java HotSpot(TM) 64-Bit Server VM (25.11-b03 mixed mode windows-amd64 compressed oops)
Heap:
 PSYoungGen      total 108032K, used 64887K [0x00000000f0000000, 0x00000000fd180000, 0x0000000100000000)
  eden space 96768K, 55% used [0x00000000f0000000,0x00000000f347fab0,0x00000000f5e80000)
  from space 11264K, 98% used [0x00000000f5e80000,0x00000000f695e1d0,0x00000000f6980000)
  to   space 57856K, 0% used [0x00000000f9900000,0x00000000f9900000,0x00000000fd180000)
 ParOldGen       total 218624K, used 194867K [0x00000000d0000000, 0x00000000dd580000, 0x00000000f0000000)
  object space 218624K, 89% used [0x00000000d0000000,0x00000000dbe4cc20,0x00000000dd580000)
 Metaspace       used 87824K, capacity 91330K, committed 91392K, reserved 1130496K
  class space    used 9096K, capacity 10198K, committed 10240K, reserved 1048576K
GC Heap History (10 events):
Event: 29.113 GC heap before
{Heap before GC invocations=108 (full 11):
 PSYoungGen      total 165888K, used 93135K [0x00000000f0000000, 0x00000000ff080000, 0x0000000100000000)
  eden space 92672K, 93% used [0x00000000f0000000,0x00000000f550c180,0x00000000f5a80000)
  from space 73216K, 8% used [0x00000000fa900000,0x00000000faee7d60,0x00000000ff080000)
  to   space 76800K, 0% used [0x00000000f5a80000,0x00000000f5a80000,0x00000000fa580000)
 ParOldGen       total 218624K, used 194835K [0x00000000d0000000, 0x00000000dd580000, 0x00000000f0000000)
  object space 218624K, 89% used [0x00000000d0000000,0x00000000dbe44c20,0x00000000dd580000)
 Metaspace       used 85609K, capacity 88952K, committed 89216K, reserved 1128448K
  class space    used 8785K, capacity 9800K, committed 9856K, reserved 1048576K
Event: 29.124 GC heap after
Heap after GC invocations=108 (full 11):
 PSYoungGen      total 99840K, used 6755K [0x00000000f0000000, 0x00000000feb80000, 0x0000000100000000)
  eden space 92672K, 0% used [0x00000000f0000000,0x00000000f0000000,0x00000000f5a80000)
  from space 7168K, 94% used [0x00000000f5a80000,0x00000000f6118ee0,0x00000000f6180000)
  to   space 73216K, 0% used [0x00000000fa400000,0x00000000fa400000,0x00000000feb80000)
 ParOldGen       total 218624K, used 194843K [0x00000000d0000000, 0x00000000dd580000, 0x00000000f0000000)
  object space 218624K, 89% used [0x00000000d0000000,0x00000000dbe46c20,0x00000000dd580000)
 Metaspace       used 85609K, capacity 88952K, committed 89216K, reserved 1128448K
  class space    used 8785K, capacity 9800K, committed 9856K, reserved 1048576K
}
Event: 29.348 GC heap before
{Heap before GC invocations=109 (full 11):
 PSYoungGen      total 99840K, used 99427K [0x00000000f0000000, 0x00000000feb80000, 0x0000000100000000)
  eden space 92672K, 100% used [0x00000000f0000000,0x00000000f5a80000,0x00000000f5a80000)
  from space 7168K, 94% used [0x00000000f5a80000,0x00000000f6118ee0,0x00000000f6180000)
  to   space 73216K, 0% used [0x00000000fa400000,0x00000000fa400000,0x00000000feb80000)
 ParOldGen       total 218624K, used 194843K [0x00000000d0000000, 0x00000000dd580000, 0x00000000f0000000)
  object space 218624K, 89% used [0x00000000d0000000,0x00000000dbe46c20,0x00000000dd580000)
 Metaspace       used 85876K, capacity 89270K, committed 89600K, reserved 1128448K
  class space    used 8820K, capacity 9878K, committed 9984K, reserved 1048576K
Event: 29.358 GC heap after
Heap after GC invocations=109 (full 11):
 PSYoungGen      total 160768K, used 7281K [0x00000000f0000000, 0x00000000fe480000, 0x0000000100000000)
  eden space 94720K, 0% used [0x00000000f0000000,0x00000000f0000000,0x00000000f5c80000)
  from space 66048K, 11% used [0x00000000fa400000,0x00000000fab1c688,0x00000000fe480000)
  to   space 69632K, 0% used [0x00000000f5c80000,0x00000000f5c80000,0x00000000fa080000)
 ParOldGen       total 218624K, used 194851K [0x00000000d0000000, 0x00000000dd580000, 0x00000000f0000000)
  object space 218624K, 89% used [0x00000000d0000000,0x00000000dbe48c20,0x00000000dd580000)
 Metaspace       used 85876K, capacity 89270K, committed 89600K, reserved 1128448K
  class space    used 8820K, capacity 9878K, committed 9984K, reserved 1048576K
}
Event: 29.634 GC heap before
{Heap before GC invocations=110 (full 11):
 PSYoungGen      total 160768K, used 98791K [0x00000000f0000000, 0x00000000fe480000, 0x0000000100000000)
  eden space 94720K, 96% used [0x00000000f0000000,0x00000000f595d760,0x00000000f5c80000)
  from space 66048K, 11% used [0x00000000fa400000,0x00000000fab1c688,0x00000000fe480000)
  to   space 69632K, 0% used [0x00000000f5c80000,0x00000000f5c80000,0x00000000fa080000)
 ParOldGen       total 218624K, used 194851K [0x00000000d0000000, 0x00000000dd580000, 0x00000000f0000000)
  object space 218624K, 89% used [0x00000000d0000000,0x00000000dbe48c20,0x00000000dd580000)
 Metaspace       used 86476K, capacity 89752K, committed 89856K, reserved 1128448K
  class space    used 8916K, capacity 9934K, committed 9984K, reserved 1048576K
Event: 29.652 GC heap after
Heap after GC invocations=110 (full 11):
 PSYoungGen      total 104448K, used 9329K [0x00000000f0000000, 0x00000000fde80000, 0x0000000100000000)
  eden space 94720K, 0% used [0x00000000f0000000,0x00000000f0000000,0x00000000f5c80000)
  from space 9728K, 95% used [0x00000000f5c80000,0x00000000f659c6a8,0x00000000f6600000)
  to   space 65536K, 0% used [0x00000000f9e80000,0x00000000f9e80000,0x00000000fde80000)
 ParOldGen       total 218624K, used 194851K [0x00000000d0000000, 0x00000000dd580000, 0x00000000f0000000)
  object space 218624K, 89% used [0x00000000d0000000,0x00000000dbe48c20,0x00000000dd580000)
 Metaspace       used 86476K, capacity 89752K, committed 89856K, reserved 1128448K
  class space    used 8916K, capacity 9934K, committed 9984K, reserved 1048576K
}
Event: 29.910 GC heap before
{Heap before GC invocations=111 (full 11):
 PSYoungGen      total 104448K, used 104049K [0x00000000f0000000, 0x00000000fde80000, 0x0000000100000000)
  eden space 94720K, 100% used [0x00000000f0000000,0x00000000f5c80000,0x00000000f5c80000)
  from space 9728K, 95% used [0x00000000f5c80000,0x00000000f659c6a8,0x00000000f6600000)
  to   space 65536K, 0% used [0x00000000f9e80000,0x00000000f9e80000,0x00000000fde80000)
 ParOldGen       total 218624K, used 194851K [0x00000000d0000000, 0x00000000dd580000, 0x00000000f0000000)
  object space 218624K, 89% used [0x00000000d0000000,0x00000000dbe48c20,0x00000000dd580000)
 Metaspace       used 87019K, capacity 90416K, committed 90752K, reserved 1130496K
  class space    used 8995K, capacity 10066K, committed 10112K, reserved 1048576K
Event: 29.922 GC heap after
Heap after GC invocations=111 (full 11):
 PSYoungGen      total 154112K, used 10487K [0x00000000f0000000, 0x00000000fd680000, 0x0000000100000000)
  eden space 96768K, 0% used [0x00000000f0000000,0x00000000f0000000,0x00000000f5e80000)
  from space 57344K, 18% used [0x00000000f9e80000,0x00000000fa8bdc30,0x00000000fd680000)
  to   space 61440K, 0% used [0x00000000f5e80000,0x00000000f5e80000,0x00000000f9a80000)
 ParOldGen       total 218624K, used 194859K [0x00000000d0000000, 0x00000000dd580000, 0x00000000f0000000)
  object space 218624K, 89% used [0x00000000d0000000,0x00000000dbe4ac20,0x00000000dd580000)
 Metaspace       used 87019K, capacity 90416K, committed 90752K, reserved 1130496K
  class space    used 8995K, capacity 10066K, committed 10112K, reserved 1048576K
}
Event: 30.300 GC heap before
{Heap before GC invocations=112 (full 11):
 PSYoungGen      total 154112K, used 107255K [0x00000000f0000000, 0x00000000fd680000, 0x0000000100000000)
  eden space 96768K, 100% used [0x00000000f0000000,0x00000000f5e80000,0x00000000f5e80000)
  from space 57344K, 18% used [0x00000000f9e80000,0x00000000fa8bdc30,0x00000000fd680000)
  to   space 61440K, 0% used [0x00000000f5e80000,0x00000000f5e80000,0x00000000f9a80000)
 ParOldGen       total 218624K, used 194859K [0x00000000d0000000, 0x00000000dd580000, 0x00000000f0000000)
  object space 218624K, 89% used [0x00000000d0000000,0x00000000dbe4ac20,0x00000000dd580000)
 Metaspace       used 87739K, capacity 91138K, committed 91392K, reserved 1130496K
  class space    used 9081K, capacity 10179K, committed 10240K, reserved 1048576K
Event: 30.308 GC heap after
Heap after GC invocations=112 (full 11):
 PSYoungGen      total 108032K, used 11128K [0x00000000f0000000, 0x00000000fd180000, 0x0000000100000000)
  eden space 96768K, 0% used [0x00000000f0000000,0x00000000f0000000,0x00000000f5e80000)
  from space 11264K, 98% used [0x00000000f5e80000,0x00000000f695e1d0,0x00000000f6980000)
  to   space 57856K, 0% used [0x00000000f9900000,0x00000000f9900000,0x00000000fd180000)
 ParOldGen       total 218624K, used 194867K [0x00000000d0000000, 0x00000000dd580000, 0x00000000f0000000)
  object space 218624K, 89% used [0x00000000d0000000,0x00000000dbe4cc20,0x00000000dd580000)
 Metaspace       used 87739K, capacity 91138K, committed 91392K, reserved 1130496K
  class space    used 9081K, capacity 10179K, committed 10240K, reserved 1048576K
}

