# JRE version: Java(TM) SE Runtime Environment (8.0_11-b12) (build 1.8.0_11-b12)
# Java VM: Java HotSpot(TM) 64-Bit Server VM (25.11-b03 mixed mode windows-amd64 compressed oops)
Heap:
 PSYoungGen      total 191488K, used 169794K [0x00000000f0000000, 0x0000000100000000, 0x0000000100000000)
  eden space 143360K, 84% used [0x00000000f0000000,0x00000000f76d7c58,0x00000000f8c00000)
  from space 48128K, 99% used [0x00000000fd100000,0x00000000ffff8f80,0x0000000100000000)
  to   space 59392K, 0% used [0x00000000f8c00000,0x00000000f8c00000,0x00000000fc600000)
 ParOldGen       total 126976K, used 111840K [0x00000000d0000000, 0x00000000d7c00000, 0x00000000f0000000)
  object space 126976K, 88% used [0x00000000d0000000,0x00000000d6d381c0,0x00000000d7c00000)
 Metaspace       used 71637K, capacity 73326K, committed 73600K, reserved 1116160K
  class space    used 6982K, capacity 7532K, committed 7552K, reserved 1048576K
GC Heap History (10 events):
Event: 14.686 GC heap before
{Heap before GC invocations=80 (full 7):
 PSYoungGen      total 218112K, used 208294K [0x00000000f0000000, 0x0000000100000000, 0x0000000100000000)
  eden space 177152K, 97% used [0x00000000f0000000,0x00000000fa8b0b68,0x00000000fad00000)
  from space 40960K, 86% used [0x00000000fd680000,0x00000000ff938d88,0x00000000ffe80000)
  to   space 42496K, 0% used [0x00000000fad00000,0x00000000fad00000,0x00000000fd680000)
 ParOldGen       total 108544K, used 96388K [0x00000000d0000000, 0x00000000d6a00000, 0x00000000f0000000)
  object space 108544K, 88% used [0x00000000d0000000,0x00000000d5e21158,0x00000000d6a00000)
 Metaspace       used 65480K, capacity 66922K, committed 67072K, reserved 1110016K
  class space    used 6424K, capacity 6908K, committed 6912K, reserved 1048576K
Event: 14.706 GC heap after
Heap after GC invocations=80 (full 7):
 PSYoungGen      total 215552K, used 37999K [0x00000000f0000000, 0x0000000100000000, 0x0000000100000000)
  eden space 177152K, 0% used [0x00000000f0000000,0x00000000f0000000,0x00000000fad00000)
  from space 38400K, 98% used [0x00000000fad00000,0x00000000fd21bd80,0x00000000fd280000)
  to   space 45056K, 0% used [0x00000000fd400000,0x00000000fd400000,0x0000000100000000)
 ParOldGen       total 108544K, used 99319K [0x00000000d0000000, 0x00000000d6a00000, 0x00000000f0000000)
  object space 108544K, 91% used [0x00000000d0000000,0x00000000d60fdd10,0x00000000d6a00000)
 Metaspace       used 65480K, capacity 66922K, committed 67072K, reserved 1110016K
  class space    used 6424K, capacity 6908K, committed 6912K, reserved 1048576K
}
Event: 15.394 GC heap before
{Heap before GC invocations=81 (full 7):
 PSYoungGen      total 215552K, used 215151K [0x00000000f0000000, 0x0000000100000000, 0x0000000100000000)
  eden space 177152K, 100% used [0x00000000f0000000,0x00000000fad00000,0x00000000fad00000)
  from space 38400K, 98% used [0x00000000fad00000,0x00000000fd21bd80,0x00000000fd280000)
  to   space 45056K, 0% used [0x00000000fd400000,0x00000000fd400000,0x0000000100000000)
 ParOldGen       total 108544K, used 99319K [0x00000000d0000000, 0x00000000d6a00000, 0x00000000f0000000)
  object space 108544K, 91% used [0x00000000d0000000,0x00000000d60fdd10,0x00000000d6a00000)
 Metaspace       used 66322K, capacity 67844K, committed 68224K, reserved 1110016K
  class space    used 6500K, capacity 6982K, committed 7040K, reserved 1048576K
Event: 15.418 GC heap after
Heap after GC invocations=81 (full 7):
 PSYoungGen      total 210944K, used 42862K [0x00000000f0000000, 0x0000000100000000, 0x0000000100000000)
  eden space 165888K, 0% used [0x00000000f0000000,0x00000000f0000000,0x00000000fa200000)
  from space 45056K, 95% used [0x00000000fd400000,0x00000000ffddb870,0x0000000100000000)
  to   space 48128K, 0% used [0x00000000fa200000,0x00000000fa200000,0x00000000fd100000)
 ParOldGen       total 108544K, used 100470K [0x00000000d0000000, 0x00000000d6a00000, 0x00000000f0000000)
  object space 108544K, 92% used [0x00000000d0000000,0x00000000d621dad0,0x00000000d6a00000)
 Metaspace       used 66322K, capacity 67844K, committed 68224K, reserved 1110016K
  class space    used 6500K, capacity 6982K, committed 7040K, reserved 1048576K
}
Event: 15.965 GC heap before
{Heap before GC invocations=82 (full 7):
 PSYoungGen      total 210944K, used 208750K [0x00000000f0000000, 0x0000000100000000, 0x0000000100000000)
  eden space 165888K, 100% used [0x00000000f0000000,0x00000000fa200000,0x00000000fa200000)
  from space 45056K, 95% used [0x00000000fd400000,0x00000000ffddb870,0x0000000100000000)
  to   space 48128K, 0% used [0x00000000fa200000,0x00000000fa200000,0x00000000fd100000)
 ParOldGen       total 108544K, used 100470K [0x00000000d0000000, 0x00000000d6a00000, 0x00000000f0000000)
  object space 108544K, 92% used [0x00000000d0000000,0x00000000d621dad0,0x00000000d6a00000)
 Metaspace       used 68009K, capacity 69526K, committed 70016K, reserved 1112064K
  class space    used 6718K, capacity 7177K, committed 7296K, reserved 1048576K
Event: 15.991 GC heap after
Heap after GC invocations=82 (full 7):
 PSYoungGen      total 214016K, used 48100K [0x00000000f0000000, 0x0000000100000000, 0x0000000100000000)
  eden space 165888K, 0% used [0x00000000f0000000,0x00000000f0000000,0x00000000fa200000)
  from space 48128K, 99% used [0x00000000fa200000,0x00000000fd0f9150,0x00000000fd100000)
  to   space 48128K, 0% used [0x00000000fd100000,0x00000000fd100000,0x0000000100000000)
 ParOldGen       total 108544K, used 103808K [0x00000000d0000000, 0x00000000d6a00000, 0x00000000f0000000)
  object space 108544K, 95% used [0x00000000d0000000,0x00000000d6560140,0x00000000d6a00000)
 Metaspace       used 68009K, capacity 69526K, committed 70016K, reserved 1112064K
  class space    used 6718K, capacity 7177K, committed 7296K, reserved 1048576K
}
Event: 15.991 GC heap before
{Heap before GC invocations=83 (full 8):
 PSYoungGen      total 214016K, used 48100K [0x00000000f0000000, 0x0000000100000000, 0x0000000100000000)
  eden space 165888K, 0% used [0x00000000f0000000,0x00000000f0000000,0x00000000fa200000)
  from space 48128K, 99% used [0x00000000fa200000,0x00000000fd0f9150,0x00000000fd100000)
  to   space 48128K, 0% used [0x00000000fd100000,0x00000000fd100000,0x0000000100000000)
 ParOldGen       total 108544K, used 103808K [0x00000000d0000000, 0x00000000d6a00000, 0x00000000f0000000)
  object space 108544K, 95% used [0x00000000d0000000,0x00000000d6560140,0x00000000d6a00000)
 Metaspace       used 68009K, capacity 69526K, committed 70016K, reserved 1112064K
  class space    used 6718K, capacity 7177K, committed 7296K, reserved 1048576K
Event: 16.691 GC heap after
Heap after GC invocations=83 (full 8):
 PSYoungGen      total 214016K, used 42525K [0x00000000f0000000, 0x0000000100000000, 0x0000000100000000)
  eden space 165888K, 0% used [0x00000000f0000000,0x00000000f0000000,0x00000000fa200000)
  from space 48128K, 88% used [0x00000000fa200000,0x00000000fcb87790,0x00000000fd100000)
  to   space 48128K, 0% used [0x00000000fd100000,0x00000000fd100000,0x0000000100000000)
 ParOldGen       total 126976K, used 108471K [0x00000000d0000000, 0x00000000d7c00000, 0x00000000f0000000)
  object space 126976K, 85% used [0x00000000d0000000,0x00000000d69edfa0,0x00000000d7c00000)
 Metaspace       used 68009K, capacity 69526K, committed 70016K, reserved 1112064K
  class space    used 6718K, capacity 7177K, committed 7296K, reserved 1048576K
}
Event: 17.395 GC heap before
{Heap before GC invocations=84 (full 8):
 PSYoungGen      total 214016K, used 208413K [0x00000000f0000000, 0x0000000100000000, 0x0000000100000000)
  eden space 165888K, 100% used [0x00000000f0000000,0x00000000fa200000,0x00000000fa200000)
  from space 48128K, 88% used [0x00000000fa200000,0x00000000fcb87790,0x00000000fd100000)
  to   space 48128K, 0% used [0x00000000fd100000,0x00000000fd100000,0x0000000100000000)
 ParOldGen       total 126976K, used 108471K [0x00000000d0000000, 0x00000000d7c00000, 0x00000000f0000000)
  object space 126976K, 85% used [0x00000000d0000000,0x00000000d69edfa0,0x00000000d7c00000)
 Metaspace       used 69781K, capacity 71422K, committed 71680K, reserved 1114112K
  class space    used 6857K, capacity 7328K, committed 7424K, reserved 1048576K
Event: 17.429 GC heap after
Heap after GC invocations=84 (full 8):
 PSYoungGen      total 191488K, used 48099K [0x00000000f0000000, 0x0000000100000000, 0x0000000100000000)
  eden space 143360K, 0% used [0x00000000f0000000,0x00000000f0000000,0x00000000f8c00000)
  from space 48128K, 99% used [0x00000000fd100000,0x00000000ffff8f80,0x0000000100000000)
  to   space 59392K, 0% used [0x00000000f8c00000,0x00000000f8c00000,0x00000000fc600000)
 ParOldGen       total 126976K, used 111840K [0x00000000d0000000, 0x00000000d7c00000, 0x00000000f0000000)
  object space 126976K, 88% used [0x00000000d0000000,0x00000000d6d381c0,0x00000000d7c00000)
 Metaspace       used 69781K, capacity 71422K, committed 71680K, reserved 1114112K
  class space    used 6857K, capacity 7328K, committed 7424K, reserved 1048576K
}

