# JRE version: Java(TM) SE Runtime Environment (8.0_11-b12) (build 1.8.0_11-b12)
# Java VM: Java HotSpot(TM) 64-Bit Server VM (25.11-b03 mixed mode windows-amd64 compressed oops)
Heap:
 PSYoungGen      total 171008K, used 124230K [0x00000000f0000000, 0x0000000100000000, 0x0000000100000000)
  eden space 100352K, 53% used [0x00000000f0000000,0x00000000f34ceec0,0x00000000f6200000)
  from space 70656K, 99% used [0x00000000f6200000,0x00000000fa682bd0,0x00000000fa700000)
  to   space 87040K, 0% used [0x00000000fab00000,0x00000000fab00000,0x0000000100000000)
 ParOldGen       total 119808K, used 104552K [0x00000000d0000000, 0x00000000d7500000, 0x00000000f0000000)
  object space 119808K, 87% used [0x00000000d0000000,0x00000000d661a290,0x00000000d7500000)
 Metaspace       used 74250K, capacity 76772K, committed 77056K, reserved 1118208K
  class space    used 7294K, capacity 8075K, committed 8192K, reserved 1048576K
GC Heap History (10 events):
Event: 18.734 GC heap before
{Heap before GC invocations=76 (full 7):
 PSYoungGen      total 204800K, used 193890K [0x00000000f0000000, 0x0000000100000000, 0x0000000100000000)
  eden space 154624K, 100% used [0x00000000f0000000,0x00000000f9700000,0x00000000f9700000)
  from space 50176K, 78% used [0x00000000fcf00000,0x00000000ff558ab8,0x0000000100000000)
  to   space 53760K, 0% used [0x00000000f9700000,0x00000000f9700000,0x00000000fcb80000)
 ParOldGen       total 119808K, used 101388K [0x00000000d0000000, 0x00000000d7500000, 0x00000000f0000000)
  object space 119808K, 84% used [0x00000000d0000000,0x00000000d6303368,0x00000000d7500000)
 Metaspace       used 67659K, capacity 69136K, committed 69504K, reserved 1112064K
  class space    used 6698K, capacity 7177K, committed 7296K, reserved 1048576K
Event: 18.759 GC heap after
Heap after GC invocations=76 (full 7):
 PSYoungGen      total 200192K, used 45296K [0x00000000f0000000, 0x0000000100000000, 0x0000000100000000)
  eden space 154624K, 0% used [0x00000000f0000000,0x00000000f0000000,0x00000000f9700000)
  from space 45568K, 99% used [0x00000000f9700000,0x00000000fc33c110,0x00000000fc380000)
  to   space 58880K, 0% used [0x00000000fc680000,0x00000000fc680000,0x0000000100000000)
 ParOldGen       total 119808K, used 103218K [0x00000000d0000000, 0x00000000d7500000, 0x00000000f0000000)
  object space 119808K, 86% used [0x00000000d0000000,0x00000000d64ccb48,0x00000000d7500000)
 Metaspace       used 67659K, capacity 69136K, committed 69504K, reserved 1112064K
  class space    used 6698K, capacity 7177K, committed 7296K, reserved 1048576K
}
Event: 19.400 GC heap before
{Heap before GC invocations=77 (full 7):
 PSYoungGen      total 200192K, used 199920K [0x00000000f0000000, 0x0000000100000000, 0x0000000100000000)
  eden space 154624K, 100% used [0x00000000f0000000,0x00000000f9700000,0x00000000f9700000)
  from space 45568K, 99% used [0x00000000f9700000,0x00000000fc33c110,0x00000000fc380000)
  to   space 58880K, 0% used [0x00000000fc680000,0x00000000fc680000,0x0000000100000000)
 ParOldGen       total 119808K, used 103218K [0x00000000d0000000, 0x00000000d7500000, 0x00000000f0000000)
  object space 119808K, 86% used [0x00000000d0000000,0x00000000d64ccb48,0x00000000d7500000)
 Metaspace       used 69222K, capacity 70738K, committed 70784K, reserved 1112064K
  class space    used 6810K, capacity 7292K, committed 7296K, reserved 1048576K
Event: 19.430 GC heap after
Heap after GC invocations=77 (full 7):
 PSYoungGen      total 189952K, used 52555K [0x00000000f0000000, 0x0000000100000000, 0x0000000100000000)
  eden space 131072K, 0% used [0x00000000f0000000,0x00000000f0000000,0x00000000f8000000)
  from space 58880K, 89% used [0x00000000fc680000,0x00000000ff9d2ef0,0x0000000100000000)
  to   space 65536K, 0% used [0x00000000f8000000,0x00000000f8000000,0x00000000fc000000)
 ParOldGen       total 119808K, used 103794K [0x00000000d0000000, 0x00000000d7500000, 0x00000000f0000000)
  object space 119808K, 86% used [0x00000000d0000000,0x00000000d655c9f8,0x00000000d7500000)
 Metaspace       used 69222K, capacity 70738K, committed 70784K, reserved 1112064K
  class space    used 6810K, capacity 7292K, committed 7296K, reserved 1048576K
}
Event: 20.026 GC heap before
{Heap before GC invocations=78 (full 7):
 PSYoungGen      total 189952K, used 183627K [0x00000000f0000000, 0x0000000100000000, 0x0000000100000000)
  eden space 131072K, 100% used [0x00000000f0000000,0x00000000f8000000,0x00000000f8000000)
  from space 58880K, 89% used [0x00000000fc680000,0x00000000ff9d2ef0,0x0000000100000000)
  to   space 65536K, 0% used [0x00000000f8000000,0x00000000f8000000,0x00000000fc000000)
 ParOldGen       total 119808K, used 103794K [0x00000000d0000000, 0x00000000d7500000, 0x00000000f0000000)
  object space 119808K, 86% used [0x00000000d0000000,0x00000000d655c9f8,0x00000000d7500000)
 Metaspace       used 70143K, capacity 71806K, committed 71936K, reserved 1114112K
  class space    used 6891K, capacity 7416K, committed 7424K, reserved 1048576K
Event: 20.055 GC heap after
Heap after GC invocations=78 (full 7):
 PSYoungGen      total 188416K, used 57159K [0x00000000f0000000, 0x0000000100000000, 0x0000000100000000)
  eden space 131072K, 0% used [0x00000000f0000000,0x00000000f0000000,0x00000000f8000000)
  from space 57344K, 99% used [0x00000000f8000000,0x00000000fb7d1f20,0x00000000fb800000)
  to   space 72704K, 0% used [0x00000000fb900000,0x00000000fb900000,0x0000000100000000)
 ParOldGen       total 119808K, used 104384K [0x00000000d0000000, 0x00000000d7500000, 0x00000000f0000000)
  object space 119808K, 87% used [0x00000000d0000000,0x00000000d65f0290,0x00000000d7500000)
 Metaspace       used 70143K, capacity 71806K, committed 71936K, reserved 1114112K
  class space    used 6891K, capacity 7416K, committed 7424K, reserved 1048576K
}
Event: 20.549 GC heap before
{Heap before GC invocations=79 (full 7):
 PSYoungGen      total 188416K, used 188231K [0x00000000f0000000, 0x0000000100000000, 0x0000000100000000)
  eden space 131072K, 100% used [0x00000000f0000000,0x00000000f8000000,0x00000000f8000000)
  from space 57344K, 99% used [0x00000000f8000000,0x00000000fb7d1f20,0x00000000fb800000)
  to   space 72704K, 0% used [0x00000000fb900000,0x00000000fb900000,0x0000000100000000)
 ParOldGen       total 119808K, used 104384K [0x00000000d0000000, 0x00000000d7500000, 0x00000000f0000000)
  object space 119808K, 87% used [0x00000000d0000000,0x00000000d65f0290,0x00000000d7500000)
 Metaspace       used 72589K, capacity 74522K, committed 74752K, reserved 1116160K
  class space    used 7069K, capacity 7660K, committed 7680K, reserved 1048576K
Event: 20.582 GC heap after
Heap after GC invocations=79 (full 7):
 PSYoungGen      total 173056K, used 65722K [0x00000000f0000000, 0x0000000100000000, 0x0000000100000000)
  eden space 100352K, 0% used [0x00000000f0000000,0x00000000f0000000,0x00000000f6200000)
  from space 72704K, 90% used [0x00000000fb900000,0x00000000ff92e8f0,0x0000000100000000)
  to   space 80896K, 0% used [0x00000000f6200000,0x00000000f6200000,0x00000000fb100000)
 ParOldGen       total 119808K, used 104464K [0x00000000d0000000, 0x00000000d7500000, 0x00000000f0000000)
  object space 119808K, 87% used [0x00000000d0000000,0x00000000d6604290,0x00000000d7500000)
 Metaspace       used 72589K, capacity 74522K, committed 74752K, reserved 1116160K
  class space    used 7069K, capacity 7660K, committed 7680K, reserved 1048576K
}
Event: 21.281 GC heap before
{Heap before GC invocations=80 (full 7):
 PSYoungGen      total 173056K, used 166074K [0x00000000f0000000, 0x0000000100000000, 0x0000000100000000)
  eden space 100352K, 100% used [0x00000000f0000000,0x00000000f6200000,0x00000000f6200000)
  from space 72704K, 90% used [0x00000000fb900000,0x00000000ff92e8f0,0x0000000100000000)
  to   space 80896K, 0% used [0x00000000f6200000,0x00000000f6200000,0x00000000fb100000)
 ParOldGen       total 119808K, used 104464K [0x00000000d0000000, 0x00000000d7500000, 0x00000000f0000000)
  object space 119808K, 87% used [0x00000000d0000000,0x00000000d6604290,0x00000000d7500000)
 Metaspace       used 73938K, capacity 76294K, committed 76416K, reserved 1118208K
  class space    used 7265K, capacity 8019K, committed 8064K, reserved 1048576K
Event: 21.318 GC heap after
Heap after GC invocations=80 (full 7):
 PSYoungGen      total 171008K, used 70154K [0x00000000f0000000, 0x0000000100000000, 0x0000000100000000)
  eden space 100352K, 0% used [0x00000000f0000000,0x00000000f0000000,0x00000000f6200000)
  from space 70656K, 99% used [0x00000000f6200000,0x00000000fa682bd0,0x00000000fa700000)
  to   space 87040K, 0% used [0x00000000fab00000,0x00000000fab00000,0x0000000100000000)
 ParOldGen       total 119808K, used 104552K [0x00000000d0000000, 0x00000000d7500000, 0x00000000f0000000)
  object space 119808K, 87% used [0x00000000d0000000,0x00000000d661a290,0x00000000d7500000)
 Metaspace       used 73938K, capacity 76294K, committed 76416K, reserved 1118208K
  class space    used 7265K, capacity 8019K, committed 8064K, reserved 1048576K
}

