# JRE version: Java(TM) SE Runtime Environment (8.0_11-b12) (build 1.8.0_11-b12)
# Java VM: Java HotSpot(TM) 64-Bit Server VM (25.11-b03 mixed mode windows-amd64 compressed oops)
Heap:
 PSYoungGen      total 202752K, used 70249K [0x00000000f0000000, 0x0000000100000000, 0x0000000100000000)
  eden space 159744K, 17% used [0x00000000f0000000,0x00000000f1a9fed8,0x00000000f9c00000)
  from space 43008K, 99% used [0x00000000fd600000,0x00000000ffffa8e8,0x0000000100000000)
  to   space 51200K, 0% used [0x00000000f9c00000,0x00000000f9c00000,0x00000000fce00000)
 ParOldGen       total 137728K, used 116949K [0x00000000d0000000, 0x00000000d8680000, 0x00000000f0000000)
  object space 137728K, 84% used [0x00000000d0000000,0x00000000d72357b8,0x00000000d8680000)
 Metaspace       used 70139K, capacity 71774K, committed 71936K, reserved 1114112K
  class space    used 6890K, capacity 7384K, committed 7424K, reserved 1048576K
GC Heap History (10 events):
Event: 15.571 GC heap before
{Heap before GC invocations=62 (full 7):
 PSYoungGen      total 219648K, used 213882K [0x00000000f0000000, 0x0000000100000000, 0x0000000100000000)
  eden space 194560K, 97% used [0x00000000f0000000,0x00000000fb8661b0,0x00000000fbe00000)
  from space 25088K, 99% used [0x00000000fe780000,0x00000000ffff8868,0x0000000100000000)
  to   space 33792K, 0% used [0x00000000fbe00000,0x00000000fbe00000,0x00000000fdf00000)
 ParOldGen       total 115200K, used 102757K [0x00000000d0000000, 0x00000000d7080000, 0x00000000f0000000)
  object space 115200K, 89% used [0x00000000d0000000,0x00000000d6459798,0x00000000d7080000)
 Metaspace       used 65092K, capacity 66602K, committed 66816K, reserved 1110016K
  class space    used 6360K, capacity 6844K, committed 6912K, reserved 1048576K
Event: 15.597 GC heap after
Heap after GC invocations=62 (full 7):
 PSYoungGen      total 226304K, used 31358K [0x00000000f0000000, 0x0000000100000000, 0x0000000100000000)
  eden space 194560K, 0% used [0x00000000f0000000,0x00000000f0000000,0x00000000fbe00000)
  from space 31744K, 98% used [0x00000000fbe00000,0x00000000fdc9fbc8,0x00000000fdd00000)
  to   space 35840K, 0% used [0x00000000fdd00000,0x00000000fdd00000,0x0000000100000000)
 ParOldGen       total 115200K, used 106206K [0x00000000d0000000, 0x00000000d7080000, 0x00000000f0000000)
  object space 115200K, 92% used [0x00000000d0000000,0x00000000d67b78f0,0x00000000d7080000)
 Metaspace       used 65092K, capacity 66602K, committed 66816K, reserved 1110016K
  class space    used 6360K, capacity 6844K, committed 6912K, reserved 1048576K
}
Event: 15.597 GC heap before
{Heap before GC invocations=63 (full 8):
 PSYoungGen      total 226304K, used 31358K [0x00000000f0000000, 0x0000000100000000, 0x0000000100000000)
  eden space 194560K, 0% used [0x00000000f0000000,0x00000000f0000000,0x00000000fbe00000)
  from space 31744K, 98% used [0x00000000fbe00000,0x00000000fdc9fbc8,0x00000000fdd00000)
  to   space 35840K, 0% used [0x00000000fdd00000,0x00000000fdd00000,0x0000000100000000)
 ParOldGen       total 115200K, used 106206K [0x00000000d0000000, 0x00000000d7080000, 0x00000000f0000000)
  object space 115200K, 92% used [0x00000000d0000000,0x00000000d67b78f0,0x00000000d7080000)
 Metaspace       used 65092K, capacity 66602K, committed 66816K, reserved 1110016K
  class space    used 6360K, capacity 6844K, committed 6912K, reserved 1048576K
Event: 16.473 GC heap after
Heap after GC invocations=63 (full 8):
 PSYoungGen      total 226304K, used 21279K [0x00000000f0000000, 0x0000000100000000, 0x0000000100000000)
  eden space 194560K, 0% used [0x00000000f0000000,0x00000000f0000000,0x00000000fbe00000)
  from space 31744K, 67% used [0x00000000fbe00000,0x00000000fd2c7e80,0x00000000fdd00000)
  to   space 35840K, 0% used [0x00000000fdd00000,0x00000000fdd00000,0x0000000100000000)
 ParOldGen       total 137728K, used 114740K [0x00000000d0000000, 0x00000000d8680000, 0x00000000f0000000)
  object space 137728K, 83% used [0x00000000d0000000,0x00000000d700d208,0x00000000d8680000)
 Metaspace       used 65092K, capacity 66602K, committed 66816K, reserved 1110016K
  class space    used 6360K, capacity 6844K, committed 6912K, reserved 1048576K
}
Event: 17.185 GC heap before
{Heap before GC invocations=64 (full 8):
 PSYoungGen      total 226304K, used 215839K [0x00000000f0000000, 0x0000000100000000, 0x0000000100000000)
  eden space 194560K, 100% used [0x00000000f0000000,0x00000000fbe00000,0x00000000fbe00000)
  from space 31744K, 67% used [0x00000000fbe00000,0x00000000fd2c7e80,0x00000000fdd00000)
  to   space 35840K, 0% used [0x00000000fdd00000,0x00000000fdd00000,0x0000000100000000)
 ParOldGen       total 137728K, used 114740K [0x00000000d0000000, 0x00000000d8680000, 0x00000000f0000000)
  object space 137728K, 83% used [0x00000000d0000000,0x00000000d700d208,0x00000000d8680000)
 Metaspace       used 66275K, capacity 67754K, committed 67968K, reserved 1110016K
  class space    used 6488K, capacity 6952K, committed 7040K, reserved 1048576K
Event: 17.215 GC heap after
Heap after GC invocations=64 (full 8):
 PSYoungGen      total 218112K, used 27583K [0x00000000f0000000, 0x0000000100000000, 0x0000000100000000)
  eden space 182272K, 0% used [0x00000000f0000000,0x00000000f0000000,0x00000000fb200000)
  from space 35840K, 76% used [0x00000000fdd00000,0x00000000ff7eff90,0x0000000100000000)
  to   space 39936K, 0% used [0x00000000fb200000,0x00000000fb200000,0x00000000fd900000)
 ParOldGen       total 137728K, used 114748K [0x00000000d0000000, 0x00000000d8680000, 0x00000000f0000000)
  object space 137728K, 83% used [0x00000000d0000000,0x00000000d700f208,0x00000000d8680000)
 Metaspace       used 66275K, capacity 67754K, committed 67968K, reserved 1110016K
  class space    used 6488K, capacity 6952K, committed 7040K, reserved 1048576K
}
Event: 17.848 GC heap before
{Heap before GC invocations=65 (full 8):
 PSYoungGen      total 218112K, used 209855K [0x00000000f0000000, 0x0000000100000000, 0x0000000100000000)
  eden space 182272K, 100% used [0x00000000f0000000,0x00000000fb200000,0x00000000fb200000)
  from space 35840K, 76% used [0x00000000fdd00000,0x00000000ff7eff90,0x0000000100000000)
  to   space 39936K, 0% used [0x00000000fb200000,0x00000000fb200000,0x00000000fd900000)
 ParOldGen       total 137728K, used 114748K [0x00000000d0000000, 0x00000000d8680000, 0x00000000f0000000)
  object space 137728K, 83% used [0x00000000d0000000,0x00000000d700f208,0x00000000d8680000)
 Metaspace       used 67985K, capacity 69468K, committed 69760K, reserved 1112064K
  class space    used 6720K, capacity 7179K, committed 7296K, reserved 1048576K
Event: 17.869 GC heap after
Heap after GC invocations=65 (full 8):
 PSYoungGen      total 219136K, used 36660K [0x00000000f0000000, 0x0000000100000000, 0x0000000100000000)
  eden space 182272K, 0% used [0x00000000f0000000,0x00000000f0000000,0x00000000fb200000)
  from space 36864K, 99% used [0x00000000fb200000,0x00000000fd5cd158,0x00000000fd600000)
  to   space 43008K, 0% used [0x00000000fd600000,0x00000000fd600000,0x0000000100000000)
 ParOldGen       total 137728K, used 114756K [0x00000000d0000000, 0x00000000d8680000, 0x00000000f0000000)
  object space 137728K, 83% used [0x00000000d0000000,0x00000000d7011208,0x00000000d8680000)
 Metaspace       used 67985K, capacity 69468K, committed 69760K, reserved 1112064K
  class space    used 6720K, capacity 7179K, committed 7296K, reserved 1048576K
}
Event: 18.685 GC heap before
{Heap before GC invocations=66 (full 8):
 PSYoungGen      total 219136K, used 218932K [0x00000000f0000000, 0x0000000100000000, 0x0000000100000000)
  eden space 182272K, 100% used [0x00000000f0000000,0x00000000fb200000,0x00000000fb200000)
  from space 36864K, 99% used [0x00000000fb200000,0x00000000fd5cd158,0x00000000fd600000)
  to   space 43008K, 0% used [0x00000000fd600000,0x00000000fd600000,0x0000000100000000)
 ParOldGen       total 137728K, used 114756K [0x00000000d0000000, 0x00000000d8680000, 0x00000000f0000000)
  object space 137728K, 83% used [0x00000000d0000000,0x00000000d7011208,0x00000000d8680000)
 Metaspace       used 69873K, capacity 71486K, committed 71680K, reserved 1114112K
  class space    used 6867K, capacity 7372K, committed 7424K, reserved 1048576K
Event: 18.706 GC heap after
Heap after GC invocations=66 (full 8):
 PSYoungGen      total 202752K, used 42986K [0x00000000f0000000, 0x0000000100000000, 0x0000000100000000)
  eden space 159744K, 0% used [0x00000000f0000000,0x00000000f0000000,0x00000000f9c00000)
  from space 43008K, 99% used [0x00000000fd600000,0x00000000ffffa8e8,0x0000000100000000)
  to   space 51200K, 0% used [0x00000000f9c00000,0x00000000f9c00000,0x00000000fce00000)
 ParOldGen       total 137728K, used 116949K [0x00000000d0000000, 0x00000000d8680000, 0x00000000f0000000)
  object space 137728K, 84% used [0x00000000d0000000,0x00000000d72357b8,0x00000000d8680000)
 Metaspace       used 69873K, capacity 71486K, committed 71680K, reserved 1114112K
  class space    used 6867K, capacity 7372K, committed 7424K, reserved 1048576K
}

