# JRE version: Java(TM) SE Runtime Environment (8.0_11-b12) (build 1.8.0_11-b12)
# Java VM: Java HotSpot(TM) 64-Bit Server VM (25.11-b03 mixed mode windows-amd64 compressed oops)
Heap:
 PSYoungGen      total 201728K, used 76443K [0x00000000f0000000, 0x0000000100000000, 0x0000000100000000)
  eden space 145408K, 21% used [0x00000000f0000000,0x00000000f1e48790,0x00000000f8e00000)
  from space 56320K, 80% used [0x00000000fc900000,0x00000000ff55e7f0,0x0000000100000000)
  to   space 58368K, 0% used [0x00000000f8e00000,0x00000000f8e00000,0x00000000fc700000)
 ParOldGen       total 133632K, used 113716K [0x00000000d0000000, 0x00000000d8280000, 0x00000000f0000000)
  object space 133632K, 85% used [0x00000000d0000000,0x00000000d6f0d0c8,0x00000000d8280000)
 Metaspace       used 69806K, capacity 71452K, committed 71680K, reserved 1114112K
  class space    used 6877K, capacity 7381K, committed 7424K, reserved 1048576K
GC Heap History (10 events):
Event: 15.271 GC heap before
{Heap before GC invocations=82 (full 7):
 PSYoungGen      total 206336K, used 197853K [0x00000000f0000000, 0x0000000100000000, 0x0000000100000000)
  eden space 159744K, 100% used [0x00000000f0000000,0x00000000f9c00000,0x00000000f9c00000)
  from space 46592K, 81% used [0x00000000fd280000,0x00000000ff7b7500,0x0000000100000000)
  to   space 51200K, 0% used [0x00000000f9c00000,0x00000000f9c00000,0x00000000fce00000)
 ParOldGen       total 113152K, used 95160K [0x00000000d0000000, 0x00000000d6e80000, 0x00000000f0000000)
  object space 113152K, 84% used [0x00000000d0000000,0x00000000d5cee020,0x00000000d6e80000)
 Metaspace       used 65453K, capacity 66922K, committed 67072K, reserved 1110016K
  class space    used 6424K, capacity 6908K, committed 6912K, reserved 1048576K
Event: 15.306 GC heap after
Heap after GC invocations=82 (full 7):
 PSYoungGen      total 199680K, used 39740K [0x00000000f0000000, 0x0000000100000000, 0x0000000100000000)
  eden space 159744K, 0% used [0x00000000f0000000,0x00000000f0000000,0x00000000f9c00000)
  from space 39936K, 99% used [0x00000000f9c00000,0x00000000fc2cf370,0x00000000fc300000)
  to   space 52736K, 0% used [0x00000000fcc80000,0x00000000fcc80000,0x0000000100000000)
 ParOldGen       total 113152K, used 97862K [0x00000000d0000000, 0x00000000d6e80000, 0x00000000f0000000)
  object space 113152K, 86% used [0x00000000d0000000,0x00000000d5f918d8,0x00000000d6e80000)
 Metaspace       used 65453K, capacity 66922K, committed 67072K, reserved 1110016K
  class space    used 6424K, capacity 6908K, committed 6912K, reserved 1048576K
}
Event: 15.927 GC heap before
{Heap before GC invocations=83 (full 7):
 PSYoungGen      total 199680K, used 199484K [0x00000000f0000000, 0x0000000100000000, 0x0000000100000000)
  eden space 159744K, 100% used [0x00000000f0000000,0x00000000f9c00000,0x00000000f9c00000)
  from space 39936K, 99% used [0x00000000f9c00000,0x00000000fc2cf370,0x00000000fc300000)
  to   space 52736K, 0% used [0x00000000fcc80000,0x00000000fcc80000,0x0000000100000000)
 ParOldGen       total 113152K, used 97862K [0x00000000d0000000, 0x00000000d6e80000, 0x00000000f0000000)
  object space 113152K, 86% used [0x00000000d0000000,0x00000000d5f918d8,0x00000000d6e80000)
 Metaspace       used 66337K, capacity 67780K, committed 67968K, reserved 1110016K
  class space    used 6506K, capacity 6982K, committed 7040K, reserved 1048576K
Event: 15.943 GC heap after
Heap after GC invocations=83 (full 7):
 PSYoungGen      total 207360K, used 40333K [0x00000000f0000000, 0x0000000100000000, 0x0000000100000000)
  eden space 154624K, 0% used [0x00000000f0000000,0x00000000f0000000,0x00000000f9700000)
  from space 52736K, 76% used [0x00000000fcc80000,0x00000000ff3e3458,0x0000000100000000)
  to   space 53760K, 0% used [0x00000000f9700000,0x00000000f9700000,0x00000000fcb80000)
 ParOldGen       total 113152K, used 102945K [0x00000000d0000000, 0x00000000d6e80000, 0x00000000f0000000)
  object space 113152K, 90% used [0x00000000d0000000,0x00000000d64887b0,0x00000000d6e80000)
 Metaspace       used 66337K, capacity 67780K, committed 67968K, reserved 1110016K
  class space    used 6506K, capacity 6982K, committed 7040K, reserved 1048576K
}
Event: 16.488 GC heap before
{Heap before GC invocations=84 (full 7):
 PSYoungGen      total 207360K, used 194957K [0x00000000f0000000, 0x0000000100000000, 0x0000000100000000)
  eden space 154624K, 100% used [0x00000000f0000000,0x00000000f9700000,0x00000000f9700000)
  from space 52736K, 76% used [0x00000000fcc80000,0x00000000ff3e3458,0x0000000100000000)
  to   space 53760K, 0% used [0x00000000f9700000,0x00000000f9700000,0x00000000fcb80000)
 ParOldGen       total 113152K, used 102945K [0x00000000d0000000, 0x00000000d6e80000, 0x00000000f0000000)
  object space 113152K, 90% used [0x00000000d0000000,0x00000000d64887b0,0x00000000d6e80000)
 Metaspace       used 67915K, capacity 69404K, committed 69760K, reserved 1112064K
  class space    used 6721K, capacity 7179K, committed 7296K, reserved 1048576K
Event: 16.507 GC heap after
Heap after GC invocations=84 (full 7):
 PSYoungGen      total 200704K, used 45642K [0x00000000f0000000, 0x0000000100000000, 0x0000000100000000)
  eden space 154624K, 0% used [0x00000000f0000000,0x00000000f0000000,0x00000000f9700000)
  from space 46080K, 99% used [0x00000000f9700000,0x00000000fc392b40,0x00000000fc400000)
  to   space 56320K, 0% used [0x00000000fc900000,0x00000000fc900000,0x0000000100000000)
 ParOldGen       total 113152K, used 105709K [0x00000000d0000000, 0x00000000d6e80000, 0x00000000f0000000)
  object space 113152K, 93% used [0x00000000d0000000,0x00000000d673b4f8,0x00000000d6e80000)
 Metaspace       used 67915K, capacity 69404K, committed 69760K, reserved 1112064K
  class space    used 6721K, capacity 7179K, committed 7296K, reserved 1048576K
}
Event: 16.507 GC heap before
{Heap before GC invocations=85 (full 8):
 PSYoungGen      total 200704K, used 45642K [0x00000000f0000000, 0x0000000100000000, 0x0000000100000000)
  eden space 154624K, 0% used [0x00000000f0000000,0x00000000f0000000,0x00000000f9700000)
  from space 46080K, 99% used [0x00000000f9700000,0x00000000fc392b40,0x00000000fc400000)
  to   space 56320K, 0% used [0x00000000fc900000,0x00000000fc900000,0x0000000100000000)
 ParOldGen       total 113152K, used 105709K [0x00000000d0000000, 0x00000000d6e80000, 0x00000000f0000000)
  object space 113152K, 93% used [0x00000000d0000000,0x00000000d673b4f8,0x00000000d6e80000)
 Metaspace       used 67915K, capacity 69404K, committed 69760K, reserved 1112064K
  class space    used 6721K, capacity 7179K, committed 7296K, reserved 1048576K
Event: 17.001 GC heap after
Heap after GC invocations=85 (full 8):
 PSYoungGen      total 200704K, used 37545K [0x00000000f0000000, 0x0000000100000000, 0x0000000100000000)
  eden space 154624K, 0% used [0x00000000f0000000,0x00000000f0000000,0x00000000f9700000)
  from space 46080K, 81% used [0x00000000f9700000,0x00000000fbbaa560,0x00000000fc400000)
  to   space 56320K, 0% used [0x00000000fc900000,0x00000000fc900000,0x0000000100000000)
 ParOldGen       total 133632K, used 112974K [0x00000000d0000000, 0x00000000d8280000, 0x00000000f0000000)
  object space 133632K, 84% used [0x00000000d0000000,0x00000000d6e53908,0x00000000d8280000)
 Metaspace       used 67915K, capacity 69404K, committed 69760K, reserved 1112064K
  class space    used 6721K, capacity 7179K, committed 7296K, reserved 1048576K
}
Event: 17.760 GC heap before
{Heap before GC invocations=86 (full 8):
 PSYoungGen      total 200704K, used 192169K [0x00000000f0000000, 0x0000000100000000, 0x0000000100000000)
  eden space 154624K, 100% used [0x00000000f0000000,0x00000000f9700000,0x00000000f9700000)
  from space 46080K, 81% used [0x00000000f9700000,0x00000000fbbaa560,0x00000000fc400000)
  to   space 56320K, 0% used [0x00000000fc900000,0x00000000fc900000,0x0000000100000000)
 ParOldGen       total 133632K, used 112974K [0x00000000d0000000, 0x00000000d8280000, 0x00000000f0000000)
  object space 133632K, 84% used [0x00000000d0000000,0x00000000d6e53908,0x00000000d8280000)
 Metaspace       used 69685K, capacity 71294K, committed 71424K, reserved 1114112K
  class space    used 6850K, capacity 7328K, committed 7424K, reserved 1048576K
Event: 17.790 GC heap after
Heap after GC invocations=86 (full 8):
 PSYoungGen      total 201728K, used 45433K [0x00000000f0000000, 0x0000000100000000, 0x0000000100000000)
  eden space 145408K, 0% used [0x00000000f0000000,0x00000000f0000000,0x00000000f8e00000)
  from space 56320K, 80% used [0x00000000fc900000,0x00000000ff55e7f0,0x0000000100000000)
  to   space 58368K, 0% used [0x00000000f8e00000,0x00000000f8e00000,0x00000000fc700000)
 ParOldGen       total 133632K, used 113716K [0x00000000d0000000, 0x00000000d8280000, 0x00000000f0000000)
  object space 133632K, 85% used [0x00000000d0000000,0x00000000d6f0d0c8,0x00000000d8280000)
 Metaspace       used 69685K, capacity 71294K, committed 71424K, reserved 1114112K
  class space    used 6850K, capacity 7328K, committed 7424K, reserved 1048576K
}

