# JRE version: Java(TM) SE Runtime Environment (8.0_11-b12) (build 1.8.0_11-b12)
# Java VM: Java HotSpot(TM) 64-Bit Server VM (25.11-b03 mixed mode windows-amd64 compressed oops)
Heap:
 PSYoungGen      total 178688K, used 111313K [0x00000000f0000000, 0x0000000100000000, 0x0000000100000000)
  eden space 118784K, 43% used [0x00000000f0000000,0x00000000f329a508,0x00000000f7400000)
  from space 59904K, 99% used [0x00000000f7400000,0x00000000fae1a208,0x00000000fae80000)
  to   space 76800K, 0% used [0x00000000fb500000,0x00000000fb500000,0x0000000100000000)
 ParOldGen       total 131584K, used 114747K [0x00000000d0000000, 0x00000000d8080000, 0x00000000f0000000)
  object space 131584K, 87% used [0x00000000d0000000,0x00000000d700edf0,0x00000000d8080000)
 Metaspace       used 74416K, capacity 76900K, committed 77024K, reserved 1118208K
  class space    used 7312K, capacity 8095K, committed 8192K, reserved 1048576K
GC Heap History (10 events):
Event: 18.885 GC heap before
{Heap before GC invocations=77 (full 8):
 PSYoungGen      total 179712K, used 44445K [0x00000000f0000000, 0x0000000100000000, 0x0000000100000000)
  eden space 135168K, 0% used [0x00000000f0000000,0x00000000f0000000,0x00000000f8400000)
  from space 44544K, 99% used [0x00000000f8400000,0x00000000faf67468,0x00000000faf80000)
  to   space 65024K, 0% used [0x00000000fc080000,0x00000000fc080000,0x0000000100000000)
 ParOldGen       total 112640K, used 104371K [0x00000000d0000000, 0x00000000d6e00000, 0x00000000f0000000)
  object space 112640K, 92% used [0x00000000d0000000,0x00000000d65ecd90,0x00000000d6e00000)
 Metaspace       used 67789K, capacity 69276K, committed 69728K, reserved 1112064K
  class space    used 6703K, capacity 7179K, committed 7296K, reserved 1048576K
Event: 19.373 GC heap after
Heap after GC invocations=77 (full 8):
 PSYoungGen      total 179712K, used 35690K [0x00000000f0000000, 0x0000000100000000, 0x0000000100000000)
  eden space 135168K, 0% used [0x00000000f0000000,0x00000000f0000000,0x00000000f8400000)
  from space 44544K, 80% used [0x00000000f8400000,0x00000000fa6daa78,0x00000000faf80000)
  to   space 65024K, 0% used [0x00000000fc080000,0x00000000fc080000,0x0000000100000000)
 ParOldGen       total 131584K, used 112198K [0x00000000d0000000, 0x00000000d8080000, 0x00000000f0000000)
  object space 131584K, 85% used [0x00000000d0000000,0x00000000d6d91ac8,0x00000000d8080000)
 Metaspace       used 67789K, capacity 69276K, committed 69728K, reserved 1112064K
  class space    used 6703K, capacity 7179K, committed 7296K, reserved 1048576K
}
Event: 19.823 GC heap before
{Heap before GC invocations=78 (full 8):
 PSYoungGen      total 179712K, used 170858K [0x00000000f0000000, 0x0000000100000000, 0x0000000100000000)
  eden space 135168K, 100% used [0x00000000f0000000,0x00000000f8400000,0x00000000f8400000)
  from space 44544K, 80% used [0x00000000f8400000,0x00000000fa6daa78,0x00000000faf80000)
  to   space 65024K, 0% used [0x00000000fc080000,0x00000000fc080000,0x0000000100000000)
 ParOldGen       total 131584K, used 112198K [0x00000000d0000000, 0x00000000d8080000, 0x00000000f0000000)
  object space 131584K, 85% used [0x00000000d0000000,0x00000000d6d91ac8,0x00000000d8080000)
 Metaspace       used 69097K, capacity 70650K, committed 70752K, reserved 1112064K
  class space    used 6801K, capacity 7287K, committed 7296K, reserved 1048576K
Event: 19.856 GC heap after
Heap after GC invocations=78 (full 8):
 PSYoungGen      total 197120K, used 42034K [0x00000000f0000000, 0x0000000100000000, 0x0000000100000000)
  eden space 132096K, 0% used [0x00000000f0000000,0x00000000f0000000,0x00000000f8100000)
  from space 65024K, 64% used [0x00000000fc080000,0x00000000fe98cb40,0x0000000100000000)
  to   space 65024K, 0% used [0x00000000f8100000,0x00000000f8100000,0x00000000fc080000)
 ParOldGen       total 131584K, used 113080K [0x00000000d0000000, 0x00000000d8080000, 0x00000000f0000000)
  object space 131584K, 85% used [0x00000000d0000000,0x00000000d6e6e1d8,0x00000000d8080000)
 Metaspace       used 69097K, capacity 70650K, committed 70752K, reserved 1112064K
  class space    used 6801K, capacity 7287K, committed 7296K, reserved 1048576K
}
Event: 20.539 GC heap before
{Heap before GC invocations=79 (full 8):
 PSYoungGen      total 197120K, used 174130K [0x00000000f0000000, 0x0000000100000000, 0x0000000100000000)
  eden space 132096K, 100% used [0x00000000f0000000,0x00000000f8100000,0x00000000f8100000)
  from space 65024K, 64% used [0x00000000fc080000,0x00000000fe98cb40,0x0000000100000000)
  to   space 65024K, 0% used [0x00000000f8100000,0x00000000f8100000,0x00000000fc080000)
 ParOldGen       total 131584K, used 113080K [0x00000000d0000000, 0x00000000d8080000, 0x00000000f0000000)
  object space 131584K, 85% used [0x00000000d0000000,0x00000000d6e6e1d8,0x00000000d8080000)
 Metaspace       used 70436K, capacity 72108K, committed 72288K, reserved 1114112K
  class space    used 6906K, capacity 7451K, committed 7552K, reserved 1048576K
Event: 20.559 GC heap after
Heap after GC invocations=79 (full 8):
 PSYoungGen      total 179712K, used 47264K [0x00000000f0000000, 0x0000000100000000, 0x0000000100000000)
  eden space 132096K, 0% used [0x00000000f0000000,0x00000000f0000000,0x00000000f8100000)
  from space 47616K, 99% used [0x00000000f8100000,0x00000000faf281a0,0x00000000faf80000)
  to   space 67072K, 0% used [0x00000000fbe80000,0x00000000fbe80000,0x0000000100000000)
 ParOldGen       total 131584K, used 114059K [0x00000000d0000000, 0x00000000d8080000, 0x00000000f0000000)
  object space 131584K, 86% used [0x00000000d0000000,0x00000000d6f62ea8,0x00000000d8080000)
 Metaspace       used 70436K, capacity 72108K, committed 72288K, reserved 1114112K
  class space    used 6906K, capacity 7451K, committed 7552K, reserved 1048576K
}
Event: 21.172 GC heap before
{Heap before GC invocations=80 (full 8):
 PSYoungGen      total 179712K, used 179360K [0x00000000f0000000, 0x0000000100000000, 0x0000000100000000)
  eden space 132096K, 100% used [0x00000000f0000000,0x00000000f8100000,0x00000000f8100000)
  from space 47616K, 99% used [0x00000000f8100000,0x00000000faf281a0,0x00000000faf80000)
  to   space 67072K, 0% used [0x00000000fbe80000,0x00000000fbe80000,0x0000000100000000)
 ParOldGen       total 131584K, used 114059K [0x00000000d0000000, 0x00000000d8080000, 0x00000000f0000000)
  object space 131584K, 86% used [0x00000000d0000000,0x00000000d6f62ea8,0x00000000d8080000)
 Metaspace       used 72950K, capacity 74960K, committed 75104K, reserved 1116160K
  class space    used 7125K, capacity 7746K, committed 7808K, reserved 1048576K
Event: 21.199 GC heap after
Heap after GC invocations=80 (full 8):
 PSYoungGen      total 185856K, used 55979K [0x00000000f0000000, 0x0000000100000000, 0x0000000100000000)
  eden space 118784K, 0% used [0x00000000f0000000,0x00000000f0000000,0x00000000f7400000)
  from space 67072K, 83% used [0x00000000fbe80000,0x00000000ff52ac70,0x0000000100000000)
  to   space 71680K, 0% used [0x00000000f7400000,0x00000000f7400000,0x00000000fba00000)
 ParOldGen       total 131584K, used 114531K [0x00000000d0000000, 0x00000000d8080000, 0x00000000f0000000)
  object space 131584K, 87% used [0x00000000d0000000,0x00000000d6fd8df0,0x00000000d8080000)
 Metaspace       used 72950K, capacity 74960K, committed 75104K, reserved 1116160K
  class space    used 7125K, capacity 7746K, committed 7808K, reserved 1048576K
}
Event: 22.410 GC heap before
{Heap before GC invocations=81 (full 8):
 PSYoungGen      total 185856K, used 174763K [0x00000000f0000000, 0x0000000100000000, 0x0000000100000000)
  eden space 118784K, 100% used [0x00000000f0000000,0x00000000f7400000,0x00000000f7400000)
  from space 67072K, 83% used [0x00000000fbe80000,0x00000000ff52ac70,0x0000000100000000)
  to   space 71680K, 0% used [0x00000000f7400000,0x00000000f7400000,0x00000000fba00000)
 ParOldGen       total 131584K, used 114531K [0x00000000d0000000, 0x00000000d8080000, 0x00000000f0000000)
  object space 131584K, 87% used [0x00000000d0000000,0x00000000d6fd8df0,0x00000000d8080000)
 Metaspace       used 74226K, capacity 76596K, committed 76640K, reserved 1118208K
  class space    used 7278K, capacity 8063K, committed 8064K, reserved 1048576K
Event: 22.435 GC heap after
Heap after GC invocations=81 (full 8):
 PSYoungGen      total 178688K, used 59496K [0x00000000f0000000, 0x0000000100000000, 0x0000000100000000)
  eden space 118784K, 0% used [0x00000000f0000000,0x00000000f0000000,0x00000000f7400000)
  from space 59904K, 99% used [0x00000000f7400000,0x00000000fae1a208,0x00000000fae80000)
  to   space 76800K, 0% used [0x00000000fb500000,0x00000000fb500000,0x0000000100000000)
 ParOldGen       total 131584K, used 114747K [0x00000000d0000000, 0x00000000d8080000, 0x00000000f0000000)
  object space 131584K, 87% used [0x00000000d0000000,0x00000000d700edf0,0x00000000d8080000)
 Metaspace       used 74226K, capacity 76596K, committed 76640K, reserved 1118208K
  class space    used 7278K, capacity 8063K, committed 8064K, reserved 1048576K
}

