# JRE version: Java(TM) SE Runtime Environment (8.0_11-b12) (build 1.8.0_11-b12)
# Java VM: Java HotSpot(TM) 64-Bit Server VM (25.11-b03 mixed mode windows-amd64 compressed oops)
Heap:
 PSYoungGen      total 202752K, used 66169K [0x00000000f0000000, 0x0000000100000000, 0x0000000100000000)
  eden space 154624K, 11% used [0x00000000f0000000,0x00000000f121bb98,0x00000000f9700000)
  from space 48128K, 98% used [0x00000000f9700000,0x00000000fc582c08,0x00000000fc600000)
  to   space 59392K, 0% used [0x00000000fc600000,0x00000000fc600000,0x0000000100000000)
 ParOldGen       total 136704K, used 113115K [0x00000000d0000000, 0x00000000d8580000, 0x00000000f0000000)
  object space 136704K, 82% used [0x00000000d0000000,0x00000000d6e76d30,0x00000000d8580000)
 Metaspace       used 71855K, capacity 74358K, committed 74584K, reserved 1116160K
  class space    used 7205K, capacity 7985K, committed 8064K, reserved 1048576K
GC Heap History (10 events):
Event: 19.002 GC heap before
{Heap before GC invocations=41 (full 5):
 PSYoungGen      total 208896K, used 208881K [0x00000000f0000000, 0x00000000ff900000, 0x0000000100000000)
  eden space 178688K, 100% used [0x00000000f0000000,0x00000000fae80000,0x00000000fae80000)
  from space 30208K, 99% used [0x00000000fae80000,0x00000000fcbfc528,0x00000000fcc00000)
  to   space 35840K, 0% used [0x00000000fd600000,0x00000000fd600000,0x00000000ff900000)
 ParOldGen       total 113152K, used 96817K [0x00000000d0000000, 0x00000000d6e80000, 0x00000000f0000000)
  object space 113152K, 85% used [0x00000000d0000000,0x00000000d5e8c6f8,0x00000000d6e80000)
 Metaspace       used 65399K, capacity 66866K, committed 67288K, reserved 1110016K
  class space    used 6600K, capacity 7068K, committed 7168K, reserved 1048576K
Event: 19.024 GC heap after
Heap after GC invocations=41 (full 5):
 PSYoungGen      total 210944K, used 35838K [0x00000000f0000000, 0x0000000100000000, 0x0000000100000000)
  eden space 175104K, 0% used [0x00000000f0000000,0x00000000f0000000,0x00000000fab00000)
  from space 35840K, 99% used [0x00000000fd600000,0x00000000ff8ffad8,0x00000000ff900000)
  to   space 43520K, 0% used [0x00000000fab00000,0x00000000fab00000,0x00000000fd580000)
 ParOldGen       total 113152K, used 101424K [0x00000000d0000000, 0x00000000d6e80000, 0x00000000f0000000)
  object space 113152K, 89% used [0x00000000d0000000,0x00000000d630c398,0x00000000d6e80000)
 Metaspace       used 65399K, capacity 66866K, committed 67288K, reserved 1110016K
  class space    used 6600K, capacity 7068K, committed 7168K, reserved 1048576K
}
Event: 20.163 GC heap before
{Heap before GC invocations=42 (full 5):
 PSYoungGen      total 210944K, used 210942K [0x00000000f0000000, 0x0000000100000000, 0x0000000100000000)
  eden space 175104K, 100% used [0x00000000f0000000,0x00000000fab00000,0x00000000fab00000)
  from space 35840K, 99% used [0x00000000fd600000,0x00000000ff8ffad8,0x00000000ff900000)
  to   space 43520K, 0% used [0x00000000fab00000,0x00000000fab00000,0x00000000fd580000)
 ParOldGen       total 113152K, used 101424K [0x00000000d0000000, 0x00000000d6e80000, 0x00000000f0000000)
  object space 113152K, 89% used [0x00000000d0000000,0x00000000d630c398,0x00000000d6e80000)
 Metaspace       used 67220K, capacity 68826K, committed 68952K, reserved 1112064K
  class space    used 6728K, capacity 7239K, committed 7296K, reserved 1048576K
Event: 20.188 GC heap after
Heap after GC invocations=42 (full 5):
 PSYoungGen      total 212480K, used 37241K [0x00000000f0000000, 0x0000000100000000, 0x0000000100000000)
  eden space 175104K, 0% used [0x00000000f0000000,0x00000000f0000000,0x00000000fab00000)
  from space 37376K, 99% used [0x00000000fab00000,0x00000000fcf5e668,0x00000000fcf80000)
  to   space 48128K, 0% used [0x00000000fd100000,0x00000000fd100000,0x0000000100000000)
 ParOldGen       total 113152K, used 109382K [0x00000000d0000000, 0x00000000d6e80000, 0x00000000f0000000)
  object space 113152K, 96% used [0x00000000d0000000,0x00000000d6ad1978,0x00000000d6e80000)
 Metaspace       used 67220K, capacity 68826K, committed 68952K, reserved 1112064K
  class space    used 6728K, capacity 7239K, committed 7296K, reserved 1048576K
}
Event: 20.188 GC heap before
{Heap before GC invocations=43 (full 6):
 PSYoungGen      total 212480K, used 37241K [0x00000000f0000000, 0x0000000100000000, 0x0000000100000000)
  eden space 175104K, 0% used [0x00000000f0000000,0x00000000f0000000,0x00000000fab00000)
  from space 37376K, 99% used [0x00000000fab00000,0x00000000fcf5e668,0x00000000fcf80000)
  to   space 48128K, 0% used [0x00000000fd100000,0x00000000fd100000,0x0000000100000000)
 ParOldGen       total 113152K, used 109382K [0x00000000d0000000, 0x00000000d6e80000, 0x00000000f0000000)
  object space 113152K, 96% used [0x00000000d0000000,0x00000000d6ad1978,0x00000000d6e80000)
 Metaspace       used 67220K, capacity 68826K, committed 68952K, reserved 1112064K
  class space    used 6728K, capacity 7239K, committed 7296K, reserved 1048576K
Event: 20.856 GC heap after
Heap after GC invocations=43 (full 6):
 PSYoungGen      total 212480K, used 31081K [0x00000000f0000000, 0x0000000100000000, 0x0000000100000000)
  eden space 175104K, 0% used [0x00000000f0000000,0x00000000f0000000,0x00000000fab00000)
  from space 37376K, 83% used [0x00000000fab00000,0x00000000fc95a7b8,0x00000000fcf80000)
  to   space 48128K, 0% used [0x00000000fd100000,0x00000000fd100000,0x0000000100000000)
 ParOldGen       total 136704K, used 113099K [0x00000000d0000000, 0x00000000d8580000, 0x00000000f0000000)
  object space 136704K, 82% used [0x00000000d0000000,0x00000000d6e72d30,0x00000000d8580000)
 Metaspace       used 67220K, capacity 68826K, committed 68952K, reserved 1112064K
  class space    used 6728K, capacity 7239K, committed 7296K, reserved 1048576K
}
Event: 21.594 GC heap before
{Heap before GC invocations=44 (full 6):
 PSYoungGen      total 212480K, used 206185K [0x00000000f0000000, 0x0000000100000000, 0x0000000100000000)
  eden space 175104K, 100% used [0x00000000f0000000,0x00000000fab00000,0x00000000fab00000)
  from space 37376K, 83% used [0x00000000fab00000,0x00000000fc95a7b8,0x00000000fcf80000)
  to   space 48128K, 0% used [0x00000000fd100000,0x00000000fd100000,0x0000000100000000)
 ParOldGen       total 136704K, used 113099K [0x00000000d0000000, 0x00000000d8580000, 0x00000000f0000000)
  object space 136704K, 82% used [0x00000000d0000000,0x00000000d6e72d30,0x00000000d8580000)
 Metaspace       used 70066K, capacity 71982K, committed 72024K, reserved 1114112K
  class space    used 6959K, capacity 7551K, committed 7552K, reserved 1048576K
Event: 21.620 GC heap after
Heap after GC invocations=44 (full 6):
 PSYoungGen      total 202752K, used 42309K [0x00000000f0000000, 0x0000000100000000, 0x0000000100000000)
  eden space 154624K, 0% used [0x00000000f0000000,0x00000000f0000000,0x00000000f9700000)
  from space 48128K, 87% used [0x00000000fd100000,0x00000000ffa517c8,0x0000000100000000)
  to   space 53760K, 0% used [0x00000000f9700000,0x00000000f9700000,0x00000000fcb80000)
 ParOldGen       total 136704K, used 113107K [0x00000000d0000000, 0x00000000d8580000, 0x00000000f0000000)
  object space 136704K, 82% used [0x00000000d0000000,0x00000000d6e74d30,0x00000000d8580000)
 Metaspace       used 70066K, capacity 71982K, committed 72024K, reserved 1114112K
  class space    used 6959K, capacity 7551K, committed 7552K, reserved 1048576K
}
Event: 23.055 GC heap before
{Heap before GC invocations=45 (full 6):
 PSYoungGen      total 202752K, used 196933K [0x00000000f0000000, 0x0000000100000000, 0x0000000100000000)
  eden space 154624K, 100% used [0x00000000f0000000,0x00000000f9700000,0x00000000f9700000)
  from space 48128K, 87% used [0x00000000fd100000,0x00000000ffa517c8,0x0000000100000000)
  to   space 53760K, 0% used [0x00000000f9700000,0x00000000f9700000,0x00000000fcb80000)
 ParOldGen       total 136704K, used 113107K [0x00000000d0000000, 0x00000000d8580000, 0x00000000f0000000)
  object space 136704K, 82% used [0x00000000d0000000,0x00000000d6e74d30,0x00000000d8580000)
 Metaspace       used 71770K, capacity 74236K, committed 74584K, reserved 1116160K
  class space    used 7184K, capacity 7964K, committed 8064K, reserved 1048576K
Event: 23.071 GC heap after
Heap after GC invocations=45 (full 6):
 PSYoungGen      total 202752K, used 47627K [0x00000000f0000000, 0x0000000100000000, 0x0000000100000000)
  eden space 154624K, 0% used [0x00000000f0000000,0x00000000f0000000,0x00000000f9700000)
  from space 48128K, 98% used [0x00000000f9700000,0x00000000fc582c08,0x00000000fc600000)
  to   space 59392K, 0% used [0x00000000fc600000,0x00000000fc600000,0x0000000100000000)
 ParOldGen       total 136704K, used 113115K [0x00000000d0000000, 0x00000000d8580000, 0x00000000f0000000)
  object space 136704K, 82% used [0x00000000d0000000,0x00000000d6e76d30,0x00000000d8580000)
 Metaspace       used 71770K, capacity 74236K, committed 74584K, reserved 1116160K
  class space    used 7184K, capacity 7964K, committed 8064K, reserved 1048576K
}

