# JRE version: Java(TM) SE Runtime Environment (8.0_11-b12) (build 1.8.0_11-b12)
# Java VM: Java HotSpot(TM) 64-Bit Server VM (25.11-b03 mixed mode windows-amd64 compressed oops)
Heap:
 PSYoungGen      total 187904K, used 69190K [0x00000000f0000000, 0x0000000100000000, 0x0000000100000000)
  eden space 123904K, 11% used [0x00000000f0000000,0x00000000f0d67f08,0x00000000f7900000)
  from space 64000K, 86% used [0x00000000fc180000,0x00000000ff7a99b8,0x0000000100000000)
  to   space 69120K, 0% used [0x00000000f7900000,0x00000000f7900000,0x00000000fbc80000)
 ParOldGen       total 120832K, used 102500K [0x00000000d0000000, 0x00000000d7600000, 0x00000000f0000000)
  object space 120832K, 84% used [0x00000000d0000000,0x00000000d64193c0,0x00000000d7600000)
 Metaspace       used 69622K, capacity 71236K, committed 71424K, reserved 1114112K
  class space    used 6858K, capacity 7374K, committed 7424K, reserved 1048576K
GC Heap History (10 events):
Event: 13.581 GC heap before
{Heap before GC invocations=81 (full 6):
 PSYoungGen      total 199168K, used 199165K [0x00000000f0000000, 0x0000000100000000, 0x0000000100000000)
  eden space 151552K, 100% used [0x00000000f0000000,0x00000000f9400000,0x00000000f9400000)
  from space 47616K, 99% used [0x00000000fd180000,0x00000000fffff700,0x0000000100000000)
  to   space 55296K, 0% used [0x00000000f9400000,0x00000000f9400000,0x00000000fca00000)
 ParOldGen       total 97792K, used 88334K [0x00000000d0000000, 0x00000000d5f80000, 0x00000000f0000000)
  object space 97792K, 90% used [0x00000000d0000000,0x00000000d5643938,0x00000000d5f80000)
 Metaspace       used 65607K, capacity 67108K, committed 67328K, reserved 1110016K
  class space    used 6439K, capacity 6907K, committed 6912K, reserved 1048576K
Event: 13.606 GC heap after
Heap after GC invocations=81 (full 6):
 PSYoungGen      total 190464K, used 38740K [0x00000000f0000000, 0x0000000100000000, 0x0000000100000000)
  eden space 151552K, 0% used [0x00000000f0000000,0x00000000f0000000,0x00000000f9400000)
  from space 38912K, 99% used [0x00000000f9400000,0x00000000fb9d51d0,0x00000000fba00000)
  to   space 56320K, 0% used [0x00000000fc900000,0x00000000fc900000,0x0000000100000000)
 ParOldGen       total 99840K, used 99544K [0x00000000d0000000, 0x00000000d6180000, 0x00000000f0000000)
  object space 99840K, 99% used [0x00000000d0000000,0x00000000d6136138,0x00000000d6180000)
 Metaspace       used 65607K, capacity 67108K, committed 67328K, reserved 1110016K
  class space    used 6439K, capacity 6907K, committed 6912K, reserved 1048576K
}
Event: 13.606 GC heap before
{Heap before GC invocations=82 (full 7):
 PSYoungGen      total 190464K, used 38740K [0x00000000f0000000, 0x0000000100000000, 0x0000000100000000)
  eden space 151552K, 0% used [0x00000000f0000000,0x00000000f0000000,0x00000000f9400000)
  from space 38912K, 99% used [0x00000000f9400000,0x00000000fb9d51d0,0x00000000fba00000)
  to   space 56320K, 0% used [0x00000000fc900000,0x00000000fc900000,0x0000000100000000)
 ParOldGen       total 99840K, used 99544K [0x00000000d0000000, 0x00000000d6180000, 0x00000000f0000000)
  object space 99840K, 99% used [0x00000000d0000000,0x00000000d6136138,0x00000000d6180000)
 Metaspace       used 65607K, capacity 67108K, committed 67328K, reserved 1110016K
  class space    used 6439K, capacity 6907K, committed 6912K, reserved 1048576K
Event: 14.638 GC heap after
Heap after GC invocations=82 (full 7):
 PSYoungGen      total 190464K, used 37236K [0x00000000f0000000, 0x0000000100000000, 0x0000000100000000)
  eden space 151552K, 0% used [0x00000000f0000000,0x00000000f0000000,0x00000000f9400000)
  from space 38912K, 95% used [0x00000000f9400000,0x00000000fb85d048,0x00000000fba00000)
  to   space 56320K, 0% used [0x00000000fc900000,0x00000000fc900000,0x0000000100000000)
 ParOldGen       total 120832K, used 99580K [0x00000000d0000000, 0x00000000d7600000, 0x00000000f0000000)
  object space 120832K, 82% used [0x00000000d0000000,0x00000000d613f160,0x00000000d7600000)
 Metaspace       used 65607K, capacity 67108K, committed 67328K, reserved 1110016K
  class space    used 6439K, capacity 6907K, committed 6912K, reserved 1048576K
}
Event: 15.232 GC heap before
{Heap before GC invocations=83 (full 7):
 PSYoungGen      total 190464K, used 188788K [0x00000000f0000000, 0x0000000100000000, 0x0000000100000000)
  eden space 151552K, 100% used [0x00000000f0000000,0x00000000f9400000,0x00000000f9400000)
  from space 38912K, 95% used [0x00000000f9400000,0x00000000fb85d048,0x00000000fba00000)
  to   space 56320K, 0% used [0x00000000fc900000,0x00000000fc900000,0x0000000100000000)
 ParOldGen       total 120832K, used 99580K [0x00000000d0000000, 0x00000000d7600000, 0x00000000f0000000)
  object space 120832K, 82% used [0x00000000d0000000,0x00000000d613f160,0x00000000d7600000)
 Metaspace       used 67282K, capacity 68772K, committed 69120K, reserved 1112064K
  class space    used 6674K, capacity 7142K, committed 7168K, reserved 1048576K
Event: 15.269 GC heap after
Heap after GC invocations=83 (full 7):
 PSYoungGen      total 198656K, used 46204K [0x00000000f0000000, 0x0000000100000000, 0x0000000100000000)
  eden space 142336K, 0% used [0x00000000f0000000,0x00000000f0000000,0x00000000f8b00000)
  from space 56320K, 82% used [0x00000000fc900000,0x00000000ff61f0b8,0x0000000100000000)
  to   space 59904K, 0% used [0x00000000f8b00000,0x00000000f8b00000,0x00000000fc580000)
 ParOldGen       total 120832K, used 99588K [0x00000000d0000000, 0x00000000d7600000, 0x00000000f0000000)
  object space 120832K, 82% used [0x00000000d0000000,0x00000000d6141160,0x00000000d7600000)
 Metaspace       used 67282K, capacity 68772K, committed 69120K, reserved 1112064K
  class space    used 6674K, capacity 7142K, committed 7168K, reserved 1048576K
}
Event: 15.783 GC heap before
{Heap before GC invocations=84 (full 7):
 PSYoungGen      total 198656K, used 188540K [0x00000000f0000000, 0x0000000100000000, 0x0000000100000000)
  eden space 142336K, 100% used [0x00000000f0000000,0x00000000f8b00000,0x00000000f8b00000)
  from space 56320K, 82% used [0x00000000fc900000,0x00000000ff61f0b8,0x0000000100000000)
  to   space 59904K, 0% used [0x00000000f8b00000,0x00000000f8b00000,0x00000000fc580000)
 ParOldGen       total 120832K, used 99588K [0x00000000d0000000, 0x00000000d7600000, 0x00000000f0000000)
  object space 120832K, 82% used [0x00000000d0000000,0x00000000d6141160,0x00000000d7600000)
 Metaspace       used 68262K, capacity 69732K, committed 70016K, reserved 1112064K
  class space    used 6746K, capacity 7227K, committed 7296K, reserved 1048576K
Event: 15.810 GC heap after
Heap after GC invocations=84 (full 7):
 PSYoungGen      total 193024K, used 50469K [0x00000000f0000000, 0x0000000100000000, 0x0000000100000000)
  eden space 142336K, 0% used [0x00000000f0000000,0x00000000f0000000,0x00000000f8b00000)
  from space 50688K, 99% used [0x00000000f8b00000,0x00000000fbc49418,0x00000000fbc80000)
  to   space 64000K, 0% used [0x00000000fc180000,0x00000000fc180000,0x0000000100000000)
 ParOldGen       total 120832K, used 101190K [0x00000000d0000000, 0x00000000d7600000, 0x00000000f0000000)
  object space 120832K, 83% used [0x00000000d0000000,0x00000000d62d1b18,0x00000000d7600000)
 Metaspace       used 68262K, capacity 69732K, committed 70016K, reserved 1112064K
  class space    used 6746K, capacity 7227K, committed 7296K, reserved 1048576K
}
Event: 16.449 GC heap before
{Heap before GC invocations=85 (full 7):
 PSYoungGen      total 193024K, used 188052K [0x00000000f0000000, 0x0000000100000000, 0x0000000100000000)
  eden space 142336K, 96% used [0x00000000f0000000,0x00000000f865bbe8,0x00000000f8b00000)
  from space 50688K, 99% used [0x00000000f8b00000,0x00000000fbc49418,0x00000000fbc80000)
  to   space 64000K, 0% used [0x00000000fc180000,0x00000000fc180000,0x0000000100000000)
 ParOldGen       total 120832K, used 101190K [0x00000000d0000000, 0x00000000d7600000, 0x00000000f0000000)
  object space 120832K, 83% used [0x00000000d0000000,0x00000000d62d1b18,0x00000000d7600000)
 Metaspace       used 69583K, capacity 71166K, committed 71424K, reserved 1114112K
  class space    used 6856K, capacity 7372K, committed 7424K, reserved 1048576K
Event: 16.474 GC heap after
Heap after GC invocations=85 (full 7):
 PSYoungGen      total 187904K, used 55462K [0x00000000f0000000, 0x0000000100000000, 0x0000000100000000)
  eden space 123904K, 0% used [0x00000000f0000000,0x00000000f0000000,0x00000000f7900000)
  from space 64000K, 86% used [0x00000000fc180000,0x00000000ff7a99b8,0x0000000100000000)
  to   space 69120K, 0% used [0x00000000f7900000,0x00000000f7900000,0x00000000fbc80000)
 ParOldGen       total 120832K, used 102500K [0x00000000d0000000, 0x00000000d7600000, 0x00000000f0000000)
  object space 120832K, 84% used [0x00000000d0000000,0x00000000d64193c0,0x00000000d7600000)
 Metaspace       used 69583K, capacity 71166K, committed 71424K, reserved 1114112K
  class space    used 6856K, capacity 7372K, committed 7424K, reserved 1048576K
}

