# JRE version: Java(TM) SE Runtime Environment (8.0_11-b12) (build 1.8.0_11-b12)
# Java VM: Java HotSpot(TM) 64-Bit Server VM (25.11-b03 mixed mode windows-amd64 compressed oops)
Heap:
 PSYoungGen      total 190464K, used 141870K [0x00000000f0000000, 0x0000000100000000, 0x0000000100000000)
  eden space 132096K, 66% used [0x00000000f0000000,0x00000000f55bb890,0x00000000f8100000)
  from space 58368K, 92% used [0x00000000fc700000,0x00000000ffbcffb0,0x0000000100000000)
  to   space 65024K, 0% used [0x00000000f8100000,0x00000000f8100000,0x00000000fc080000)
 ParOldGen       total 117760K, used 105953K [0x00000000d0000000, 0x00000000d7300000, 0x00000000f0000000)
  object space 117760K, 89% used [0x00000000d0000000,0x00000000d6778588,0x00000000d7300000)
 Metaspace       used 70772K, capacity 72426K, committed 72576K, reserved 1114112K
  class space    used 6937K, capacity 7492K, committed 7552K, reserved 1048576K
GC Heap History (10 events):
Event: 15.037 GC heap before
{Heap before GC invocations=84 (full 8):
 PSYoungGen      total 190464K, used 161513K [0x00000000f0000000, 0x00000000fea00000, 0x0000000100000000)
  eden space 143360K, 94% used [0x00000000f0000000,0x00000000f84662c8,0x00000000f8c00000)
  from space 47104K, 55% used [0x00000000f8c00000,0x00000000fa5542a0,0x00000000fba00000)
  to   space 46080K, 0% used [0x00000000fbd00000,0x00000000fbd00000,0x00000000fea00000)
 ParOldGen       total 117760K, used 103574K [0x00000000d0000000, 0x00000000d7300000, 0x00000000f0000000)
  object space 117760K, 87% used [0x00000000d0000000,0x00000000d6525908,0x00000000d7300000)
 Metaspace       used 64962K, capacity 66474K, committed 66816K, reserved 1110016K
  class space    used 6347K, capacity 6844K, committed 6912K, reserved 1048576K
Event: 15.054 GC heap after
Heap after GC invocations=84 (full 8):
 PSYoungGen      total 192000K, used 32421K [0x00000000f0000000, 0x00000000fed00000, 0x0000000100000000)
  eden space 145920K, 0% used [0x00000000f0000000,0x00000000f0000000,0x00000000f8e80000)
  from space 46080K, 70% used [0x00000000fbd00000,0x00000000fdca96d0,0x00000000fea00000)
  to   space 47616K, 0% used [0x00000000f8e80000,0x00000000f8e80000,0x00000000fbd00000)
 ParOldGen       total 117760K, used 104328K [0x00000000d0000000, 0x00000000d7300000, 0x00000000f0000000)
  object space 117760K, 88% used [0x00000000d0000000,0x00000000d65e20e8,0x00000000d7300000)
 Metaspace       used 64962K, capacity 66474K, committed 66816K, reserved 1110016K
  class space    used 6347K, capacity 6844K, committed 6912K, reserved 1048576K
}
Event: 15.419 GC heap before
{Heap before GC invocations=85 (full 8):
 PSYoungGen      total 192000K, used 178341K [0x00000000f0000000, 0x00000000fed00000, 0x0000000100000000)
  eden space 145920K, 100% used [0x00000000f0000000,0x00000000f8e80000,0x00000000f8e80000)
  from space 46080K, 70% used [0x00000000fbd00000,0x00000000fdca96d0,0x00000000fea00000)
  to   space 47616K, 0% used [0x00000000f8e80000,0x00000000f8e80000,0x00000000fbd00000)
 ParOldGen       total 117760K, used 104328K [0x00000000d0000000, 0x00000000d7300000, 0x00000000f0000000)
  object space 117760K, 88% used [0x00000000d0000000,0x00000000d65e20e8,0x00000000d7300000)
 Metaspace       used 65811K, capacity 67274K, committed 67712K, reserved 1110016K
  class space    used 6442K, capacity 6940K, committed 7040K, reserved 1048576K
Event: 15.438 GC heap after
Heap after GC invocations=85 (full 8):
 PSYoungGen      total 193536K, used 33846K [0x00000000f0000000, 0x00000000ff280000, 0x0000000100000000)
  eden space 145920K, 0% used [0x00000000f0000000,0x00000000f0000000,0x00000000f8e80000)
  from space 47616K, 71% used [0x00000000f8e80000,0x00000000faf8d8d0,0x00000000fbd00000)
  to   space 49152K, 0% used [0x00000000fc280000,0x00000000fc280000,0x00000000ff280000)
 ParOldGen       total 117760K, used 105101K [0x00000000d0000000, 0x00000000d7300000, 0x00000000f0000000)
  object space 117760K, 89% used [0x00000000d0000000,0x00000000d66a3630,0x00000000d7300000)
 Metaspace       used 65811K, capacity 67274K, committed 67712K, reserved 1110016K
  class space    used 6442K, capacity 6940K, committed 7040K, reserved 1048576K
}
Event: 16.011 GC heap before
{Heap before GC invocations=86 (full 8):
 PSYoungGen      total 193536K, used 179766K [0x00000000f0000000, 0x00000000ff280000, 0x0000000100000000)
  eden space 145920K, 100% used [0x00000000f0000000,0x00000000f8e80000,0x00000000f8e80000)
  from space 47616K, 71% used [0x00000000f8e80000,0x00000000faf8d8d0,0x00000000fbd00000)
  to   space 49152K, 0% used [0x00000000fc280000,0x00000000fc280000,0x00000000ff280000)
 ParOldGen       total 117760K, used 105101K [0x00000000d0000000, 0x00000000d7300000, 0x00000000f0000000)
  object space 117760K, 89% used [0x00000000d0000000,0x00000000d66a3630,0x00000000d7300000)
 Metaspace       used 67413K, capacity 68842K, committed 69120K, reserved 1112064K
  class space    used 6658K, capacity 7143K, committed 7168K, reserved 1048576K
Event: 16.029 GC heap after
Heap after GC invocations=86 (full 8):
 PSYoungGen      total 195072K, used 41791K [0x00000000f0000000, 0x00000000ffa80000, 0x0000000100000000)
  eden space 145920K, 0% used [0x00000000f0000000,0x00000000f0000000,0x00000000f8e80000)
  from space 49152K, 85% used [0x00000000fc280000,0x00000000feb4fdb8,0x00000000ff280000)
  to   space 53248K, 0% used [0x00000000f8e80000,0x00000000f8e80000,0x00000000fc280000)
 ParOldGen       total 117760K, used 105577K [0x00000000d0000000, 0x00000000d7300000, 0x00000000f0000000)
  object space 117760K, 89% used [0x00000000d0000000,0x00000000d671a588,0x00000000d7300000)
 Metaspace       used 67413K, capacity 68842K, committed 69120K, reserved 1112064K
  class space    used 6658K, capacity 7143K, committed 7168K, reserved 1048576K
}
Event: 16.519 GC heap before
{Heap before GC invocations=87 (full 8):
 PSYoungGen      total 195072K, used 187711K [0x00000000f0000000, 0x00000000ffa80000, 0x0000000100000000)
  eden space 145920K, 100% used [0x00000000f0000000,0x00000000f8e80000,0x00000000f8e80000)
  from space 49152K, 85% used [0x00000000fc280000,0x00000000feb4fdb8,0x00000000ff280000)
  to   space 53248K, 0% used [0x00000000f8e80000,0x00000000f8e80000,0x00000000fc280000)
 ParOldGen       total 117760K, used 105577K [0x00000000d0000000, 0x00000000d7300000, 0x00000000f0000000)
  object space 117760K, 89% used [0x00000000d0000000,0x00000000d671a588,0x00000000d7300000)
 Metaspace       used 68279K, capacity 69762K, committed 70016K, reserved 1112064K
  class space    used 6728K, capacity 7213K, committed 7296K, reserved 1048576K
Event: 16.540 GC heap after
Heap after GC invocations=87 (full 8):
 PSYoungGen      total 199168K, used 47163K [0x00000000f0000000, 0x0000000100000000, 0x0000000100000000)
  eden space 145920K, 0% used [0x00000000f0000000,0x00000000f0000000,0x00000000f8e80000)
  from space 53248K, 88% used [0x00000000f8e80000,0x00000000fbc8efc0,0x00000000fc280000)
  to   space 58368K, 0% used [0x00000000fc700000,0x00000000fc700000,0x0000000100000000)
 ParOldGen       total 117760K, used 105777K [0x00000000d0000000, 0x00000000d7300000, 0x00000000f0000000)
  object space 117760K, 89% used [0x00000000d0000000,0x00000000d674c588,0x00000000d7300000)
 Metaspace       used 68279K, capacity 69762K, committed 70016K, reserved 1112064K
  class space    used 6728K, capacity 7213K, committed 7296K, reserved 1048576K
}
Event: 17.475 GC heap before
{Heap before GC invocations=88 (full 8):
 PSYoungGen      total 199168K, used 186939K [0x00000000f0000000, 0x0000000100000000, 0x0000000100000000)
  eden space 145920K, 95% used [0x00000000f0000000,0x00000000f887ff60,0x00000000f8e80000)
  from space 53248K, 88% used [0x00000000f8e80000,0x00000000fbc8efc0,0x00000000fc280000)
  to   space 58368K, 0% used [0x00000000fc700000,0x00000000fc700000,0x0000000100000000)
 ParOldGen       total 117760K, used 105777K [0x00000000d0000000, 0x00000000d7300000, 0x00000000f0000000)
  object space 117760K, 89% used [0x00000000d0000000,0x00000000d674c588,0x00000000d7300000)
 Metaspace       used 69853K, capacity 71422K, committed 71680K, reserved 1114112K
  class space    used 6856K, capacity 7328K, committed 7424K, reserved 1048576K
Event: 17.530 GC heap after
Heap after GC invocations=88 (full 8):
 PSYoungGen      total 190464K, used 54079K [0x00000000f0000000, 0x0000000100000000, 0x0000000100000000)
  eden space 132096K, 0% used [0x00000000f0000000,0x00000000f0000000,0x00000000f8100000)
  from space 58368K, 92% used [0x00000000fc700000,0x00000000ffbcffb0,0x0000000100000000)
  to   space 65024K, 0% used [0x00000000f8100000,0x00000000f8100000,0x00000000fc080000)
 ParOldGen       total 117760K, used 105953K [0x00000000d0000000, 0x00000000d7300000, 0x00000000f0000000)
  object space 117760K, 89% used [0x00000000d0000000,0x00000000d6778588,0x00000000d7300000)
 Metaspace       used 69853K, capacity 71422K, committed 71680K, reserved 1114112K
  class space    used 6856K, capacity 7328K, committed 7424K, reserved 1048576K
}

