# JRE version: Java(TM) SE Runtime Environment (8.0_11-b12) (build 1.8.0_11-b12)
# Java VM: Java HotSpot(TM) 64-Bit Server VM (25.11-b03 mixed mode windows-amd64 compressed oops)
Heap:
 PSYoungGen      total 181248K, used 163799K [0x00000000f0000000, 0x0000000100000000, 0x0000000100000000)
  eden space 120832K, 85% used [0x00000000f0000000,0x00000000f64fb9d8,0x00000000f7600000)
  from space 60416K, 99% used [0x00000000fc500000,0x00000000ffffa440,0x0000000100000000)
  to   space 70656K, 0% used [0x00000000f7600000,0x00000000f7600000,0x00000000fbb00000)
 ParOldGen       total 130048K, used 111094K [0x00000000d0000000, 0x00000000d7f00000, 0x00000000f0000000)
  object space 130048K, 85% used [0x00000000d0000000,0x00000000d6c7dbf8,0x00000000d7f00000)
 Metaspace       used 74119K, capacity 76632K, committed 76800K, reserved 1118208K
  class space    used 7305K, capacity 8093K, committed 8192K, reserved 1048576K
GC Heap History (10 events):
Event: 15.038 GC heap before
{Heap before GC invocations=87 (full 9):
 PSYoungGen      total 208896K, used 199053K [0x00000000f0000000, 0x0000000100000000, 0x0000000100000000)
  eden space 167936K, 100% used [0x00000000f0000000,0x00000000fa400000,0x00000000fa400000)
  from space 40960K, 75% used [0x00000000fa400000,0x00000000fc263598,0x00000000fcc00000)
  to   space 50176K, 0% used [0x00000000fcf00000,0x00000000fcf00000,0x0000000100000000)
 ParOldGen       total 130048K, used 103734K [0x00000000d0000000, 0x00000000d7f00000, 0x00000000f0000000)
  object space 130048K, 79% used [0x00000000d0000000,0x00000000d654d820,0x00000000d7f00000)
 Metaspace       used 66007K, capacity 67480K, committed 67968K, reserved 1110016K
  class space    used 6473K, capacity 6947K, committed 7040K, reserved 1048576K
Event: 15.068 GC heap after
Heap after GC invocations=87 (full 9):
 PSYoungGen      total 209920K, used 36407K [0x00000000f0000000, 0x0000000100000000, 0x0000000100000000)
  eden space 159744K, 0% used [0x00000000f0000000,0x00000000f0000000,0x00000000f9c00000)
  from space 50176K, 72% used [0x00000000fcf00000,0x00000000ff28df38,0x0000000100000000)
  to   space 51200K, 0% used [0x00000000f9c00000,0x00000000f9c00000,0x00000000fce00000)
 ParOldGen       total 130048K, used 103742K [0x00000000d0000000, 0x00000000d7f00000, 0x00000000f0000000)
  object space 130048K, 79% used [0x00000000d0000000,0x00000000d654f820,0x00000000d7f00000)
 Metaspace       used 66007K, capacity 67480K, committed 67968K, reserved 1110016K
  class space    used 6473K, capacity 6947K, committed 7040K, reserved 1048576K
}
Event: 15.574 GC heap before
{Heap before GC invocations=88 (full 9):
 PSYoungGen      total 209920K, used 196151K [0x00000000f0000000, 0x0000000100000000, 0x0000000100000000)
  eden space 159744K, 100% used [0x00000000f0000000,0x00000000f9c00000,0x00000000f9c00000)
  from space 50176K, 72% used [0x00000000fcf00000,0x00000000ff28df38,0x0000000100000000)
  to   space 51200K, 0% used [0x00000000f9c00000,0x00000000f9c00000,0x00000000fce00000)
 ParOldGen       total 130048K, used 103742K [0x00000000d0000000, 0x00000000d7f00000, 0x00000000f0000000)
  object space 130048K, 79% used [0x00000000d0000000,0x00000000d654f820,0x00000000d7f00000)
 Metaspace       used 67480K, capacity 68912K, committed 69120K, reserved 1112064K
  class space    used 6686K, capacity 7144K, committed 7168K, reserved 1048576K
Event: 15.593 GC heap after
Heap after GC invocations=88 (full 9):
 PSYoungGen      total 200192K, used 40115K [0x00000000f0000000, 0x0000000100000000, 0x0000000100000000)
  eden space 159744K, 0% used [0x00000000f0000000,0x00000000f0000000,0x00000000f9c00000)
  from space 40448K, 99% used [0x00000000f9c00000,0x00000000fc32cee8,0x00000000fc380000)
  to   space 53248K, 0% used [0x00000000fcc00000,0x00000000fcc00000,0x0000000100000000)
 ParOldGen       total 130048K, used 107476K [0x00000000d0000000, 0x00000000d7f00000, 0x00000000f0000000)
  object space 130048K, 82% used [0x00000000d0000000,0x00000000d68f51f8,0x00000000d7f00000)
 Metaspace       used 67480K, capacity 68912K, committed 69120K, reserved 1112064K
  class space    used 6686K, capacity 7144K, committed 7168K, reserved 1048576K
}
Event: 16.222 GC heap before
{Heap before GC invocations=89 (full 9):
 PSYoungGen      total 200192K, used 190262K [0x00000000f0000000, 0x0000000100000000, 0x0000000100000000)
  eden space 159744K, 93% used [0x00000000f0000000,0x00000000f92a0c18,0x00000000f9c00000)
  from space 40448K, 99% used [0x00000000f9c00000,0x00000000fc32cee8,0x00000000fc380000)
  to   space 53248K, 0% used [0x00000000fcc00000,0x00000000fcc00000,0x0000000100000000)
 ParOldGen       total 130048K, used 107476K [0x00000000d0000000, 0x00000000d7f00000, 0x00000000f0000000)
  object space 130048K, 82% used [0x00000000d0000000,0x00000000d68f51f8,0x00000000d7f00000)
 Metaspace       used 69326K, capacity 70954K, committed 71168K, reserved 1114112K
  class space    used 6811K, capacity 7306K, committed 7424K, reserved 1048576K
Event: 16.248 GC heap after
Heap after GC invocations=89 (full 9):
 PSYoungGen      total 200704K, used 47277K [0x00000000f0000000, 0x0000000100000000, 0x0000000100000000)
  eden space 147456K, 0% used [0x00000000f0000000,0x00000000f0000000,0x00000000f9000000)
  from space 53248K, 88% used [0x00000000fcc00000,0x00000000ffa2b618,0x0000000100000000)
  to   space 57344K, 0% used [0x00000000f9000000,0x00000000f9000000,0x00000000fc800000)
 ParOldGen       total 130048K, used 108456K [0x00000000d0000000, 0x00000000d7f00000, 0x00000000f0000000)
  object space 130048K, 83% used [0x00000000d0000000,0x00000000d69ea3a8,0x00000000d7f00000)
 Metaspace       used 69326K, capacity 70954K, committed 71168K, reserved 1114112K
  class space    used 6811K, capacity 7306K, committed 7424K, reserved 1048576K
}
Event: 16.806 GC heap before
{Heap before GC invocations=90 (full 9):
 PSYoungGen      total 200704K, used 194733K [0x00000000f0000000, 0x0000000100000000, 0x0000000100000000)
  eden space 147456K, 100% used [0x00000000f0000000,0x00000000f9000000,0x00000000f9000000)
  from space 53248K, 88% used [0x00000000fcc00000,0x00000000ffa2b618,0x0000000100000000)
  to   space 57344K, 0% used [0x00000000f9000000,0x00000000f9000000,0x00000000fc800000)
 ParOldGen       total 130048K, used 108456K [0x00000000d0000000, 0x00000000d7f00000, 0x00000000f0000000)
  object space 130048K, 83% used [0x00000000d0000000,0x00000000d69ea3a8,0x00000000d7f00000)
 Metaspace       used 71186K, capacity 72816K, committed 73088K, reserved 1114112K
  class space    used 6950K, capacity 7491K, committed 7552K, reserved 1048576K
Event: 16.832 GC heap after
Heap after GC invocations=90 (full 9):
 PSYoungGen      total 201728K, used 54078K [0x00000000f0000000, 0x0000000100000000, 0x0000000100000000)
  eden space 147456K, 0% used [0x00000000f0000000,0x00000000f0000000,0x00000000f9000000)
  from space 54272K, 99% used [0x00000000f9000000,0x00000000fc4cf808,0x00000000fc500000)
  to   space 60416K, 0% used [0x00000000fc500000,0x00000000fc500000,0x0000000100000000)
 ParOldGen       total 130048K, used 109351K [0x00000000d0000000, 0x00000000d7f00000, 0x00000000f0000000)
  object space 130048K, 84% used [0x00000000d0000000,0x00000000d6ac9c38,0x00000000d7f00000)
 Metaspace       used 71186K, capacity 72816K, committed 73088K, reserved 1114112K
  class space    used 6950K, capacity 7491K, committed 7552K, reserved 1048576K
}
Event: 17.595 GC heap before
{Heap before GC invocations=91 (full 9):
 PSYoungGen      total 201728K, used 201534K [0x00000000f0000000, 0x0000000100000000, 0x0000000100000000)
  eden space 147456K, 100% used [0x00000000f0000000,0x00000000f9000000,0x00000000f9000000)
  from space 54272K, 99% used [0x00000000f9000000,0x00000000fc4cf808,0x00000000fc500000)
  to   space 60416K, 0% used [0x00000000fc500000,0x00000000fc500000,0x0000000100000000)
 ParOldGen       total 130048K, used 109351K [0x00000000d0000000, 0x00000000d7f00000, 0x00000000f0000000)
  object space 130048K, 84% used [0x00000000d0000000,0x00000000d6ac9c38,0x00000000d7f00000)
 Metaspace       used 73616K, capacity 75966K, committed 76160K, reserved 1118208K
  class space    used 7242K, capacity 7977K, committed 8064K, reserved 1048576K
Event: 17.624 GC heap after
Heap after GC invocations=91 (full 9):
 PSYoungGen      total 181248K, used 60393K [0x00000000f0000000, 0x0000000100000000, 0x0000000100000000)
  eden space 120832K, 0% used [0x00000000f0000000,0x00000000f0000000,0x00000000f7600000)
  from space 60416K, 99% used [0x00000000fc500000,0x00000000ffffa440,0x0000000100000000)
  to   space 70656K, 0% used [0x00000000f7600000,0x00000000f7600000,0x00000000fbb00000)
 ParOldGen       total 130048K, used 111094K [0x00000000d0000000, 0x00000000d7f00000, 0x00000000f0000000)
  object space 130048K, 85% used [0x00000000d0000000,0x00000000d6c7dbf8,0x00000000d7f00000)
 Metaspace       used 73616K, capacity 75966K, committed 76160K, reserved 1118208K
  class space    used 7242K, capacity 7977K, committed 8064K, reserved 1048576K
}

