# JRE version: Java(TM) SE Runtime Environment (8.0_11-b12) (build 1.8.0_11-b12)
# Java VM: Java HotSpot(TM) 64-Bit Server VM (25.11-b03 mixed mode windows-amd64 compressed oops)
Heap:
 PSYoungGen      total 183808K, used 140990K [0x00000000f0000000, 0x0000000100000000, 0x0000000100000000)
  eden space 118784K, 64% used [0x00000000f0000000,0x00000000f4a977f0,0x00000000f7400000)
  from space 65024K, 99% used [0x00000000f7400000,0x00000000fb318108,0x00000000fb380000)
  to   space 78336K, 0% used [0x00000000fb380000,0x00000000fb380000,0x0000000100000000)
 ParOldGen       total 111104K, used 95848K [0x00000000d0000000, 0x00000000d6c80000, 0x00000000f0000000)
  object space 111104K, 86% used [0x00000000d0000000,0x00000000d5d9a078,0x00000000d6c80000)
 Metaspace       used 71750K, capacity 74130K, committed 74368K, reserved 1116160K
  class space    used 7182K, capacity 7959K, committed 8064K, reserved 1048576K
GC Heap History (10 events):
Event: 14.114 GC heap before
{Heap before GC invocations=74 (full 7):
 PSYoungGen      total 210432K, used 195207K [0x00000000f0000000, 0x0000000100000000, 0x0000000100000000)
  eden space 162816K, 100% used [0x00000000f0000000,0x00000000f9f00000,0x00000000f9f00000)
  from space 47616K, 68% used [0x00000000fd080000,0x00000000ff021ea8,0x00000000fff00000)
  to   space 49664K, 0% used [0x00000000f9f00000,0x00000000f9f00000,0x00000000fcf80000)
 ParOldGen       total 111104K, used 94227K [0x00000000d0000000, 0x00000000d6c80000, 0x00000000f0000000)
  object space 111104K, 84% used [0x00000000d0000000,0x00000000d5c04c80,0x00000000d6c80000)
 Metaspace       used 63966K, capacity 65492K, committed 65792K, reserved 1107968K
  class space    used 6376K, capacity 6869K, committed 6912K, reserved 1048576K
Event: 14.131 GC heap after
Heap after GC invocations=74 (full 7):
 PSYoungGen      total 200192K, used 36933K [0x00000000f0000000, 0x0000000100000000, 0x0000000100000000)
  eden space 162816K, 0% used [0x00000000f0000000,0x00000000f0000000,0x00000000f9f00000)
  from space 37376K, 98% used [0x00000000f9f00000,0x00000000fc311490,0x00000000fc380000)
  to   space 52224K, 0% used [0x00000000fcd00000,0x00000000fcd00000,0x0000000100000000)
 ParOldGen       total 111104K, used 94235K [0x00000000d0000000, 0x00000000d6c80000, 0x00000000f0000000)
  object space 111104K, 84% used [0x00000000d0000000,0x00000000d5c06c80,0x00000000d6c80000)
 Metaspace       used 63966K, capacity 65492K, committed 65792K, reserved 1107968K
  class space    used 6376K, capacity 6869K, committed 6912K, reserved 1048576K
}
Event: 14.613 GC heap before
{Heap before GC invocations=75 (full 7):
 PSYoungGen      total 200192K, used 199749K [0x00000000f0000000, 0x0000000100000000, 0x0000000100000000)
  eden space 162816K, 100% used [0x00000000f0000000,0x00000000f9f00000,0x00000000f9f00000)
  from space 37376K, 98% used [0x00000000f9f00000,0x00000000fc311490,0x00000000fc380000)
  to   space 52224K, 0% used [0x00000000fcd00000,0x00000000fcd00000,0x0000000100000000)
 ParOldGen       total 111104K, used 94235K [0x00000000d0000000, 0x00000000d6c80000, 0x00000000f0000000)
  object space 111104K, 84% used [0x00000000d0000000,0x00000000d5c06c80,0x00000000d6c80000)
 Metaspace       used 65498K, capacity 66924K, committed 67328K, reserved 1110016K
  class space    used 6594K, capacity 7066K, committed 7168K, reserved 1048576K
Event: 14.632 GC heap after
Heap after GC invocations=75 (full 7):
 PSYoungGen      total 199680K, used 44481K [0x00000000f0000000, 0x0000000100000000, 0x0000000100000000)
  eden space 147456K, 0% used [0x00000000f0000000,0x00000000f0000000,0x00000000f9000000)
  from space 52224K, 85% used [0x00000000fcd00000,0x00000000ff870530,0x0000000100000000)
  to   space 57344K, 0% used [0x00000000f9000000,0x00000000f9000000,0x00000000fc800000)
 ParOldGen       total 111104K, used 94243K [0x00000000d0000000, 0x00000000d6c80000, 0x00000000f0000000)
  object space 111104K, 84% used [0x00000000d0000000,0x00000000d5c08c80,0x00000000d6c80000)
 Metaspace       used 65498K, capacity 66924K, committed 67328K, reserved 1110016K
  class space    used 6594K, capacity 7066K, committed 7168K, reserved 1048576K
}
Event: 15.174 GC heap before
{Heap before GC invocations=76 (full 7):
 PSYoungGen      total 199680K, used 191937K [0x00000000f0000000, 0x0000000100000000, 0x0000000100000000)
  eden space 147456K, 100% used [0x00000000f0000000,0x00000000f9000000,0x00000000f9000000)
  from space 52224K, 85% used [0x00000000fcd00000,0x00000000ff870530,0x0000000100000000)
  to   space 57344K, 0% used [0x00000000f9000000,0x00000000f9000000,0x00000000fc800000)
 ParOldGen       total 111104K, used 94243K [0x00000000d0000000, 0x00000000d6c80000, 0x00000000f0000000)
  object space 111104K, 84% used [0x00000000d0000000,0x00000000d5c08c80,0x00000000d6c80000)
 Metaspace       used 67140K, capacity 68768K, committed 68992K, reserved 1112064K
  class space    used 6710K, capacity 7227K, committed 7296K, reserved 1048576K
Event: 15.202 GC heap after
Heap after GC invocations=76 (full 7):
 PSYoungGen      total 199168K, used 51542K [0x00000000f0000000, 0x0000000100000000, 0x0000000100000000)
  eden space 147456K, 0% used [0x00000000f0000000,0x00000000f0000000,0x00000000f9000000)
  from space 51712K, 99% used [0x00000000f9000000,0x00000000fc255920,0x00000000fc280000)
  to   space 62976K, 0% used [0x00000000fc280000,0x00000000fc280000,0x0000000100000000)
 ParOldGen       total 111104K, used 94251K [0x00000000d0000000, 0x00000000d6c80000, 0x00000000f0000000)
  object space 111104K, 84% used [0x00000000d0000000,0x00000000d5c0ac80,0x00000000d6c80000)
 Metaspace       used 67140K, capacity 68768K, committed 68992K, reserved 1112064K
  class space    used 6710K, capacity 7227K, committed 7296K, reserved 1048576K
}
Event: 15.713 GC heap before
{Heap before GC invocations=77 (full 7):
 PSYoungGen      total 199168K, used 198998K [0x00000000f0000000, 0x0000000100000000, 0x0000000100000000)
  eden space 147456K, 100% used [0x00000000f0000000,0x00000000f9000000,0x00000000f9000000)
  from space 51712K, 99% used [0x00000000f9000000,0x00000000fc255920,0x00000000fc280000)
  to   space 62976K, 0% used [0x00000000fc280000,0x00000000fc280000,0x0000000100000000)
 ParOldGen       total 111104K, used 94251K [0x00000000d0000000, 0x00000000d6c80000, 0x00000000f0000000)
  object space 111104K, 84% used [0x00000000d0000000,0x00000000d5c0ac80,0x00000000d6c80000)
 Metaspace       used 68713K, capacity 70356K, committed 70400K, reserved 1112064K
  class space    used 6842K, capacity 7387K, committed 7424K, reserved 1048576K
Event: 15.743 GC heap after
Heap after GC invocations=77 (full 7):
 PSYoungGen      total 181760K, used 57622K [0x00000000f0000000, 0x0000000100000000, 0x0000000100000000)
  eden space 118784K, 0% used [0x00000000f0000000,0x00000000f0000000,0x00000000f7400000)
  from space 62976K, 91% used [0x00000000fc280000,0x00000000ffac5850,0x0000000100000000)
  to   space 71680K, 0% used [0x00000000f7400000,0x00000000f7400000,0x00000000fba00000)
 ParOldGen       total 111104K, used 95460K [0x00000000d0000000, 0x00000000d6c80000, 0x00000000f0000000)
  object space 111104K, 85% used [0x00000000d0000000,0x00000000d5d39120,0x00000000d6c80000)
 Metaspace       used 68713K, capacity 70356K, committed 70400K, reserved 1112064K
  class space    used 6842K, capacity 7387K, committed 7424K, reserved 1048576K
}
Event: 16.211 GC heap before
{Heap before GC invocations=78 (full 7):
 PSYoungGen      total 181760K, used 176406K [0x00000000f0000000, 0x0000000100000000, 0x0000000100000000)
  eden space 118784K, 100% used [0x00000000f0000000,0x00000000f7400000,0x00000000f7400000)
  from space 62976K, 91% used [0x00000000fc280000,0x00000000ffac5850,0x0000000100000000)
  to   space 71680K, 0% used [0x00000000f7400000,0x00000000f7400000,0x00000000fba00000)
 ParOldGen       total 111104K, used 95460K [0x00000000d0000000, 0x00000000d6c80000, 0x00000000f0000000)
  object space 111104K, 85% used [0x00000000d0000000,0x00000000d5d39120,0x00000000d6c80000)
 Metaspace       used 70909K, capacity 73038K, committed 73088K, reserved 1114112K
  class space    used 7081K, capacity 7768K, committed 7808K, reserved 1048576K
Event: 16.243 GC heap after
Heap after GC invocations=78 (full 7):
 PSYoungGen      total 183808K, used 64608K [0x00000000f0000000, 0x0000000100000000, 0x0000000100000000)
  eden space 118784K, 0% used [0x00000000f0000000,0x00000000f0000000,0x00000000f7400000)
  from space 65024K, 99% used [0x00000000f7400000,0x00000000fb318108,0x00000000fb380000)
  to   space 78336K, 0% used [0x00000000fb380000,0x00000000fb380000,0x0000000100000000)
 ParOldGen       total 111104K, used 95848K [0x00000000d0000000, 0x00000000d6c80000, 0x00000000f0000000)
  object space 111104K, 86% used [0x00000000d0000000,0x00000000d5d9a078,0x00000000d6c80000)
 Metaspace       used 70909K, capacity 73038K, committed 73088K, reserved 1114112K
  class space    used 7081K, capacity 7768K, committed 7808K, reserved 1048576K
}

