# JRE version: Java(TM) SE Runtime Environment (8.0_11-b12) (build 1.8.0_11-b12)
# Java VM: Java HotSpot(TM) 64-Bit Server VM (25.11-b03 mixed mode windows-amd64 compressed oops)
Heap:
 PSYoungGen      total 188928K, used 133213K [0x00000000f0000000, 0x0000000100000000, 0x0000000100000000)
  eden space 115712K, 75% used [0x00000000f0000000,0x00000000f55d5638,0x00000000f7100000)
  from space 73216K, 61% used [0x00000000f7100000,0x00000000f9d41f20,0x00000000fb880000)
  to   space 73216K, 0% used [0x00000000fb880000,0x00000000fb880000,0x0000000100000000)
 ParOldGen       total 133120K, used 112859K [0x00000000d0000000, 0x00000000d8200000, 0x00000000f0000000)
  object space 133120K, 84% used [0x00000000d0000000,0x00000000d6e36fd0,0x00000000d8200000)
 Metaspace       used 70563K, capacity 72202K, committed 72320K, reserved 1114112K
  class space    used 6927K, capacity 7460K, committed 7552K, reserved 1048576K
GC Heap History (10 events):
Event: 16.133 GC heap before
{Heap before GC invocations=77 (full 7):
 PSYoungGen      total 188928K, used 50464K [0x00000000f0000000, 0x0000000100000000, 0x0000000100000000)
  eden space 124928K, 0% used [0x00000000f0000000,0x00000000f0000000,0x00000000f7a00000)
  from space 64000K, 78% used [0x00000000fc180000,0x00000000ff2c8168,0x0000000100000000)
  to   space 68608K, 0% used [0x00000000f7a00000,0x00000000f7a00000,0x00000000fbd00000)
 ParOldGen       total 94720K, used 91553K [0x00000000d0000000, 0x00000000d5c80000, 0x00000000f0000000)
  object space 94720K, 96% used [0x00000000d0000000,0x00000000d59687a8,0x00000000d5c80000)
 Metaspace       used 66152K, capacity 67614K, committed 67968K, reserved 1110016K
  class space    used 6474K, capacity 6948K, committed 7040K, reserved 1048576K
Event: 16.984 GC heap after
Heap after GC invocations=77 (full 7):
 PSYoungGen      total 188928K, used 45668K [0x00000000f0000000, 0x0000000100000000, 0x0000000100000000)
  eden space 124928K, 0% used [0x00000000f0000000,0x00000000f0000000,0x00000000f7a00000)
  from space 64000K, 71% used [0x00000000fc180000,0x00000000fee193f0,0x0000000100000000)
  to   space 68608K, 0% used [0x00000000f7a00000,0x00000000f7a00000,0x00000000fbd00000)
 ParOldGen       total 112128K, used 94522K [0x00000000d0000000, 0x00000000d6d80000, 0x00000000f0000000)
  object space 112128K, 84% used [0x00000000d0000000,0x00000000d5c4e898,0x00000000d6d80000)
 Metaspace       used 66152K, capacity 67614K, committed 67968K, reserved 1110016K
  class space    used 6474K, capacity 6948K, committed 7040K, reserved 1048576K
}
Event: 17.421 GC heap before
{Heap before GC invocations=78 (full 7):
 PSYoungGen      total 188928K, used 170596K [0x00000000f0000000, 0x0000000100000000, 0x0000000100000000)
  eden space 124928K, 100% used [0x00000000f0000000,0x00000000f7a00000,0x00000000f7a00000)
  from space 64000K, 71% used [0x00000000fc180000,0x00000000fee193f0,0x0000000100000000)
  to   space 68608K, 0% used [0x00000000f7a00000,0x00000000f7a00000,0x00000000fbd00000)
 ParOldGen       total 112128K, used 94522K [0x00000000d0000000, 0x00000000d6d80000, 0x00000000f0000000)
  object space 112128K, 84% used [0x00000000d0000000,0x00000000d5c4e898,0x00000000d6d80000)
 Metaspace       used 67619K, capacity 69040K, committed 69376K, reserved 1112064K
  class space    used 6696K, capacity 7145K, committed 7168K, reserved 1048576K
Event: 17.447 GC heap after
Heap after GC invocations=78 (full 7):
 PSYoungGen      total 171008K, used 45835K [0x00000000f0000000, 0x0000000100000000, 0x0000000100000000)
  eden space 124928K, 0% used [0x00000000f0000000,0x00000000f0000000,0x00000000f7a00000)
  from space 46080K, 99% used [0x00000000f7a00000,0x00000000fa6c2c88,0x00000000fa700000)
  to   space 70656K, 0% used [0x00000000fbb00000,0x00000000fbb00000,0x0000000100000000)
 ParOldGen       total 112128K, used 101688K [0x00000000d0000000, 0x00000000d6d80000, 0x00000000f0000000)
  object space 112128K, 90% used [0x00000000d0000000,0x00000000d634e248,0x00000000d6d80000)
 Metaspace       used 67619K, capacity 69040K, committed 69376K, reserved 1112064K
  class space    used 6696K, capacity 7145K, committed 7168K, reserved 1048576K
}
Event: 17.817 GC heap before
{Heap before GC invocations=79 (full 7):
 PSYoungGen      total 171008K, used 170763K [0x00000000f0000000, 0x0000000100000000, 0x0000000100000000)
  eden space 124928K, 100% used [0x00000000f0000000,0x00000000f7a00000,0x00000000f7a00000)
  from space 46080K, 99% used [0x00000000f7a00000,0x00000000fa6c2c88,0x00000000fa700000)
  to   space 70656K, 0% used [0x00000000fbb00000,0x00000000fbb00000,0x0000000100000000)
 ParOldGen       total 112128K, used 101688K [0x00000000d0000000, 0x00000000d6d80000, 0x00000000f0000000)
  object space 112128K, 90% used [0x00000000d0000000,0x00000000d634e248,0x00000000d6d80000)
 Metaspace       used 68323K, capacity 69832K, committed 70272K, reserved 1112064K
  class space    used 6742K, capacity 7215K, committed 7296K, reserved 1048576K
Event: 17.843 GC heap after
Heap after GC invocations=79 (full 7):
 PSYoungGen      total 186368K, used 48934K [0x00000000f0000000, 0x0000000100000000, 0x0000000100000000)
  eden space 115712K, 0% used [0x00000000f0000000,0x00000000f0000000,0x00000000f7100000)
  from space 70656K, 69% used [0x00000000fbb00000,0x00000000feac9848,0x0000000100000000)
  to   space 73216K, 0% used [0x00000000f7100000,0x00000000f7100000,0x00000000fb880000)
 ParOldGen       total 112128K, used 103830K [0x00000000d0000000, 0x00000000d6d80000, 0x00000000f0000000)
  object space 112128K, 92% used [0x00000000d0000000,0x00000000d65658e8,0x00000000d6d80000)
 Metaspace       used 68323K, capacity 69832K, committed 70272K, reserved 1112064K
  class space    used 6742K, capacity 7215K, committed 7296K, reserved 1048576K
}
Event: 17.843 GC heap before
{Heap before GC invocations=80 (full 8):
 PSYoungGen      total 186368K, used 48934K [0x00000000f0000000, 0x0000000100000000, 0x0000000100000000)
  eden space 115712K, 0% used [0x00000000f0000000,0x00000000f0000000,0x00000000f7100000)
  from space 70656K, 69% used [0x00000000fbb00000,0x00000000feac9848,0x0000000100000000)
  to   space 73216K, 0% used [0x00000000f7100000,0x00000000f7100000,0x00000000fb880000)
 ParOldGen       total 112128K, used 103830K [0x00000000d0000000, 0x00000000d6d80000, 0x00000000f0000000)
  object space 112128K, 92% used [0x00000000d0000000,0x00000000d65658e8,0x00000000d6d80000)
 Metaspace       used 68323K, capacity 69832K, committed 70272K, reserved 1112064K
  class space    used 6742K, capacity 7215K, committed 7296K, reserved 1048576K
Event: 18.312 GC heap after
Heap after GC invocations=80 (full 8):
 PSYoungGen      total 186368K, used 39844K [0x00000000f0000000, 0x0000000100000000, 0x0000000100000000)
  eden space 115712K, 0% used [0x00000000f0000000,0x00000000f0000000,0x00000000f7100000)
  from space 70656K, 56% used [0x00000000fbb00000,0x00000000fe1e9348,0x0000000100000000)
  to   space 73216K, 0% used [0x00000000f7100000,0x00000000f7100000,0x00000000fb880000)
 ParOldGen       total 133120K, used 112014K [0x00000000d0000000, 0x00000000d8200000, 0x00000000f0000000)
  object space 133120K, 84% used [0x00000000d0000000,0x00000000d6d63810,0x00000000d8200000)
 Metaspace       used 68323K, capacity 69832K, committed 70272K, reserved 1112064K
  class space    used 6742K, capacity 7215K, committed 7296K, reserved 1048576K
}
Event: 18.968 GC heap before
{Heap before GC invocations=81 (full 8):
 PSYoungGen      total 186368K, used 155556K [0x00000000f0000000, 0x0000000100000000, 0x0000000100000000)
  eden space 115712K, 100% used [0x00000000f0000000,0x00000000f7100000,0x00000000f7100000)
  from space 70656K, 56% used [0x00000000fbb00000,0x00000000fe1e9348,0x0000000100000000)
  to   space 73216K, 0% used [0x00000000f7100000,0x00000000f7100000,0x00000000fb880000)
 ParOldGen       total 133120K, used 112014K [0x00000000d0000000, 0x00000000d8200000, 0x00000000f0000000)
  object space 133120K, 84% used [0x00000000d0000000,0x00000000d6d63810,0x00000000d8200000)
 Metaspace       used 69662K, capacity 71268K, committed 71424K, reserved 1114112K
  class space    used 6835K, capacity 7318K, committed 7424K, reserved 1048576K
Event: 19.004 GC heap after
Heap after GC invocations=81 (full 8):
 PSYoungGen      total 188928K, used 45319K [0x00000000f0000000, 0x0000000100000000, 0x0000000100000000)
  eden space 115712K, 0% used [0x00000000f0000000,0x00000000f0000000,0x00000000f7100000)
  from space 73216K, 61% used [0x00000000f7100000,0x00000000f9d41f20,0x00000000fb880000)
  to   space 73216K, 0% used [0x00000000fb880000,0x00000000fb880000,0x0000000100000000)
 ParOldGen       total 133120K, used 112859K [0x00000000d0000000, 0x00000000d8200000, 0x00000000f0000000)
  object space 133120K, 84% used [0x00000000d0000000,0x00000000d6e36fd0,0x00000000d8200000)
 Metaspace       used 69662K, capacity 71268K, committed 71424K, reserved 1114112K
  class space    used 6835K, capacity 7318K, committed 7424K, reserved 1048576K
}

